<?xml version="1.0" encoding="UTF-8"?>
<TestRun id="78477bf3-dbcf-4da7-9791-64db5c75718c" name="Caje@CAJENMINI 2010-11-18 15:30:30" runUser="CajenMini\Caje" xmlns="http://microsoft.com/schemas/VisualStudio/TeamTest/2010">
  <TestSettings name="Local" id="74c20c05-f50f-4bcf-9ac8-c4ec1b633eca">
    <Description>These are default test settings for a local test run.</Description>
    <Deployment enabled="false" runDeploymentRoot="Caje_CAJENMINI 2010-11-18 15_30_30" />
    <Execution>
      <TestTypeSpecific />
      <AgentRule name="Execution Agents">
      </AgentRule>
    </Execution>
  </TestSettings>
  <Times creation="2010-11-18T15:30:30.8304256+02:00" queuing="2010-11-18T15:30:31.5254654+02:00" start="2010-11-18T15:30:32.0994982+02:00" finish="2010-11-18T15:30:33.7115904+02:00" />
  <ResultSummary outcome="Completed">
    <Counters total="23" executed="23" passed="23" error="0" failed="0" timeout="0" aborted="0" inconclusive="0" passedButRunAborted="0" notRunnable="0" notExecuted="0" disconnected="0" warning="0" completed="0" inProgress="0" pending="0" />
  </ResultSummary>
  <TestDefinitions>
    <UnitTest name="Validate_Identity_type_of_guid_with_generated_guid_validation_should_be_valid" storage="d:\development\excitingcode\ec entity validation engine demo\validationenginetests\bin\debug\validationenginetests.dll" id="c85756af-d8df-309a-718b-1db3cb2f0957">
      <Execution timeOut="1800000" id="6e2a77fc-fdda-46f0-8753-1a71c08a4eeb" />
      <TestMethod codeBase="D:/Development/ExcitingCode/EC Entity Validation Engine demo/ValidationEngineTests/bin/Debug/ValidationEngineTests.DLL" adapterTypeName="Microsoft.VisualStudio.TestTools.TestTypes.Unit.UnitTestAdapter, Microsoft.VisualStudio.QualityTools.Tips.UnitTest.Adapter, Version=10.0.0.0, Culture=neutral, PublicKeyToken=b03f5f7f11d50a3a" className="ValidationEngineTests.Validation.BusinessRules.IdentityValidationRuleTest, ValidationEngineTests, Version=1.0.0.0, Culture=neutral, PublicKeyToken=null" name="Validate_Identity_type_of_guid_with_generated_guid_validation_should_be_valid" />
    </UnitTest>
    <UnitTest name="Validate_Identity_type_of_guid_with_empty_guid_validation_should_be_invalid" storage="d:\development\excitingcode\ec entity validation engine demo\validationenginetests\bin\debug\validationenginetests.dll" id="2b1f701b-dcc5-79a3-5f1b-3f8b88617b22">
      <Execution timeOut="1800000" id="a80a248b-908d-4268-b2a1-915d49939aac" />
      <TestMethod codeBase="D:/Development/ExcitingCode/EC Entity Validation Engine demo/ValidationEngineTests/bin/Debug/ValidationEngineTests.DLL" adapterTypeName="Microsoft.VisualStudio.TestTools.TestTypes.Unit.UnitTestAdapter, Microsoft.VisualStudio.QualityTools.Tips.UnitTest.Adapter, Version=10.0.0.0, Culture=neutral, PublicKeyToken=b03f5f7f11d50a3a" className="ValidationEngineTests.Validation.BusinessRules.IdentityValidationRuleTest, ValidationEngineTests, Version=1.0.0.0, Culture=neutral, PublicKeyToken=null" name="Validate_Identity_type_of_guid_with_empty_guid_validation_should_be_invalid" />
    </UnitTest>
    <UnitTest name="Validate_property_by_name_with_positive_integer_should_be_valid" storage="d:\development\excitingcode\ec entity validation engine demo\validationenginetests\bin\debug\validationenginetests.dll" id="2e9453f1-a56e-4022-9115-f9b55d663bb8">
      <Execution timeOut="1800000" id="c2efeeeb-ae79-46fe-99b7-8360ea731cba" />
      <TestMethod codeBase="D:/Development/ExcitingCode/EC Entity Validation Engine demo/ValidationEngineTests/bin/Debug/ValidationEngineTests.DLL" adapterTypeName="Microsoft.VisualStudio.TestTools.TestTypes.Unit.UnitTestAdapter, Microsoft.VisualStudio.QualityTools.Tips.UnitTest.Adapter, Version=10.0.0.0, Culture=neutral, PublicKeyToken=b03f5f7f11d50a3a" className="ValidationEngineTests.BusinessObjects.CustomerEntityTest, ValidationEngineTests, Version=1.0.0.0, Culture=neutral, PublicKeyToken=null" name="Validate_property_by_name_with_positive_integer_should_be_valid" />
    </UnitTest>
    <UnitTest name="Validate_business_entitys_Name_property_without_business_rule_attached_to_it_should_be_valid" storage="d:\development\excitingcode\ec entity validation engine demo\validationenginetests\bin\debug\validationenginetests.dll" id="ca18ef9f-2acd-41f6-d6c0-d19c0f3c53f0">
      <Execution timeOut="1800000" id="acece142-4893-4ad3-a12c-63cbb2bfad7b" />
      <TestMethod codeBase="D:/Development/ExcitingCode/EC Entity Validation Engine demo/ValidationEngineTests/bin/Debug/ValidationEngineTests.DLL" adapterTypeName="Microsoft.VisualStudio.TestTools.TestTypes.Unit.UnitTestAdapter, Microsoft.VisualStudio.QualityTools.Tips.UnitTest.Adapter, Version=10.0.0.0, Culture=neutral, PublicKeyToken=b03f5f7f11d50a3a" className="ValidationEngineTests.Validation.ValidableObjectBaseTest, ValidationEngineTests, Version=1.0.0.0, Culture=neutral, PublicKeyToken=null" name="Validate_business_entitys_Name_property_without_business_rule_attached_to_it_should_be_valid" />
    </UnitTest>
    <UnitTest name="Validate_Identity_type_of_integer_with_0_value_validation_should_be_valid" storage="d:\development\excitingcode\ec entity validation engine demo\validationenginetests\bin\debug\validationenginetests.dll" id="8be068d6-4645-00ea-3854-df9a2dc75d10">
      <Execution timeOut="1800000" id="d0018519-e532-41bd-979a-bab0250555af" />
      <TestMethod codeBase="D:/Development/ExcitingCode/EC Entity Validation Engine demo/ValidationEngineTests/bin/Debug/ValidationEngineTests.DLL" adapterTypeName="Microsoft.VisualStudio.TestTools.TestTypes.Unit.UnitTestAdapter, Microsoft.VisualStudio.QualityTools.Tips.UnitTest.Adapter, Version=10.0.0.0, Culture=neutral, PublicKeyToken=b03f5f7f11d50a3a" className="ValidationEngineTests.Validation.BusinessRules.IdentityValidationRuleTest, ValidationEngineTests, Version=1.0.0.0, Culture=neutral, PublicKeyToken=null" name="Validate_Identity_type_of_integer_with_0_value_validation_should_be_valid" />
    </UnitTest>
    <UnitTest name="Get_detailed_error_message_with_custom_message_should_return_defined_custom_message" storage="d:\development\excitingcode\ec entity validation engine demo\validationenginetests\bin\debug\validationenginetests.dll" id="585bace6-6844-f6af-5cfe-21dcab184ffd">
      <Execution timeOut="1800000" id="dcbb4f30-c2e0-41e5-99d5-785687e8abc6" />
      <TestMethod codeBase="D:/Development/ExcitingCode/EC Entity Validation Engine demo/ValidationEngineTests/bin/Debug/ValidationEngineTests.DLL" adapterTypeName="Microsoft.VisualStudio.TestTools.TestTypes.Unit.UnitTestAdapter, Microsoft.VisualStudio.QualityTools.Tips.UnitTest.Adapter, Version=10.0.0.0, Culture=neutral, PublicKeyToken=b03f5f7f11d50a3a" className="ValidationEngineTests.Validation.ErrorObjectTest, ValidationEngineTests, Version=1.0.0.0, Culture=neutral, PublicKeyToken=null" name="Get_detailed_error_message_with_custom_message_should_return_defined_custom_message" />
    </UnitTest>
    <UnitTest name="Validate_property_by_name_with_zero_should_be_valid" storage="d:\development\excitingcode\ec entity validation engine demo\validationenginetests\bin\debug\validationenginetests.dll" id="dc5215bc-e70d-f9e5-a6e2-efba78fa7dca">
      <Execution timeOut="1800000" id="f7db8e20-b5b6-49dc-8b5d-fffb5ff2167c" />
      <TestMethod codeBase="D:/Development/ExcitingCode/EC Entity Validation Engine demo/ValidationEngineTests/bin/Debug/ValidationEngineTests.DLL" adapterTypeName="Microsoft.VisualStudio.TestTools.TestTypes.Unit.UnitTestAdapter, Microsoft.VisualStudio.QualityTools.Tips.UnitTest.Adapter, Version=10.0.0.0, Culture=neutral, PublicKeyToken=b03f5f7f11d50a3a" className="ValidationEngineTests.BusinessObjects.CustomerEntityTest, ValidationEngineTests, Version=1.0.0.0, Culture=neutral, PublicKeyToken=null" name="Validate_property_by_name_with_zero_should_be_valid" />
    </UnitTest>
    <UnitTest name="Validate_empty_property_type_of_string_with_any_value_should_be_invalid" storage="d:\development\excitingcode\ec entity validation engine demo\validationenginetests\bin\debug\validationenginetests.dll" id="428a0973-3a79-a17c-d810-a7d77f163454">
      <Execution timeOut="1800000" id="40a2ec39-d21e-45c7-9d7d-fecb7dc3eca4" />
      <TestMethod codeBase="D:/Development/ExcitingCode/EC Entity Validation Engine demo/ValidationEngineTests/bin/Debug/ValidationEngineTests.DLL" adapterTypeName="Microsoft.VisualStudio.TestTools.TestTypes.Unit.UnitTestAdapter, Microsoft.VisualStudio.QualityTools.Tips.UnitTest.Adapter, Version=10.0.0.0, Culture=neutral, PublicKeyToken=b03f5f7f11d50a3a" className="ValidationEngineTests.Validation.BusinessRules.RegexValidationRuleTest, ValidationEngineTests, Version=1.0.0.0, Culture=neutral, PublicKeyToken=null" name="Validate_empty_property_type_of_string_with_any_value_should_be_invalid" />
    </UnitTest>
    <UnitTest name="Validate_business_entitys_ID_property_with_mocked_validation_rule_should_be_valid" storage="d:\development\excitingcode\ec entity validation engine demo\validationenginetests\bin\debug\validationenginetests.dll" id="5ab84a24-a2b8-c1c0-dc44-d63064ed191c">
      <Execution timeOut="1800000" id="3dcc2199-67e4-4264-b10a-3756c35fb241" />
      <TestMethod codeBase="D:/Development/ExcitingCode/EC Entity Validation Engine demo/ValidationEngineTests/bin/Debug/ValidationEngineTests.DLL" adapterTypeName="Microsoft.VisualStudio.TestTools.TestTypes.Unit.UnitTestAdapter, Microsoft.VisualStudio.QualityTools.Tips.UnitTest.Adapter, Version=10.0.0.0, Culture=neutral, PublicKeyToken=b03f5f7f11d50a3a" className="ValidationEngineTests.Validation.ValidableObjectBaseTest, ValidationEngineTests, Version=1.0.0.0, Culture=neutral, PublicKeyToken=null" name="Validate_business_entitys_ID_property_with_mocked_validation_rule_should_be_valid" />
    </UnitTest>
    <UnitTest name="Get_detailer_error_message_with_default_error_message" storage="d:\development\excitingcode\ec entity validation engine demo\validationenginetests\bin\debug\validationenginetests.dll" id="a3b68e13-b1a2-2ab1-0624-177a6558a465">
      <Execution timeOut="1800000" id="a23798ba-86a3-4fcc-bbfd-c6afa1c9dfb5" />
      <TestMethod codeBase="D:/Development/ExcitingCode/EC Entity Validation Engine demo/ValidationEngineTests/bin/Debug/ValidationEngineTests.DLL" adapterTypeName="Microsoft.VisualStudio.TestTools.TestTypes.Unit.UnitTestAdapter, Microsoft.VisualStudio.QualityTools.Tips.UnitTest.Adapter, Version=10.0.0.0, Culture=neutral, PublicKeyToken=b03f5f7f11d50a3a" className="ValidationEngineTests.Validation.ErrorObjectTest, ValidationEngineTests, Version=1.0.0.0, Culture=neutral, PublicKeyToken=null" name="Get_detailer_error_message_with_default_error_message" />
    </UnitTest>
    <UnitTest name="Validate_business_entitys_Id_property_with_mocked_validation_rule_should_be_invalid_and_new_validation_error_should_be_added_to_the_entity" storage="d:\development\excitingcode\ec entity validation engine demo\validationenginetests\bin\debug\validationenginetests.dll" id="16af2272-5959-6399-6a7e-40f5cd01cff4">
      <Execution timeOut="1800000" id="ffdd1fec-f00d-461f-b316-3ed889c401b6" />
      <TestMethod codeBase="D:/Development/ExcitingCode/EC Entity Validation Engine demo/ValidationEngineTests/bin/Debug/ValidationEngineTests.DLL" adapterTypeName="Microsoft.VisualStudio.TestTools.TestTypes.Unit.UnitTestAdapter, Microsoft.VisualStudio.QualityTools.Tips.UnitTest.Adapter, Version=10.0.0.0, Culture=neutral, PublicKeyToken=b03f5f7f11d50a3a" className="ValidationEngineTests.Validation.ValidableObjectBaseTest, ValidationEngineTests, Version=1.0.0.0, Culture=neutral, PublicKeyToken=null" name="Validate_business_entitys_Id_property_with_mocked_validation_rule_should_be_invalid_and_new_validation_error_should_be_added_to_the_entity" />
    </UnitTest>
    <UnitTest name="Validate_empty_property_type_of_string_with_empty_expression_should_be_invalid" storage="d:\development\excitingcode\ec entity validation engine demo\validationenginetests\bin\debug\validationenginetests.dll" id="7771b7ca-1f26-c65b-0242-1406562d444a">
      <Execution timeOut="1800000" id="8a75afae-f15d-4586-a73a-0b286b979823" />
      <TestMethod codeBase="D:/Development/ExcitingCode/EC Entity Validation Engine demo/ValidationEngineTests/bin/Debug/ValidationEngineTests.DLL" adapterTypeName="Microsoft.VisualStudio.TestTools.TestTypes.Unit.UnitTestAdapter, Microsoft.VisualStudio.QualityTools.Tips.UnitTest.Adapter, Version=10.0.0.0, Culture=neutral, PublicKeyToken=b03f5f7f11d50a3a" className="ValidationEngineTests.Validation.BusinessRules.RegexValidationRuleTest, ValidationEngineTests, Version=1.0.0.0, Culture=neutral, PublicKeyToken=null" name="Validate_empty_property_type_of_string_with_empty_expression_should_be_invalid" />
    </UnitTest>
    <UnitTest name="Add_new_rule_to_entity_and_it_is_attached_to_rule_list" storage="d:\development\excitingcode\ec entity validation engine demo\validationenginetests\bin\debug\validationenginetests.dll" id="175a2262-5f6b-035b-0689-c77700c4b2af">
      <Execution timeOut="1800000" id="e717c854-e98e-45a0-b460-50ab74f99c08" />
      <TestMethod codeBase="D:/Development/ExcitingCode/EC Entity Validation Engine demo/ValidationEngineTests/bin/Debug/ValidationEngineTests.DLL" adapterTypeName="Microsoft.VisualStudio.TestTools.TestTypes.Unit.UnitTestAdapter, Microsoft.VisualStudio.QualityTools.Tips.UnitTest.Adapter, Version=10.0.0.0, Culture=neutral, PublicKeyToken=b03f5f7f11d50a3a" className="ValidationEngineTests.Validation.ValidableObjectBaseTest, ValidationEngineTests, Version=1.0.0.0, Culture=neutral, PublicKeyToken=null" name="Add_new_rule_to_entity_and_it_is_attached_to_rule_list" />
    </UnitTest>
    <UnitTest name="Validate_property_type_of_string_with_empty_expression_should_be_invalid" storage="d:\development\excitingcode\ec entity validation engine demo\validationenginetests\bin\debug\validationenginetests.dll" id="2a3ed8ce-e9b2-d37a-a29a-ca2b7c0638d6">
      <Execution timeOut="1800000" id="1eac4d67-8eba-46c7-b9d7-202778adf9ca" />
      <TestMethod codeBase="D:/Development/ExcitingCode/EC Entity Validation Engine demo/ValidationEngineTests/bin/Debug/ValidationEngineTests.DLL" adapterTypeName="Microsoft.VisualStudio.TestTools.TestTypes.Unit.UnitTestAdapter, Microsoft.VisualStudio.QualityTools.Tips.UnitTest.Adapter, Version=10.0.0.0, Culture=neutral, PublicKeyToken=b03f5f7f11d50a3a" className="ValidationEngineTests.Validation.BusinessRules.RegexValidationRuleTest, ValidationEngineTests, Version=1.0.0.0, Culture=neutral, PublicKeyToken=null" name="Validate_property_type_of_string_with_empty_expression_should_be_invalid" />
    </UnitTest>
    <UnitTest name="Validate_with_positive_integer_should_be_valid" storage="d:\development\excitingcode\ec entity validation engine demo\validationenginetests\bin\debug\validationenginetests.dll" id="4ee4bdbf-3fb2-9b9e-9045-b784ad7764ec">
      <Execution timeOut="1800000" id="34aa5cc5-5b6a-41db-9cad-4cd5f322a51f" />
      <TestMethod codeBase="D:/Development/ExcitingCode/EC Entity Validation Engine demo/ValidationEngineTests/bin/Debug/ValidationEngineTests.DLL" adapterTypeName="Microsoft.VisualStudio.TestTools.TestTypes.Unit.UnitTestAdapter, Microsoft.VisualStudio.QualityTools.Tips.UnitTest.Adapter, Version=10.0.0.0, Culture=neutral, PublicKeyToken=b03f5f7f11d50a3a" className="ValidationEngineTests.BusinessObjects.CustomerEntityTest, ValidationEngineTests, Version=1.0.0.0, Culture=neutral, PublicKeyToken=null" name="Validate_with_positive_integer_should_be_valid" />
    </UnitTest>
    <UnitTest name="Validate_Identity_type_of_integer_with_negative_value_validation_should_return_be_invalid" storage="d:\development\excitingcode\ec entity validation engine demo\validationenginetests\bin\debug\validationenginetests.dll" id="1b05c7be-991f-7138-4ea7-1bf9c9cd13a5">
      <Execution timeOut="1800000" id="89cf59fa-2907-4a37-9bc6-f61be380f45f" />
      <TestMethod codeBase="D:/Development/ExcitingCode/EC Entity Validation Engine demo/ValidationEngineTests/bin/Debug/ValidationEngineTests.DLL" adapterTypeName="Microsoft.VisualStudio.TestTools.TestTypes.Unit.UnitTestAdapter, Microsoft.VisualStudio.QualityTools.Tips.UnitTest.Adapter, Version=10.0.0.0, Culture=neutral, PublicKeyToken=b03f5f7f11d50a3a" className="ValidationEngineTests.Validation.BusinessRules.IdentityValidationRuleTest, ValidationEngineTests, Version=1.0.0.0, Culture=neutral, PublicKeyToken=null" name="Validate_Identity_type_of_integer_with_negative_value_validation_should_return_be_invalid" />
    </UnitTest>
    <UnitTest name="Validate_Identity_type_of_integer_with_postive_value_validation_should_be_valid" storage="d:\development\excitingcode\ec entity validation engine demo\validationenginetests\bin\debug\validationenginetests.dll" id="d48827ce-85ae-a1ab-89c8-074dbccd0ab5">
      <Execution timeOut="1800000" id="7d48641b-5e52-485f-8331-1ed681443804" />
      <TestMethod codeBase="D:/Development/ExcitingCode/EC Entity Validation Engine demo/ValidationEngineTests/bin/Debug/ValidationEngineTests.DLL" adapterTypeName="Microsoft.VisualStudio.TestTools.TestTypes.Unit.UnitTestAdapter, Microsoft.VisualStudio.QualityTools.Tips.UnitTest.Adapter, Version=10.0.0.0, Culture=neutral, PublicKeyToken=b03f5f7f11d50a3a" className="ValidationEngineTests.Validation.BusinessRules.IdentityValidationRuleTest, ValidationEngineTests, Version=1.0.0.0, Culture=neutral, PublicKeyToken=null" name="Validate_Identity_type_of_integer_with_postive_value_validation_should_be_valid" />
    </UnitTest>
    <UnitTest name="Validate_business_entity_with_mocked_validation_rule_should_be_valid" storage="d:\development\excitingcode\ec entity validation engine demo\validationenginetests\bin\debug\validationenginetests.dll" id="abb2acfb-de92-0280-d1cd-8dc4ac1cc3c6">
      <Execution timeOut="1800000" id="5088887e-ce97-49df-9cb1-6c9443c2bcda" />
      <TestMethod codeBase="D:/Development/ExcitingCode/EC Entity Validation Engine demo/ValidationEngineTests/bin/Debug/ValidationEngineTests.DLL" adapterTypeName="Microsoft.VisualStudio.TestTools.TestTypes.Unit.UnitTestAdapter, Microsoft.VisualStudio.QualityTools.Tips.UnitTest.Adapter, Version=10.0.0.0, Culture=neutral, PublicKeyToken=b03f5f7f11d50a3a" className="ValidationEngineTests.Validation.ValidableObjectBaseTest, ValidationEngineTests, Version=1.0.0.0, Culture=neutral, PublicKeyToken=null" name="Validate_business_entity_with_mocked_validation_rule_should_be_valid" />
    </UnitTest>
    <UnitTest name="Validate_business_entity_with_mocked_validation_rule_should_be_invalid_and_new_validation_error_should_be_added_to_the_entity" storage="d:\development\excitingcode\ec entity validation engine demo\validationenginetests\bin\debug\validationenginetests.dll" id="bf2e6db4-e816-74eb-de61-c5d12281291a">
      <Execution timeOut="1800000" id="b9c8ef36-b033-4014-86cb-22c2ef67885e" />
      <TestMethod codeBase="D:/Development/ExcitingCode/EC Entity Validation Engine demo/ValidationEngineTests/bin/Debug/ValidationEngineTests.DLL" adapterTypeName="Microsoft.VisualStudio.TestTools.TestTypes.Unit.UnitTestAdapter, Microsoft.VisualStudio.QualityTools.Tips.UnitTest.Adapter, Version=10.0.0.0, Culture=neutral, PublicKeyToken=b03f5f7f11d50a3a" className="ValidationEngineTests.Validation.ValidableObjectBaseTest, ValidationEngineTests, Version=1.0.0.0, Culture=neutral, PublicKeyToken=null" name="Validate_business_entity_with_mocked_validation_rule_should_be_invalid_and_new_validation_error_should_be_added_to_the_entity" />
    </UnitTest>
    <UnitTest name="Validate_property_by_name_with_negative_integer_should_be_invalid" storage="d:\development\excitingcode\ec entity validation engine demo\validationenginetests\bin\debug\validationenginetests.dll" id="a1a13cff-fde0-c516-bf6d-c6adc6a5cb6b">
      <Execution timeOut="1800000" id="1dbe30dd-39d6-4a51-8765-e151cd012f15" />
      <TestMethod codeBase="D:/Development/ExcitingCode/EC Entity Validation Engine demo/ValidationEngineTests/bin/Debug/ValidationEngineTests.DLL" adapterTypeName="Microsoft.VisualStudio.TestTools.TestTypes.Unit.UnitTestAdapter, Microsoft.VisualStudio.QualityTools.Tips.UnitTest.Adapter, Version=10.0.0.0, Culture=neutral, PublicKeyToken=b03f5f7f11d50a3a" className="ValidationEngineTests.BusinessObjects.CustomerEntityTest, ValidationEngineTests, Version=1.0.0.0, Culture=neutral, PublicKeyToken=null" name="Validate_property_by_name_with_negative_integer_should_be_invalid" />
    </UnitTest>
    <UnitTest name="Validate_property_type_of_string_with_any_value_should_be_valid" storage="d:\development\excitingcode\ec entity validation engine demo\validationenginetests\bin\debug\validationenginetests.dll" id="28338078-4d35-b7ed-4447-2b91687f6a97">
      <Execution timeOut="1800000" id="4ba04a25-7aa7-49b2-b150-06b076ad4a45" />
      <TestMethod codeBase="D:/Development/ExcitingCode/EC Entity Validation Engine demo/ValidationEngineTests/bin/Debug/ValidationEngineTests.DLL" adapterTypeName="Microsoft.VisualStudio.TestTools.TestTypes.Unit.UnitTestAdapter, Microsoft.VisualStudio.QualityTools.Tips.UnitTest.Adapter, Version=10.0.0.0, Culture=neutral, PublicKeyToken=b03f5f7f11d50a3a" className="ValidationEngineTests.Validation.BusinessRules.RegexValidationRuleTest, ValidationEngineTests, Version=1.0.0.0, Culture=neutral, PublicKeyToken=null" name="Validate_property_type_of_string_with_any_value_should_be_valid" />
    </UnitTest>
    <UnitTest name="Validate_with_negative_integer_should_be_invalid" storage="d:\development\excitingcode\ec entity validation engine demo\validationenginetests\bin\debug\validationenginetests.dll" id="0999911f-b63f-b651-77d2-ac6439ca1f0e">
      <Execution timeOut="1800000" id="ca11e9ea-9d48-46c4-ab60-d4c42fb5220e" />
      <TestMethod codeBase="D:/Development/ExcitingCode/EC Entity Validation Engine demo/ValidationEngineTests/bin/Debug/ValidationEngineTests.DLL" adapterTypeName="Microsoft.VisualStudio.TestTools.TestTypes.Unit.UnitTestAdapter, Microsoft.VisualStudio.QualityTools.Tips.UnitTest.Adapter, Version=10.0.0.0, Culture=neutral, PublicKeyToken=b03f5f7f11d50a3a" className="ValidationEngineTests.BusinessObjects.CustomerEntityTest, ValidationEngineTests, Version=1.0.0.0, Culture=neutral, PublicKeyToken=null" name="Validate_with_negative_integer_should_be_invalid" />
    </UnitTest>
    <UnitTest name="Validate_with_zero_should_be_valid" storage="d:\development\excitingcode\ec entity validation engine demo\validationenginetests\bin\debug\validationenginetests.dll" id="4ec799e2-1c8e-3017-d90f-30d351e22019">
      <Execution timeOut="1800000" id="dd5e2897-3ef1-4a61-b604-8873e4d4644e" />
      <TestMethod codeBase="D:/Development/ExcitingCode/EC Entity Validation Engine demo/ValidationEngineTests/bin/Debug/ValidationEngineTests.DLL" adapterTypeName="Microsoft.VisualStudio.TestTools.TestTypes.Unit.UnitTestAdapter, Microsoft.VisualStudio.QualityTools.Tips.UnitTest.Adapter, Version=10.0.0.0, Culture=neutral, PublicKeyToken=b03f5f7f11d50a3a" className="ValidationEngineTests.BusinessObjects.CustomerEntityTest, ValidationEngineTests, Version=1.0.0.0, Culture=neutral, PublicKeyToken=null" name="Validate_with_zero_should_be_valid" />
    </UnitTest>
  </TestDefinitions>
  <TestLists>
    <TestList name="Results Not in a List" id="8c84fa94-04c1-424b-9868-57a2d4851a1d" />
    <TestList name="All Loaded Results" id="19431567-8539-422a-85d7-44ee4e166bda" />
  </TestLists>
  <TestEntries>
    <TestEntry testId="a1a13cff-fde0-c516-bf6d-c6adc6a5cb6b" executionId="1dbe30dd-39d6-4a51-8765-e151cd012f15" testListId="8c84fa94-04c1-424b-9868-57a2d4851a1d" />
    <TestEntry testId="2e9453f1-a56e-4022-9115-f9b55d663bb8" executionId="c2efeeeb-ae79-46fe-99b7-8360ea731cba" testListId="8c84fa94-04c1-424b-9868-57a2d4851a1d" />
    <TestEntry testId="dc5215bc-e70d-f9e5-a6e2-efba78fa7dca" executionId="f7db8e20-b5b6-49dc-8b5d-fffb5ff2167c" testListId="8c84fa94-04c1-424b-9868-57a2d4851a1d" />
    <TestEntry testId="0999911f-b63f-b651-77d2-ac6439ca1f0e" executionId="ca11e9ea-9d48-46c4-ab60-d4c42fb5220e" testListId="8c84fa94-04c1-424b-9868-57a2d4851a1d" />
    <TestEntry testId="4ee4bdbf-3fb2-9b9e-9045-b784ad7764ec" executionId="34aa5cc5-5b6a-41db-9cad-4cd5f322a51f" testListId="8c84fa94-04c1-424b-9868-57a2d4851a1d" />
    <TestEntry testId="4ec799e2-1c8e-3017-d90f-30d351e22019" executionId="dd5e2897-3ef1-4a61-b604-8873e4d4644e" testListId="8c84fa94-04c1-424b-9868-57a2d4851a1d" />
    <TestEntry testId="2b1f701b-dcc5-79a3-5f1b-3f8b88617b22" executionId="a80a248b-908d-4268-b2a1-915d49939aac" testListId="8c84fa94-04c1-424b-9868-57a2d4851a1d" />
    <TestEntry testId="c85756af-d8df-309a-718b-1db3cb2f0957" executionId="6e2a77fc-fdda-46f0-8753-1a71c08a4eeb" testListId="8c84fa94-04c1-424b-9868-57a2d4851a1d" />
    <TestEntry testId="8be068d6-4645-00ea-3854-df9a2dc75d10" executionId="d0018519-e532-41bd-979a-bab0250555af" testListId="8c84fa94-04c1-424b-9868-57a2d4851a1d" />
    <TestEntry testId="1b05c7be-991f-7138-4ea7-1bf9c9cd13a5" executionId="89cf59fa-2907-4a37-9bc6-f61be380f45f" testListId="8c84fa94-04c1-424b-9868-57a2d4851a1d" />
    <TestEntry testId="d48827ce-85ae-a1ab-89c8-074dbccd0ab5" executionId="7d48641b-5e52-485f-8331-1ed681443804" testListId="8c84fa94-04c1-424b-9868-57a2d4851a1d" />
    <TestEntry testId="428a0973-3a79-a17c-d810-a7d77f163454" executionId="40a2ec39-d21e-45c7-9d7d-fecb7dc3eca4" testListId="8c84fa94-04c1-424b-9868-57a2d4851a1d" />
    <TestEntry testId="7771b7ca-1f26-c65b-0242-1406562d444a" executionId="8a75afae-f15d-4586-a73a-0b286b979823" testListId="8c84fa94-04c1-424b-9868-57a2d4851a1d" />
    <TestEntry testId="28338078-4d35-b7ed-4447-2b91687f6a97" executionId="4ba04a25-7aa7-49b2-b150-06b076ad4a45" testListId="8c84fa94-04c1-424b-9868-57a2d4851a1d" />
    <TestEntry testId="2a3ed8ce-e9b2-d37a-a29a-ca2b7c0638d6" executionId="1eac4d67-8eba-46c7-b9d7-202778adf9ca" testListId="8c84fa94-04c1-424b-9868-57a2d4851a1d" />
    <TestEntry testId="585bace6-6844-f6af-5cfe-21dcab184ffd" executionId="dcbb4f30-c2e0-41e5-99d5-785687e8abc6" testListId="8c84fa94-04c1-424b-9868-57a2d4851a1d" />
    <TestEntry testId="a3b68e13-b1a2-2ab1-0624-177a6558a465" executionId="a23798ba-86a3-4fcc-bbfd-c6afa1c9dfb5" testListId="8c84fa94-04c1-424b-9868-57a2d4851a1d" />
    <TestEntry testId="175a2262-5f6b-035b-0689-c77700c4b2af" executionId="e717c854-e98e-45a0-b460-50ab74f99c08" testListId="8c84fa94-04c1-424b-9868-57a2d4851a1d" />
    <TestEntry testId="bf2e6db4-e816-74eb-de61-c5d12281291a" executionId="b9c8ef36-b033-4014-86cb-22c2ef67885e" testListId="8c84fa94-04c1-424b-9868-57a2d4851a1d" />
    <TestEntry testId="abb2acfb-de92-0280-d1cd-8dc4ac1cc3c6" executionId="5088887e-ce97-49df-9cb1-6c9443c2bcda" testListId="8c84fa94-04c1-424b-9868-57a2d4851a1d" />
    <TestEntry testId="16af2272-5959-6399-6a7e-40f5cd01cff4" executionId="ffdd1fec-f00d-461f-b316-3ed889c401b6" testListId="8c84fa94-04c1-424b-9868-57a2d4851a1d" />
    <TestEntry testId="5ab84a24-a2b8-c1c0-dc44-d63064ed191c" executionId="3dcc2199-67e4-4264-b10a-3756c35fb241" testListId="8c84fa94-04c1-424b-9868-57a2d4851a1d" />
    <TestEntry testId="ca18ef9f-2acd-41f6-d6c0-d19c0f3c53f0" executionId="acece142-4893-4ad3-a12c-63cbb2bfad7b" testListId="8c84fa94-04c1-424b-9868-57a2d4851a1d" />
  </TestEntries>
  <Results>
    <UnitTestResult executionId="1dbe30dd-39d6-4a51-8765-e151cd012f15" testId="a1a13cff-fde0-c516-bf6d-c6adc6a5cb6b" testName="Validate_property_by_name_with_negative_integer_should_be_invalid" computerName="CAJENMINI" duration="00:00:00.0492914" startTime="2010-11-18T15:30:32.3025098+02:00" endTime="2010-11-18T15:30:32.4855203+02:00" testType="13cdc9d9-ddb5-4fa4-a97d-d965ccfc6d4b" outcome="Passed" testListId="8c84fa94-04c1-424b-9868-57a2d4851a1d" relativeResultsDirectory="1dbe30dd-39d6-4a51-8765-e151cd012f15">
    </UnitTestResult>
    <UnitTestResult executionId="c2efeeeb-ae79-46fe-99b7-8360ea731cba" testId="2e9453f1-a56e-4022-9115-f9b55d663bb8" testName="Validate_property_by_name_with_positive_integer_should_be_valid" computerName="CAJENMINI" duration="00:00:00.0018959" startTime="2010-11-18T15:30:32.4905206+02:00" endTime="2010-11-18T15:30:32.5105217+02:00" testType="13cdc9d9-ddb5-4fa4-a97d-d965ccfc6d4b" outcome="Passed" testListId="8c84fa94-04c1-424b-9868-57a2d4851a1d" relativeResultsDirectory="c2efeeeb-ae79-46fe-99b7-8360ea731cba">
    </UnitTestResult>
    <UnitTestResult executionId="f7db8e20-b5b6-49dc-8b5d-fffb5ff2167c" testId="dc5215bc-e70d-f9e5-a6e2-efba78fa7dca" testName="Validate_property_by_name_with_zero_should_be_valid" computerName="CAJENMINI" duration="00:00:00.0019812" startTime="2010-11-18T15:30:32.5155220+02:00" endTime="2010-11-18T15:30:32.5345231+02:00" testType="13cdc9d9-ddb5-4fa4-a97d-d965ccfc6d4b" outcome="Passed" testListId="8c84fa94-04c1-424b-9868-57a2d4851a1d" relativeResultsDirectory="f7db8e20-b5b6-49dc-8b5d-fffb5ff2167c">
    </UnitTestResult>
    <UnitTestResult executionId="ca11e9ea-9d48-46c4-ab60-d4c42fb5220e" testId="0999911f-b63f-b651-77d2-ac6439ca1f0e" testName="Validate_with_negative_integer_should_be_invalid" computerName="CAJENMINI" duration="00:00:00.0140920" startTime="2010-11-18T15:30:32.5375232+02:00" endTime="2010-11-18T15:30:32.5525241+02:00" testType="13cdc9d9-ddb5-4fa4-a97d-d965ccfc6d4b" outcome="Passed" testListId="8c84fa94-04c1-424b-9868-57a2d4851a1d" relativeResultsDirectory="ca11e9ea-9d48-46c4-ab60-d4c42fb5220e">
    </UnitTestResult>
    <UnitTestResult executionId="34aa5cc5-5b6a-41db-9cad-4cd5f322a51f" testId="4ee4bdbf-3fb2-9b9e-9045-b784ad7764ec" testName="Validate_with_positive_integer_should_be_valid" computerName="CAJENMINI" duration="00:00:00.0116030" startTime="2010-11-18T15:30:32.5555243+02:00" endTime="2010-11-18T15:30:32.5685250+02:00" testType="13cdc9d9-ddb5-4fa4-a97d-d965ccfc6d4b" outcome="Passed" testListId="8c84fa94-04c1-424b-9868-57a2d4851a1d" relativeResultsDirectory="34aa5cc5-5b6a-41db-9cad-4cd5f322a51f">
    </UnitTestResult>
    <UnitTestResult executionId="dd5e2897-3ef1-4a61-b604-8873e4d4644e" testId="4ec799e2-1c8e-3017-d90f-30d351e22019" testName="Validate_with_zero_should_be_valid" computerName="CAJENMINI" duration="00:00:00.0013313" startTime="2010-11-18T15:30:32.5725252+02:00" endTime="2010-11-18T15:30:32.5795256+02:00" testType="13cdc9d9-ddb5-4fa4-a97d-d965ccfc6d4b" outcome="Passed" testListId="8c84fa94-04c1-424b-9868-57a2d4851a1d" relativeResultsDirectory="dd5e2897-3ef1-4a61-b604-8873e4d4644e">
    </UnitTestResult>
    <UnitTestResult executionId="a80a248b-908d-4268-b2a1-915d49939aac" testId="2b1f701b-dcc5-79a3-5f1b-3f8b88617b22" testName="Validate_Identity_type_of_guid_with_empty_guid_validation_should_be_invalid" computerName="CAJENMINI" duration="00:00:00.0022268" startTime="2010-11-18T15:30:32.5985267+02:00" endTime="2010-11-18T15:30:32.6025270+02:00" testType="13cdc9d9-ddb5-4fa4-a97d-d965ccfc6d4b" outcome="Passed" testListId="8c84fa94-04c1-424b-9868-57a2d4851a1d" relativeResultsDirectory="a80a248b-908d-4268-b2a1-915d49939aac">
    </UnitTestResult>
    <UnitTestResult executionId="6e2a77fc-fdda-46f0-8753-1a71c08a4eeb" testId="c85756af-d8df-309a-718b-1db3cb2f0957" testName="Validate_Identity_type_of_guid_with_generated_guid_validation_should_be_valid" computerName="CAJENMINI" duration="00:00:00.0014963" startTime="2010-11-18T15:30:32.6235282+02:00" endTime="2010-11-18T15:30:32.6355289+02:00" testType="13cdc9d9-ddb5-4fa4-a97d-d965ccfc6d4b" outcome="Passed" testListId="8c84fa94-04c1-424b-9868-57a2d4851a1d" relativeResultsDirectory="6e2a77fc-fdda-46f0-8753-1a71c08a4eeb">
    </UnitTestResult>
    <UnitTestResult executionId="d0018519-e532-41bd-979a-bab0250555af" testId="8be068d6-4645-00ea-3854-df9a2dc75d10" testName="Validate_Identity_type_of_integer_with_0_value_validation_should_be_valid" computerName="CAJENMINI" duration="00:00:00.0012034" startTime="2010-11-18T15:30:32.6395291+02:00" endTime="2010-11-18T15:30:32.6555300+02:00" testType="13cdc9d9-ddb5-4fa4-a97d-d965ccfc6d4b" outcome="Passed" testListId="8c84fa94-04c1-424b-9868-57a2d4851a1d" relativeResultsDirectory="d0018519-e532-41bd-979a-bab0250555af">
    </UnitTestResult>
    <UnitTestResult executionId="89cf59fa-2907-4a37-9bc6-f61be380f45f" testId="1b05c7be-991f-7138-4ea7-1bf9c9cd13a5" testName="Validate_Identity_type_of_integer_with_negative_value_validation_should_return_be_invalid" computerName="CAJENMINI" duration="00:00:00.0004193" startTime="2010-11-18T15:30:32.6595302+02:00" endTime="2010-11-18T15:30:32.6615303+02:00" testType="13cdc9d9-ddb5-4fa4-a97d-d965ccfc6d4b" outcome="Passed" testListId="8c84fa94-04c1-424b-9868-57a2d4851a1d" relativeResultsDirectory="89cf59fa-2907-4a37-9bc6-f61be380f45f">
    </UnitTestResult>
    <UnitTestResult executionId="7d48641b-5e52-485f-8331-1ed681443804" testId="d48827ce-85ae-a1ab-89c8-074dbccd0ab5" testName="Validate_Identity_type_of_integer_with_postive_value_validation_should_be_valid" computerName="CAJENMINI" duration="00:00:00.0004200" startTime="2010-11-18T15:30:32.6645305+02:00" endTime="2010-11-18T15:30:32.6675307+02:00" testType="13cdc9d9-ddb5-4fa4-a97d-d965ccfc6d4b" outcome="Passed" testListId="8c84fa94-04c1-424b-9868-57a2d4851a1d" relativeResultsDirectory="7d48641b-5e52-485f-8331-1ed681443804">
    </UnitTestResult>
    <UnitTestResult executionId="40a2ec39-d21e-45c7-9d7d-fecb7dc3eca4" testId="428a0973-3a79-a17c-d810-a7d77f163454" testName="Validate_empty_property_type_of_string_with_any_value_should_be_invalid" computerName="CAJENMINI" duration="00:00:00.0024313" startTime="2010-11-18T15:30:32.6725310+02:00" endTime="2010-11-18T15:30:32.6795314+02:00" testType="13cdc9d9-ddb5-4fa4-a97d-d965ccfc6d4b" outcome="Passed" testListId="8c84fa94-04c1-424b-9868-57a2d4851a1d" relativeResultsDirectory="40a2ec39-d21e-45c7-9d7d-fecb7dc3eca4">
    </UnitTestResult>
    <UnitTestResult executionId="8a75afae-f15d-4586-a73a-0b286b979823" testId="7771b7ca-1f26-c65b-0242-1406562d444a" testName="Validate_empty_property_type_of_string_with_empty_expression_should_be_invalid" computerName="CAJENMINI" duration="00:00:00.0195390" startTime="2010-11-18T15:30:32.6825315+02:00" endTime="2010-11-18T15:30:32.7035327+02:00" testType="13cdc9d9-ddb5-4fa4-a97d-d965ccfc6d4b" outcome="Passed" testListId="8c84fa94-04c1-424b-9868-57a2d4851a1d" relativeResultsDirectory="8a75afae-f15d-4586-a73a-0b286b979823">
      <Output>
        <DebugTrace>System.ArgumentException: Expression value is not set. Currently RegexValidationRule does not support empty validation expression.
   at EC.EntityValidationEngine.Validation.BusinessRules.RegexValidationRule.Validate(ValidatableObjectBase businessObject) in D:\Development\ExcitingCode\EC Entity Validation Engine demo\EC Entity Validation Engine demo\Validation\BusinessRules\RegexValidationRule.cs:line 63
</DebugTrace>
      </Output>
    </UnitTestResult>
    <UnitTestResult executionId="4ba04a25-7aa7-49b2-b150-06b076ad4a45" testId="28338078-4d35-b7ed-4447-2b91687f6a97" testName="Validate_property_type_of_string_with_any_value_should_be_valid" computerName="CAJENMINI" duration="00:00:00.0018003" startTime="2010-11-18T15:30:32.7065329+02:00" endTime="2010-11-18T15:30:32.7095331+02:00" testType="13cdc9d9-ddb5-4fa4-a97d-d965ccfc6d4b" outcome="Passed" testListId="8c84fa94-04c1-424b-9868-57a2d4851a1d" relativeResultsDirectory="4ba04a25-7aa7-49b2-b150-06b076ad4a45">
    </UnitTestResult>
    <UnitTestResult executionId="1eac4d67-8eba-46c7-b9d7-202778adf9ca" testId="2a3ed8ce-e9b2-d37a-a29a-ca2b7c0638d6" testName="Validate_property_type_of_string_with_empty_expression_should_be_invalid" computerName="CAJENMINI" duration="00:00:00.0029872" startTime="2010-11-18T15:30:32.7125333+02:00" endTime="2010-11-18T15:30:32.7175335+02:00" testType="13cdc9d9-ddb5-4fa4-a97d-d965ccfc6d4b" outcome="Passed" testListId="8c84fa94-04c1-424b-9868-57a2d4851a1d" relativeResultsDirectory="1eac4d67-8eba-46c7-b9d7-202778adf9ca">
      <Output>
        <DebugTrace>System.ArgumentException: Expression value is not set. Currently RegexValidationRule does not support empty validation expression.
   at EC.EntityValidationEngine.Validation.BusinessRules.RegexValidationRule.Validate(ValidatableObjectBase businessObject) in D:\Development\ExcitingCode\EC Entity Validation Engine demo\EC Entity Validation Engine demo\Validation\BusinessRules\RegexValidationRule.cs:line 63
</DebugTrace>
      </Output>
    </UnitTestResult>
    <UnitTestResult executionId="dcbb4f30-c2e0-41e5-99d5-785687e8abc6" testId="585bace6-6844-f6af-5cfe-21dcab184ffd" testName="Get_detailed_error_message_with_custom_message_should_return_defined_custom_message" computerName="CAJENMINI" duration="00:00:00.0033710" startTime="2010-11-18T15:30:32.7205337+02:00" endTime="2010-11-18T15:30:32.7255340+02:00" testType="13cdc9d9-ddb5-4fa4-a97d-d965ccfc6d4b" outcome="Passed" testListId="8c84fa94-04c1-424b-9868-57a2d4851a1d" relativeResultsDirectory="dcbb4f30-c2e0-41e5-99d5-785687e8abc6">
    </UnitTestResult>
    <UnitTestResult executionId="a23798ba-86a3-4fcc-bbfd-c6afa1c9dfb5" testId="a3b68e13-b1a2-2ab1-0624-177a6558a465" testName="Get_detailer_error_message_with_default_error_message" computerName="CAJENMINI" duration="00:00:00.0114593" startTime="2010-11-18T15:30:32.7505354+02:00" endTime="2010-11-18T15:30:32.7765369+02:00" testType="13cdc9d9-ddb5-4fa4-a97d-d965ccfc6d4b" outcome="Passed" testListId="8c84fa94-04c1-424b-9868-57a2d4851a1d" relativeResultsDirectory="a23798ba-86a3-4fcc-bbfd-c6afa1c9dfb5">
    </UnitTestResult>
    <UnitTestResult executionId="e717c854-e98e-45a0-b460-50ab74f99c08" testId="175a2262-5f6b-035b-0689-c77700c4b2af" testName="Add_new_rule_to_entity_and_it_is_attached_to_rule_list" computerName="CAJENMINI" duration="00:00:00.7121793" startTime="2010-11-18T15:30:32.7805371+02:00" endTime="2010-11-18T15:30:33.4935779+02:00" testType="13cdc9d9-ddb5-4fa4-a97d-d965ccfc6d4b" outcome="Passed" testListId="8c84fa94-04c1-424b-9868-57a2d4851a1d" relativeResultsDirectory="e717c854-e98e-45a0-b460-50ab74f99c08">
    </UnitTestResult>
    <UnitTestResult executionId="b9c8ef36-b033-4014-86cb-22c2ef67885e" testId="bf2e6db4-e816-74eb-de61-c5d12281291a" testName="Validate_business_entity_with_mocked_validation_rule_should_be_invalid_and_new_validation_error_should_be_added_to_the_entity" computerName="CAJENMINI" duration="00:00:00.0271520" startTime="2010-11-18T15:30:33.4965781+02:00" endTime="2010-11-18T15:30:33.5275799+02:00" testType="13cdc9d9-ddb5-4fa4-a97d-d965ccfc6d4b" outcome="Passed" testListId="8c84fa94-04c1-424b-9868-57a2d4851a1d" relativeResultsDirectory="b9c8ef36-b033-4014-86cb-22c2ef67885e">
    </UnitTestResult>
    <UnitTestResult executionId="5088887e-ce97-49df-9cb1-6c9443c2bcda" testId="abb2acfb-de92-0280-d1cd-8dc4ac1cc3c6" testName="Validate_business_entity_with_mocked_validation_rule_should_be_valid" computerName="CAJENMINI" duration="00:00:00.0015832" startTime="2010-11-18T15:30:33.5305800+02:00" endTime="2010-11-18T15:30:33.5365804+02:00" testType="13cdc9d9-ddb5-4fa4-a97d-d965ccfc6d4b" outcome="Passed" testListId="8c84fa94-04c1-424b-9868-57a2d4851a1d" relativeResultsDirectory="5088887e-ce97-49df-9cb1-6c9443c2bcda">
    </UnitTestResult>
    <UnitTestResult executionId="ffdd1fec-f00d-461f-b316-3ed889c401b6" testId="16af2272-5959-6399-6a7e-40f5cd01cff4" testName="Validate_business_entitys_Id_property_with_mocked_validation_rule_should_be_invalid_and_new_validation_error_should_be_added_to_the_entity" computerName="CAJENMINI" duration="00:00:00.0029082" startTime="2010-11-18T15:30:33.5395806+02:00" endTime="2010-11-18T15:30:33.5455809+02:00" testType="13cdc9d9-ddb5-4fa4-a97d-d965ccfc6d4b" outcome="Passed" testListId="8c84fa94-04c1-424b-9868-57a2d4851a1d" relativeResultsDirectory="ffdd1fec-f00d-461f-b316-3ed889c401b6">
    </UnitTestResult>
    <UnitTestResult executionId="3dcc2199-67e4-4264-b10a-3756c35fb241" testId="5ab84a24-a2b8-c1c0-dc44-d63064ed191c" testName="Validate_business_entitys_ID_property_with_mocked_validation_rule_should_be_valid" computerName="CAJENMINI" duration="00:00:00.0052140" startTime="2010-11-18T15:30:33.5585816+02:00" endTime="2010-11-18T15:30:33.5715824+02:00" testType="13cdc9d9-ddb5-4fa4-a97d-d965ccfc6d4b" outcome="Passed" testListId="8c84fa94-04c1-424b-9868-57a2d4851a1d" relativeResultsDirectory="3dcc2199-67e4-4264-b10a-3756c35fb241">
    </UnitTestResult>
    <UnitTestResult executionId="acece142-4893-4ad3-a12c-63cbb2bfad7b" testId="ca18ef9f-2acd-41f6-d6c0-d19c0f3c53f0" testName="Validate_business_entitys_Name_property_without_business_rule_attached_to_it_should_be_valid" computerName="CAJENMINI" duration="00:00:00.0014821" startTime="2010-11-18T15:30:33.5745826+02:00" endTime="2010-11-18T15:30:33.5785828+02:00" testType="13cdc9d9-ddb5-4fa4-a97d-d965ccfc6d4b" outcome="Passed" testListId="8c84fa94-04c1-424b-9868-57a2d4851a1d" relativeResultsDirectory="acece142-4893-4ad3-a12c-63cbb2bfad7b">
    </UnitTestResult>
  </Results>
</TestRun>