<?xml version="1.0" encoding="UTF-8"?>
<TestRun id="79a8de63-95f6-4438-b6a9-060af95df81f" name="Caje@CAJENMINI 2010-11-18 15:28:25" runUser="CajenMini\Caje" xmlns="http://microsoft.com/schemas/VisualStudio/TeamTest/2010">
  <TestSettings name="Local" id="74c20c05-f50f-4bcf-9ac8-c4ec1b633eca">
    <Description>These are default test settings for a local test run.</Description>
    <Deployment enabled="false" runDeploymentRoot="Caje_CAJENMINI 2010-11-18 15_28_25" />
    <Execution>
      <TestTypeSpecific />
      <AgentRule name="Execution Agents">
      </AgentRule>
    </Execution>
  </TestSettings>
  <Times creation="2010-11-18T15:28:25.8012743+02:00" queuing="2010-11-18T15:28:26.6033202+02:00" start="2010-11-18T15:28:27.4033660+02:00" finish="2010-11-18T15:28:29.0344593+02:00" />
  <ResultSummary outcome="Completed">
    <Counters total="23" executed="23" passed="23" error="0" failed="0" timeout="0" aborted="0" inconclusive="0" passedButRunAborted="0" notRunnable="0" notExecuted="0" disconnected="0" warning="0" completed="0" inProgress="0" pending="0" />
  </ResultSummary>
  <TestDefinitions>
    <UnitTest name="Validate_Identity_type_of_guid_with_generated_guid_validation_should_be_valid" storage="d:\development\excitingcode\ec entity validation engine demo\validationenginetests\bin\debug\validationenginetests.dll" id="c85756af-d8df-309a-718b-1db3cb2f0957">
      <Execution timeOut="1800000" id="a7e6dc63-eec3-43c0-b8a9-deae9a7b859e" />
      <TestMethod codeBase="D:/Development/ExcitingCode/EC Entity Validation Engine demo/ValidationEngineTests/bin/Debug/ValidationEngineTests.DLL" adapterTypeName="Microsoft.VisualStudio.TestTools.TestTypes.Unit.UnitTestAdapter, Microsoft.VisualStudio.QualityTools.Tips.UnitTest.Adapter, Version=10.0.0.0, Culture=neutral, PublicKeyToken=b03f5f7f11d50a3a" className="ValidationEngineTests.Validation.BusinessRules.IdentityValidationRuleTest, ValidationEngineTests, Version=1.0.0.0, Culture=neutral, PublicKeyToken=null" name="Validate_Identity_type_of_guid_with_generated_guid_validation_should_be_valid" />
    </UnitTest>
    <UnitTest name="Validate_Identity_type_of_guid_with_empty_guid_validation_should_be_invalid" storage="d:\development\excitingcode\ec entity validation engine demo\validationenginetests\bin\debug\validationenginetests.dll" id="2b1f701b-dcc5-79a3-5f1b-3f8b88617b22">
      <Execution timeOut="1800000" id="33c1f4a5-4cbc-4d4a-8196-3352f5908e77" />
      <TestMethod codeBase="D:/Development/ExcitingCode/EC Entity Validation Engine demo/ValidationEngineTests/bin/Debug/ValidationEngineTests.DLL" adapterTypeName="Microsoft.VisualStudio.TestTools.TestTypes.Unit.UnitTestAdapter, Microsoft.VisualStudio.QualityTools.Tips.UnitTest.Adapter, Version=10.0.0.0, Culture=neutral, PublicKeyToken=b03f5f7f11d50a3a" className="ValidationEngineTests.Validation.BusinessRules.IdentityValidationRuleTest, ValidationEngineTests, Version=1.0.0.0, Culture=neutral, PublicKeyToken=null" name="Validate_Identity_type_of_guid_with_empty_guid_validation_should_be_invalid" />
    </UnitTest>
    <UnitTest name="Validate_property_by_name_with_positive_integer_should_be_valid" storage="d:\development\excitingcode\ec entity validation engine demo\validationenginetests\bin\debug\validationenginetests.dll" id="2e9453f1-a56e-4022-9115-f9b55d663bb8">
      <Execution timeOut="1800000" id="097745c6-ba05-4f77-99bf-ce5195b01c6c" />
      <TestMethod codeBase="D:/Development/ExcitingCode/EC Entity Validation Engine demo/ValidationEngineTests/bin/Debug/ValidationEngineTests.DLL" adapterTypeName="Microsoft.VisualStudio.TestTools.TestTypes.Unit.UnitTestAdapter, Microsoft.VisualStudio.QualityTools.Tips.UnitTest.Adapter, Version=10.0.0.0, Culture=neutral, PublicKeyToken=b03f5f7f11d50a3a" className="ValidationEngineTests.BusinessObjects.CustomerEntityTest, ValidationEngineTests, Version=1.0.0.0, Culture=neutral, PublicKeyToken=null" name="Validate_property_by_name_with_positive_integer_should_be_valid" />
    </UnitTest>
    <UnitTest name="Validate_business_entitys_Name_property_without_business_rule_attached_to_it_should_be_valid" storage="d:\development\excitingcode\ec entity validation engine demo\validationenginetests\bin\debug\validationenginetests.dll" id="ca18ef9f-2acd-41f6-d6c0-d19c0f3c53f0">
      <Execution timeOut="1800000" id="5c0f5ebf-2187-4f00-9648-934987e8b40c" />
      <TestMethod codeBase="D:/Development/ExcitingCode/EC Entity Validation Engine demo/ValidationEngineTests/bin/Debug/ValidationEngineTests.DLL" adapterTypeName="Microsoft.VisualStudio.TestTools.TestTypes.Unit.UnitTestAdapter, Microsoft.VisualStudio.QualityTools.Tips.UnitTest.Adapter, Version=10.0.0.0, Culture=neutral, PublicKeyToken=b03f5f7f11d50a3a" className="ValidationEngineTests.Validation.ValidableObjectBaseTest, ValidationEngineTests, Version=1.0.0.0, Culture=neutral, PublicKeyToken=null" name="Validate_business_entitys_Name_property_without_business_rule_attached_to_it_should_be_valid" />
    </UnitTest>
    <UnitTest name="Validate_Identity_type_of_integer_with_0_value_validation_should_be_valid" storage="d:\development\excitingcode\ec entity validation engine demo\validationenginetests\bin\debug\validationenginetests.dll" id="8be068d6-4645-00ea-3854-df9a2dc75d10">
      <Execution timeOut="1800000" id="668339b2-bc41-4c40-b8ee-57f3c289b76c" />
      <TestMethod codeBase="D:/Development/ExcitingCode/EC Entity Validation Engine demo/ValidationEngineTests/bin/Debug/ValidationEngineTests.DLL" adapterTypeName="Microsoft.VisualStudio.TestTools.TestTypes.Unit.UnitTestAdapter, Microsoft.VisualStudio.QualityTools.Tips.UnitTest.Adapter, Version=10.0.0.0, Culture=neutral, PublicKeyToken=b03f5f7f11d50a3a" className="ValidationEngineTests.Validation.BusinessRules.IdentityValidationRuleTest, ValidationEngineTests, Version=1.0.0.0, Culture=neutral, PublicKeyToken=null" name="Validate_Identity_type_of_integer_with_0_value_validation_should_be_valid" />
    </UnitTest>
    <UnitTest name="Get_detailed_error_message_with_custom_message_should_return_defined_custom_message" storage="d:\development\excitingcode\ec entity validation engine demo\validationenginetests\bin\debug\validationenginetests.dll" id="585bace6-6844-f6af-5cfe-21dcab184ffd">
      <Execution timeOut="1800000" id="f09b857b-3d80-4d3c-8ee9-c60ccf6f3d4e" />
      <TestMethod codeBase="D:/Development/ExcitingCode/EC Entity Validation Engine demo/ValidationEngineTests/bin/Debug/ValidationEngineTests.DLL" adapterTypeName="Microsoft.VisualStudio.TestTools.TestTypes.Unit.UnitTestAdapter, Microsoft.VisualStudio.QualityTools.Tips.UnitTest.Adapter, Version=10.0.0.0, Culture=neutral, PublicKeyToken=b03f5f7f11d50a3a" className="ValidationEngineTests.Validation.ErrorObjectTest, ValidationEngineTests, Version=1.0.0.0, Culture=neutral, PublicKeyToken=null" name="Get_detailed_error_message_with_custom_message_should_return_defined_custom_message" />
    </UnitTest>
    <UnitTest name="Validate_property_by_name_with_zero_should_be_valid" storage="d:\development\excitingcode\ec entity validation engine demo\validationenginetests\bin\debug\validationenginetests.dll" id="dc5215bc-e70d-f9e5-a6e2-efba78fa7dca">
      <Execution timeOut="1800000" id="1271ed5c-0741-450c-b5a7-0def1c92cee7" />
      <TestMethod codeBase="D:/Development/ExcitingCode/EC Entity Validation Engine demo/ValidationEngineTests/bin/Debug/ValidationEngineTests.DLL" adapterTypeName="Microsoft.VisualStudio.TestTools.TestTypes.Unit.UnitTestAdapter, Microsoft.VisualStudio.QualityTools.Tips.UnitTest.Adapter, Version=10.0.0.0, Culture=neutral, PublicKeyToken=b03f5f7f11d50a3a" className="ValidationEngineTests.BusinessObjects.CustomerEntityTest, ValidationEngineTests, Version=1.0.0.0, Culture=neutral, PublicKeyToken=null" name="Validate_property_by_name_with_zero_should_be_valid" />
    </UnitTest>
    <UnitTest name="Validate_empty_property_type_of_string_with_any_value_should_be_invalid" storage="d:\development\excitingcode\ec entity validation engine demo\validationenginetests\bin\debug\validationenginetests.dll" id="428a0973-3a79-a17c-d810-a7d77f163454">
      <Execution timeOut="1800000" id="1bd9c0f9-8dbc-4927-9a8c-074a54e7f043" />
      <TestMethod codeBase="D:/Development/ExcitingCode/EC Entity Validation Engine demo/ValidationEngineTests/bin/Debug/ValidationEngineTests.DLL" adapterTypeName="Microsoft.VisualStudio.TestTools.TestTypes.Unit.UnitTestAdapter, Microsoft.VisualStudio.QualityTools.Tips.UnitTest.Adapter, Version=10.0.0.0, Culture=neutral, PublicKeyToken=b03f5f7f11d50a3a" className="ValidationEngineTests.Validation.BusinessRules.RegexValidationRuleTest, ValidationEngineTests, Version=1.0.0.0, Culture=neutral, PublicKeyToken=null" name="Validate_empty_property_type_of_string_with_any_value_should_be_invalid" />
    </UnitTest>
    <UnitTest name="Validate_business_entitys_ID_property_with_mocked_validation_rule_should_be_valid" storage="d:\development\excitingcode\ec entity validation engine demo\validationenginetests\bin\debug\validationenginetests.dll" id="5ab84a24-a2b8-c1c0-dc44-d63064ed191c">
      <Execution timeOut="1800000" id="c2943b63-505a-488f-a5d1-378e73dc6b73" />
      <TestMethod codeBase="D:/Development/ExcitingCode/EC Entity Validation Engine demo/ValidationEngineTests/bin/Debug/ValidationEngineTests.DLL" adapterTypeName="Microsoft.VisualStudio.TestTools.TestTypes.Unit.UnitTestAdapter, Microsoft.VisualStudio.QualityTools.Tips.UnitTest.Adapter, Version=10.0.0.0, Culture=neutral, PublicKeyToken=b03f5f7f11d50a3a" className="ValidationEngineTests.Validation.ValidableObjectBaseTest, ValidationEngineTests, Version=1.0.0.0, Culture=neutral, PublicKeyToken=null" name="Validate_business_entitys_ID_property_with_mocked_validation_rule_should_be_valid" />
    </UnitTest>
    <UnitTest name="Get_detailer_error_message_with_default_error_message" storage="d:\development\excitingcode\ec entity validation engine demo\validationenginetests\bin\debug\validationenginetests.dll" id="a3b68e13-b1a2-2ab1-0624-177a6558a465">
      <Execution timeOut="1800000" id="60c7881b-678f-4454-a1b3-ba1fc499d863" />
      <TestMethod codeBase="D:/Development/ExcitingCode/EC Entity Validation Engine demo/ValidationEngineTests/bin/Debug/ValidationEngineTests.DLL" adapterTypeName="Microsoft.VisualStudio.TestTools.TestTypes.Unit.UnitTestAdapter, Microsoft.VisualStudio.QualityTools.Tips.UnitTest.Adapter, Version=10.0.0.0, Culture=neutral, PublicKeyToken=b03f5f7f11d50a3a" className="ValidationEngineTests.Validation.ErrorObjectTest, ValidationEngineTests, Version=1.0.0.0, Culture=neutral, PublicKeyToken=null" name="Get_detailer_error_message_with_default_error_message" />
    </UnitTest>
    <UnitTest name="Validate_business_entitys_Id_property_with_mocked_validation_rule_should_be_invalid_and_new_validation_error_should_be_added_to_the_entity" storage="d:\development\excitingcode\ec entity validation engine demo\validationenginetests\bin\debug\validationenginetests.dll" id="16af2272-5959-6399-6a7e-40f5cd01cff4">
      <Execution timeOut="1800000" id="dcb09f97-3735-4bcb-99a5-3ae04c18b3ea" />
      <TestMethod codeBase="D:/Development/ExcitingCode/EC Entity Validation Engine demo/ValidationEngineTests/bin/Debug/ValidationEngineTests.DLL" adapterTypeName="Microsoft.VisualStudio.TestTools.TestTypes.Unit.UnitTestAdapter, Microsoft.VisualStudio.QualityTools.Tips.UnitTest.Adapter, Version=10.0.0.0, Culture=neutral, PublicKeyToken=b03f5f7f11d50a3a" className="ValidationEngineTests.Validation.ValidableObjectBaseTest, ValidationEngineTests, Version=1.0.0.0, Culture=neutral, PublicKeyToken=null" name="Validate_business_entitys_Id_property_with_mocked_validation_rule_should_be_invalid_and_new_validation_error_should_be_added_to_the_entity" />
    </UnitTest>
    <UnitTest name="Validate_empty_property_type_of_string_with_empty_expression_should_be_invalid" storage="d:\development\excitingcode\ec entity validation engine demo\validationenginetests\bin\debug\validationenginetests.dll" id="7771b7ca-1f26-c65b-0242-1406562d444a">
      <Execution timeOut="1800000" id="b3aa3b9d-145c-44b3-882a-eb4664dfed83" />
      <TestMethod codeBase="D:/Development/ExcitingCode/EC Entity Validation Engine demo/ValidationEngineTests/bin/Debug/ValidationEngineTests.DLL" adapterTypeName="Microsoft.VisualStudio.TestTools.TestTypes.Unit.UnitTestAdapter, Microsoft.VisualStudio.QualityTools.Tips.UnitTest.Adapter, Version=10.0.0.0, Culture=neutral, PublicKeyToken=b03f5f7f11d50a3a" className="ValidationEngineTests.Validation.BusinessRules.RegexValidationRuleTest, ValidationEngineTests, Version=1.0.0.0, Culture=neutral, PublicKeyToken=null" name="Validate_empty_property_type_of_string_with_empty_expression_should_be_invalid" />
    </UnitTest>
    <UnitTest name="Add_new_rule_to_entity_and_it_is_attached_to_rule_list" storage="d:\development\excitingcode\ec entity validation engine demo\validationenginetests\bin\debug\validationenginetests.dll" id="175a2262-5f6b-035b-0689-c77700c4b2af">
      <Execution timeOut="1800000" id="b749ed5f-e067-47e9-924a-42ef670ac959" />
      <TestMethod codeBase="D:/Development/ExcitingCode/EC Entity Validation Engine demo/ValidationEngineTests/bin/Debug/ValidationEngineTests.DLL" adapterTypeName="Microsoft.VisualStudio.TestTools.TestTypes.Unit.UnitTestAdapter, Microsoft.VisualStudio.QualityTools.Tips.UnitTest.Adapter, Version=10.0.0.0, Culture=neutral, PublicKeyToken=b03f5f7f11d50a3a" className="ValidationEngineTests.Validation.ValidableObjectBaseTest, ValidationEngineTests, Version=1.0.0.0, Culture=neutral, PublicKeyToken=null" name="Add_new_rule_to_entity_and_it_is_attached_to_rule_list" />
    </UnitTest>
    <UnitTest name="Validate_property_type_of_string_with_empty_expression_should_be_invalid" storage="d:\development\excitingcode\ec entity validation engine demo\validationenginetests\bin\debug\validationenginetests.dll" id="2a3ed8ce-e9b2-d37a-a29a-ca2b7c0638d6">
      <Execution timeOut="1800000" id="d57e8d53-e67c-4a55-a2f9-6bfdb6374a60" />
      <TestMethod codeBase="D:/Development/ExcitingCode/EC Entity Validation Engine demo/ValidationEngineTests/bin/Debug/ValidationEngineTests.DLL" adapterTypeName="Microsoft.VisualStudio.TestTools.TestTypes.Unit.UnitTestAdapter, Microsoft.VisualStudio.QualityTools.Tips.UnitTest.Adapter, Version=10.0.0.0, Culture=neutral, PublicKeyToken=b03f5f7f11d50a3a" className="ValidationEngineTests.Validation.BusinessRules.RegexValidationRuleTest, ValidationEngineTests, Version=1.0.0.0, Culture=neutral, PublicKeyToken=null" name="Validate_property_type_of_string_with_empty_expression_should_be_invalid" />
    </UnitTest>
    <UnitTest name="Validate_with_positive_integer_should_be_valid" storage="d:\development\excitingcode\ec entity validation engine demo\validationenginetests\bin\debug\validationenginetests.dll" id="4ee4bdbf-3fb2-9b9e-9045-b784ad7764ec">
      <Execution timeOut="1800000" id="4e54fa6c-9e53-48bd-a14f-7fb735453cff" />
      <TestMethod codeBase="D:/Development/ExcitingCode/EC Entity Validation Engine demo/ValidationEngineTests/bin/Debug/ValidationEngineTests.DLL" adapterTypeName="Microsoft.VisualStudio.TestTools.TestTypes.Unit.UnitTestAdapter, Microsoft.VisualStudio.QualityTools.Tips.UnitTest.Adapter, Version=10.0.0.0, Culture=neutral, PublicKeyToken=b03f5f7f11d50a3a" className="ValidationEngineTests.BusinessObjects.CustomerEntityTest, ValidationEngineTests, Version=1.0.0.0, Culture=neutral, PublicKeyToken=null" name="Validate_with_positive_integer_should_be_valid" />
    </UnitTest>
    <UnitTest name="Validate_Identity_type_of_integer_with_negative_value_validation_should_return_be_invalid" storage="d:\development\excitingcode\ec entity validation engine demo\validationenginetests\bin\debug\validationenginetests.dll" id="1b05c7be-991f-7138-4ea7-1bf9c9cd13a5">
      <Execution timeOut="1800000" id="df60372a-6df0-4502-97ee-6ef9a401ffbc" />
      <TestMethod codeBase="D:/Development/ExcitingCode/EC Entity Validation Engine demo/ValidationEngineTests/bin/Debug/ValidationEngineTests.DLL" adapterTypeName="Microsoft.VisualStudio.TestTools.TestTypes.Unit.UnitTestAdapter, Microsoft.VisualStudio.QualityTools.Tips.UnitTest.Adapter, Version=10.0.0.0, Culture=neutral, PublicKeyToken=b03f5f7f11d50a3a" className="ValidationEngineTests.Validation.BusinessRules.IdentityValidationRuleTest, ValidationEngineTests, Version=1.0.0.0, Culture=neutral, PublicKeyToken=null" name="Validate_Identity_type_of_integer_with_negative_value_validation_should_return_be_invalid" />
    </UnitTest>
    <UnitTest name="Validate_Identity_type_of_integer_with_postive_value_validation_should_be_valid" storage="d:\development\excitingcode\ec entity validation engine demo\validationenginetests\bin\debug\validationenginetests.dll" id="d48827ce-85ae-a1ab-89c8-074dbccd0ab5">
      <Execution timeOut="1800000" id="9d894612-62b8-409d-a445-1bfe0c656874" />
      <TestMethod codeBase="D:/Development/ExcitingCode/EC Entity Validation Engine demo/ValidationEngineTests/bin/Debug/ValidationEngineTests.DLL" adapterTypeName="Microsoft.VisualStudio.TestTools.TestTypes.Unit.UnitTestAdapter, Microsoft.VisualStudio.QualityTools.Tips.UnitTest.Adapter, Version=10.0.0.0, Culture=neutral, PublicKeyToken=b03f5f7f11d50a3a" className="ValidationEngineTests.Validation.BusinessRules.IdentityValidationRuleTest, ValidationEngineTests, Version=1.0.0.0, Culture=neutral, PublicKeyToken=null" name="Validate_Identity_type_of_integer_with_postive_value_validation_should_be_valid" />
    </UnitTest>
    <UnitTest name="Validate_business_entity_with_mocked_validation_rule_should_be_valid" storage="d:\development\excitingcode\ec entity validation engine demo\validationenginetests\bin\debug\validationenginetests.dll" id="abb2acfb-de92-0280-d1cd-8dc4ac1cc3c6">
      <Execution timeOut="1800000" id="7cc63713-67c4-41ae-83d7-0a3572f95dc7" />
      <TestMethod codeBase="D:/Development/ExcitingCode/EC Entity Validation Engine demo/ValidationEngineTests/bin/Debug/ValidationEngineTests.DLL" adapterTypeName="Microsoft.VisualStudio.TestTools.TestTypes.Unit.UnitTestAdapter, Microsoft.VisualStudio.QualityTools.Tips.UnitTest.Adapter, Version=10.0.0.0, Culture=neutral, PublicKeyToken=b03f5f7f11d50a3a" className="ValidationEngineTests.Validation.ValidableObjectBaseTest, ValidationEngineTests, Version=1.0.0.0, Culture=neutral, PublicKeyToken=null" name="Validate_business_entity_with_mocked_validation_rule_should_be_valid" />
    </UnitTest>
    <UnitTest name="Validate_business_entity_with_mocked_validation_rule_should_be_invalid_and_new_validation_error_should_be_added_to_the_entity" storage="d:\development\excitingcode\ec entity validation engine demo\validationenginetests\bin\debug\validationenginetests.dll" id="bf2e6db4-e816-74eb-de61-c5d12281291a">
      <Execution timeOut="1800000" id="03af96eb-546c-444b-b8f0-bc8c513e2559" />
      <TestMethod codeBase="D:/Development/ExcitingCode/EC Entity Validation Engine demo/ValidationEngineTests/bin/Debug/ValidationEngineTests.DLL" adapterTypeName="Microsoft.VisualStudio.TestTools.TestTypes.Unit.UnitTestAdapter, Microsoft.VisualStudio.QualityTools.Tips.UnitTest.Adapter, Version=10.0.0.0, Culture=neutral, PublicKeyToken=b03f5f7f11d50a3a" className="ValidationEngineTests.Validation.ValidableObjectBaseTest, ValidationEngineTests, Version=1.0.0.0, Culture=neutral, PublicKeyToken=null" name="Validate_business_entity_with_mocked_validation_rule_should_be_invalid_and_new_validation_error_should_be_added_to_the_entity" />
    </UnitTest>
    <UnitTest name="Validate_property_by_name_with_negative_integer_should_be_invalid" storage="d:\development\excitingcode\ec entity validation engine demo\validationenginetests\bin\debug\validationenginetests.dll" id="a1a13cff-fde0-c516-bf6d-c6adc6a5cb6b">
      <Execution timeOut="1800000" id="982d0417-0bbe-404d-9f47-b5804bfe0f19" />
      <TestMethod codeBase="D:/Development/ExcitingCode/EC Entity Validation Engine demo/ValidationEngineTests/bin/Debug/ValidationEngineTests.DLL" adapterTypeName="Microsoft.VisualStudio.TestTools.TestTypes.Unit.UnitTestAdapter, Microsoft.VisualStudio.QualityTools.Tips.UnitTest.Adapter, Version=10.0.0.0, Culture=neutral, PublicKeyToken=b03f5f7f11d50a3a" className="ValidationEngineTests.BusinessObjects.CustomerEntityTest, ValidationEngineTests, Version=1.0.0.0, Culture=neutral, PublicKeyToken=null" name="Validate_property_by_name_with_negative_integer_should_be_invalid" />
    </UnitTest>
    <UnitTest name="Validate_property_type_of_string_with_any_value_should_be_valid" storage="d:\development\excitingcode\ec entity validation engine demo\validationenginetests\bin\debug\validationenginetests.dll" id="28338078-4d35-b7ed-4447-2b91687f6a97">
      <Execution timeOut="1800000" id="280ef8bc-f55c-4e7e-a125-cf3490878dd6" />
      <TestMethod codeBase="D:/Development/ExcitingCode/EC Entity Validation Engine demo/ValidationEngineTests/bin/Debug/ValidationEngineTests.DLL" adapterTypeName="Microsoft.VisualStudio.TestTools.TestTypes.Unit.UnitTestAdapter, Microsoft.VisualStudio.QualityTools.Tips.UnitTest.Adapter, Version=10.0.0.0, Culture=neutral, PublicKeyToken=b03f5f7f11d50a3a" className="ValidationEngineTests.Validation.BusinessRules.RegexValidationRuleTest, ValidationEngineTests, Version=1.0.0.0, Culture=neutral, PublicKeyToken=null" name="Validate_property_type_of_string_with_any_value_should_be_valid" />
    </UnitTest>
    <UnitTest name="Validate_with_negative_integer_should_be_invalid" storage="d:\development\excitingcode\ec entity validation engine demo\validationenginetests\bin\debug\validationenginetests.dll" id="0999911f-b63f-b651-77d2-ac6439ca1f0e">
      <Execution timeOut="1800000" id="8cc0109f-1298-4a14-acf2-2bf376a507d9" />
      <TestMethod codeBase="D:/Development/ExcitingCode/EC Entity Validation Engine demo/ValidationEngineTests/bin/Debug/ValidationEngineTests.DLL" adapterTypeName="Microsoft.VisualStudio.TestTools.TestTypes.Unit.UnitTestAdapter, Microsoft.VisualStudio.QualityTools.Tips.UnitTest.Adapter, Version=10.0.0.0, Culture=neutral, PublicKeyToken=b03f5f7f11d50a3a" className="ValidationEngineTests.BusinessObjects.CustomerEntityTest, ValidationEngineTests, Version=1.0.0.0, Culture=neutral, PublicKeyToken=null" name="Validate_with_negative_integer_should_be_invalid" />
    </UnitTest>
    <UnitTest name="Validate_with_zero_should_be_valid" storage="d:\development\excitingcode\ec entity validation engine demo\validationenginetests\bin\debug\validationenginetests.dll" id="4ec799e2-1c8e-3017-d90f-30d351e22019">
      <Execution timeOut="1800000" id="e963e506-a279-4c89-be63-80e6e0c9f9b5" />
      <TestMethod codeBase="D:/Development/ExcitingCode/EC Entity Validation Engine demo/ValidationEngineTests/bin/Debug/ValidationEngineTests.DLL" adapterTypeName="Microsoft.VisualStudio.TestTools.TestTypes.Unit.UnitTestAdapter, Microsoft.VisualStudio.QualityTools.Tips.UnitTest.Adapter, Version=10.0.0.0, Culture=neutral, PublicKeyToken=b03f5f7f11d50a3a" className="ValidationEngineTests.BusinessObjects.CustomerEntityTest, ValidationEngineTests, Version=1.0.0.0, Culture=neutral, PublicKeyToken=null" name="Validate_with_zero_should_be_valid" />
    </UnitTest>
  </TestDefinitions>
  <TestLists>
    <TestList name="Results Not in a List" id="8c84fa94-04c1-424b-9868-57a2d4851a1d" />
    <TestList name="All Loaded Results" id="19431567-8539-422a-85d7-44ee4e166bda" />
  </TestLists>
  <TestEntries>
    <TestEntry testId="a1a13cff-fde0-c516-bf6d-c6adc6a5cb6b" executionId="982d0417-0bbe-404d-9f47-b5804bfe0f19" testListId="8c84fa94-04c1-424b-9868-57a2d4851a1d" />
    <TestEntry testId="2e9453f1-a56e-4022-9115-f9b55d663bb8" executionId="097745c6-ba05-4f77-99bf-ce5195b01c6c" testListId="8c84fa94-04c1-424b-9868-57a2d4851a1d" />
    <TestEntry testId="dc5215bc-e70d-f9e5-a6e2-efba78fa7dca" executionId="1271ed5c-0741-450c-b5a7-0def1c92cee7" testListId="8c84fa94-04c1-424b-9868-57a2d4851a1d" />
    <TestEntry testId="0999911f-b63f-b651-77d2-ac6439ca1f0e" executionId="8cc0109f-1298-4a14-acf2-2bf376a507d9" testListId="8c84fa94-04c1-424b-9868-57a2d4851a1d" />
    <TestEntry testId="4ee4bdbf-3fb2-9b9e-9045-b784ad7764ec" executionId="4e54fa6c-9e53-48bd-a14f-7fb735453cff" testListId="8c84fa94-04c1-424b-9868-57a2d4851a1d" />
    <TestEntry testId="4ec799e2-1c8e-3017-d90f-30d351e22019" executionId="e963e506-a279-4c89-be63-80e6e0c9f9b5" testListId="8c84fa94-04c1-424b-9868-57a2d4851a1d" />
    <TestEntry testId="2b1f701b-dcc5-79a3-5f1b-3f8b88617b22" executionId="33c1f4a5-4cbc-4d4a-8196-3352f5908e77" testListId="8c84fa94-04c1-424b-9868-57a2d4851a1d" />
    <TestEntry testId="c85756af-d8df-309a-718b-1db3cb2f0957" executionId="a7e6dc63-eec3-43c0-b8a9-deae9a7b859e" testListId="8c84fa94-04c1-424b-9868-57a2d4851a1d" />
    <TestEntry testId="8be068d6-4645-00ea-3854-df9a2dc75d10" executionId="668339b2-bc41-4c40-b8ee-57f3c289b76c" testListId="8c84fa94-04c1-424b-9868-57a2d4851a1d" />
    <TestEntry testId="1b05c7be-991f-7138-4ea7-1bf9c9cd13a5" executionId="df60372a-6df0-4502-97ee-6ef9a401ffbc" testListId="8c84fa94-04c1-424b-9868-57a2d4851a1d" />
    <TestEntry testId="d48827ce-85ae-a1ab-89c8-074dbccd0ab5" executionId="9d894612-62b8-409d-a445-1bfe0c656874" testListId="8c84fa94-04c1-424b-9868-57a2d4851a1d" />
    <TestEntry testId="428a0973-3a79-a17c-d810-a7d77f163454" executionId="1bd9c0f9-8dbc-4927-9a8c-074a54e7f043" testListId="8c84fa94-04c1-424b-9868-57a2d4851a1d" />
    <TestEntry testId="7771b7ca-1f26-c65b-0242-1406562d444a" executionId="b3aa3b9d-145c-44b3-882a-eb4664dfed83" testListId="8c84fa94-04c1-424b-9868-57a2d4851a1d" />
    <TestEntry testId="28338078-4d35-b7ed-4447-2b91687f6a97" executionId="280ef8bc-f55c-4e7e-a125-cf3490878dd6" testListId="8c84fa94-04c1-424b-9868-57a2d4851a1d" />
    <TestEntry testId="2a3ed8ce-e9b2-d37a-a29a-ca2b7c0638d6" executionId="d57e8d53-e67c-4a55-a2f9-6bfdb6374a60" testListId="8c84fa94-04c1-424b-9868-57a2d4851a1d" />
    <TestEntry testId="585bace6-6844-f6af-5cfe-21dcab184ffd" executionId="f09b857b-3d80-4d3c-8ee9-c60ccf6f3d4e" testListId="8c84fa94-04c1-424b-9868-57a2d4851a1d" />
    <TestEntry testId="a3b68e13-b1a2-2ab1-0624-177a6558a465" executionId="60c7881b-678f-4454-a1b3-ba1fc499d863" testListId="8c84fa94-04c1-424b-9868-57a2d4851a1d" />
    <TestEntry testId="175a2262-5f6b-035b-0689-c77700c4b2af" executionId="b749ed5f-e067-47e9-924a-42ef670ac959" testListId="8c84fa94-04c1-424b-9868-57a2d4851a1d" />
    <TestEntry testId="bf2e6db4-e816-74eb-de61-c5d12281291a" executionId="03af96eb-546c-444b-b8f0-bc8c513e2559" testListId="8c84fa94-04c1-424b-9868-57a2d4851a1d" />
    <TestEntry testId="abb2acfb-de92-0280-d1cd-8dc4ac1cc3c6" executionId="7cc63713-67c4-41ae-83d7-0a3572f95dc7" testListId="8c84fa94-04c1-424b-9868-57a2d4851a1d" />
    <TestEntry testId="16af2272-5959-6399-6a7e-40f5cd01cff4" executionId="dcb09f97-3735-4bcb-99a5-3ae04c18b3ea" testListId="8c84fa94-04c1-424b-9868-57a2d4851a1d" />
    <TestEntry testId="5ab84a24-a2b8-c1c0-dc44-d63064ed191c" executionId="c2943b63-505a-488f-a5d1-378e73dc6b73" testListId="8c84fa94-04c1-424b-9868-57a2d4851a1d" />
    <TestEntry testId="ca18ef9f-2acd-41f6-d6c0-d19c0f3c53f0" executionId="5c0f5ebf-2187-4f00-9648-934987e8b40c" testListId="8c84fa94-04c1-424b-9868-57a2d4851a1d" />
  </TestEntries>
  <Results>
    <UnitTestResult executionId="982d0417-0bbe-404d-9f47-b5804bfe0f19" testId="a1a13cff-fde0-c516-bf6d-c6adc6a5cb6b" testName="Validate_property_by_name_with_negative_integer_should_be_invalid" computerName="CAJENMINI" duration="00:00:00.0559608" startTime="2010-11-18T15:28:27.6163782+02:00" endTime="2010-11-18T15:28:27.8123894+02:00" testType="13cdc9d9-ddb5-4fa4-a97d-d965ccfc6d4b" outcome="Passed" testListId="8c84fa94-04c1-424b-9868-57a2d4851a1d" relativeResultsDirectory="982d0417-0bbe-404d-9f47-b5804bfe0f19">
    </UnitTestResult>
    <UnitTestResult executionId="097745c6-ba05-4f77-99bf-ce5195b01c6c" testId="2e9453f1-a56e-4022-9115-f9b55d663bb8" testName="Validate_property_by_name_with_positive_integer_should_be_valid" computerName="CAJENMINI" duration="00:00:00.0017324" startTime="2010-11-18T15:28:27.8363907+02:00" endTime="2010-11-18T15:28:27.8393909+02:00" testType="13cdc9d9-ddb5-4fa4-a97d-d965ccfc6d4b" outcome="Passed" testListId="8c84fa94-04c1-424b-9868-57a2d4851a1d" relativeResultsDirectory="097745c6-ba05-4f77-99bf-ce5195b01c6c">
    </UnitTestResult>
    <UnitTestResult executionId="1271ed5c-0741-450c-b5a7-0def1c92cee7" testId="dc5215bc-e70d-f9e5-a6e2-efba78fa7dca" testName="Validate_property_by_name_with_zero_should_be_valid" computerName="CAJENMINI" duration="00:00:00.0004832" startTime="2010-11-18T15:28:27.8413910+02:00" endTime="2010-11-18T15:28:27.8503915+02:00" testType="13cdc9d9-ddb5-4fa4-a97d-d965ccfc6d4b" outcome="Passed" testListId="8c84fa94-04c1-424b-9868-57a2d4851a1d" relativeResultsDirectory="1271ed5c-0741-450c-b5a7-0def1c92cee7">
    </UnitTestResult>
    <UnitTestResult executionId="8cc0109f-1298-4a14-acf2-2bf376a507d9" testId="0999911f-b63f-b651-77d2-ac6439ca1f0e" testName="Validate_with_negative_integer_should_be_invalid" computerName="CAJENMINI" duration="00:00:00.0174678" startTime="2010-11-18T15:28:27.8523917+02:00" endTime="2010-11-18T15:28:27.8853936+02:00" testType="13cdc9d9-ddb5-4fa4-a97d-d965ccfc6d4b" outcome="Passed" testListId="8c84fa94-04c1-424b-9868-57a2d4851a1d" relativeResultsDirectory="8cc0109f-1298-4a14-acf2-2bf376a507d9">
    </UnitTestResult>
    <UnitTestResult executionId="4e54fa6c-9e53-48bd-a14f-7fb735453cff" testId="4ee4bdbf-3fb2-9b9e-9045-b784ad7764ec" testName="Validate_with_positive_integer_should_be_valid" computerName="CAJENMINI" duration="00:00:00.0207417" startTime="2010-11-18T15:28:27.8953941+02:00" endTime="2010-11-18T15:28:27.9363965+02:00" testType="13cdc9d9-ddb5-4fa4-a97d-d965ccfc6d4b" outcome="Passed" testListId="8c84fa94-04c1-424b-9868-57a2d4851a1d" relativeResultsDirectory="4e54fa6c-9e53-48bd-a14f-7fb735453cff">
    </UnitTestResult>
    <UnitTestResult executionId="e963e506-a279-4c89-be63-80e6e0c9f9b5" testId="4ec799e2-1c8e-3017-d90f-30d351e22019" testName="Validate_with_zero_should_be_valid" computerName="CAJENMINI" duration="00:00:00.0004137" startTime="2010-11-18T15:28:27.9393966+02:00" endTime="2010-11-18T15:28:27.9423968+02:00" testType="13cdc9d9-ddb5-4fa4-a97d-d965ccfc6d4b" outcome="Passed" testListId="8c84fa94-04c1-424b-9868-57a2d4851a1d" relativeResultsDirectory="e963e506-a279-4c89-be63-80e6e0c9f9b5">
    </UnitTestResult>
    <UnitTestResult executionId="33c1f4a5-4cbc-4d4a-8196-3352f5908e77" testId="2b1f701b-dcc5-79a3-5f1b-3f8b88617b22" testName="Validate_Identity_type_of_guid_with_empty_guid_validation_should_be_invalid" computerName="CAJENMINI" duration="00:00:00.0014600" startTime="2010-11-18T15:28:27.9453970+02:00" endTime="2010-11-18T15:28:27.9483972+02:00" testType="13cdc9d9-ddb5-4fa4-a97d-d965ccfc6d4b" outcome="Passed" testListId="8c84fa94-04c1-424b-9868-57a2d4851a1d" relativeResultsDirectory="33c1f4a5-4cbc-4d4a-8196-3352f5908e77">
    </UnitTestResult>
    <UnitTestResult executionId="a7e6dc63-eec3-43c0-b8a9-deae9a7b859e" testId="c85756af-d8df-309a-718b-1db3cb2f0957" testName="Validate_Identity_type_of_guid_with_generated_guid_validation_should_be_valid" computerName="CAJENMINI" duration="00:00:00.0004927" startTime="2010-11-18T15:28:27.9523974+02:00" endTime="2010-11-18T15:28:27.9553976+02:00" testType="13cdc9d9-ddb5-4fa4-a97d-d965ccfc6d4b" outcome="Passed" testListId="8c84fa94-04c1-424b-9868-57a2d4851a1d" relativeResultsDirectory="a7e6dc63-eec3-43c0-b8a9-deae9a7b859e">
    </UnitTestResult>
    <UnitTestResult executionId="668339b2-bc41-4c40-b8ee-57f3c289b76c" testId="8be068d6-4645-00ea-3854-df9a2dc75d10" testName="Validate_Identity_type_of_integer_with_0_value_validation_should_be_valid" computerName="CAJENMINI" duration="00:00:00.0007217" startTime="2010-11-18T15:28:27.9593978+02:00" endTime="2010-11-18T15:28:27.9623980+02:00" testType="13cdc9d9-ddb5-4fa4-a97d-d965ccfc6d4b" outcome="Passed" testListId="8c84fa94-04c1-424b-9868-57a2d4851a1d" relativeResultsDirectory="668339b2-bc41-4c40-b8ee-57f3c289b76c">
    </UnitTestResult>
    <UnitTestResult executionId="df60372a-6df0-4502-97ee-6ef9a401ffbc" testId="1b05c7be-991f-7138-4ea7-1bf9c9cd13a5" testName="Validate_Identity_type_of_integer_with_negative_value_validation_should_return_be_invalid" computerName="CAJENMINI" duration="00:00:00.0008228" startTime="2010-11-18T15:28:27.9653981+02:00" endTime="2010-11-18T15:28:27.9683983+02:00" testType="13cdc9d9-ddb5-4fa4-a97d-d965ccfc6d4b" outcome="Passed" testListId="8c84fa94-04c1-424b-9868-57a2d4851a1d" relativeResultsDirectory="df60372a-6df0-4502-97ee-6ef9a401ffbc">
    </UnitTestResult>
    <UnitTestResult executionId="9d894612-62b8-409d-a445-1bfe0c656874" testId="d48827ce-85ae-a1ab-89c8-074dbccd0ab5" testName="Validate_Identity_type_of_integer_with_postive_value_validation_should_be_valid" computerName="CAJENMINI" duration="00:00:00.0005243" startTime="2010-11-18T15:28:27.9703984+02:00" endTime="2010-11-18T15:28:27.9723985+02:00" testType="13cdc9d9-ddb5-4fa4-a97d-d965ccfc6d4b" outcome="Passed" testListId="8c84fa94-04c1-424b-9868-57a2d4851a1d" relativeResultsDirectory="9d894612-62b8-409d-a445-1bfe0c656874">
    </UnitTestResult>
    <UnitTestResult executionId="1bd9c0f9-8dbc-4927-9a8c-074a54e7f043" testId="428a0973-3a79-a17c-d810-a7d77f163454" testName="Validate_empty_property_type_of_string_with_any_value_should_be_invalid" computerName="CAJENMINI" duration="00:00:00.0019006" startTime="2010-11-18T15:28:27.9773988+02:00" endTime="2010-11-18T15:28:27.9813990+02:00" testType="13cdc9d9-ddb5-4fa4-a97d-d965ccfc6d4b" outcome="Passed" testListId="8c84fa94-04c1-424b-9868-57a2d4851a1d" relativeResultsDirectory="1bd9c0f9-8dbc-4927-9a8c-074a54e7f043">
    </UnitTestResult>
    <UnitTestResult executionId="b3aa3b9d-145c-44b3-882a-eb4664dfed83" testId="7771b7ca-1f26-c65b-0242-1406562d444a" testName="Validate_empty_property_type_of_string_with_empty_expression_should_be_invalid" computerName="CAJENMINI" duration="00:00:00.0179194" startTime="2010-11-18T15:28:27.9853993+02:00" endTime="2010-11-18T15:28:28.0064005+02:00" testType="13cdc9d9-ddb5-4fa4-a97d-d965ccfc6d4b" outcome="Passed" testListId="8c84fa94-04c1-424b-9868-57a2d4851a1d" relativeResultsDirectory="b3aa3b9d-145c-44b3-882a-eb4664dfed83">
      <Output>
        <DebugTrace>System.ArgumentException: Expression value is not set. Currently RegexValidationRule does not support empty validation expression.
   at EC.EntityValidationEngine.Validation.BusinessRules.RegexValidationRule.Validate(ValidatableObjectBase businessObject) in D:\Development\ExcitingCode\EC Entity Validation Engine demo\EC Entity Validation Engine demo\Validation\BusinessRules\RegexValidationRule.cs:line 63
</DebugTrace>
      </Output>
    </UnitTestResult>
    <UnitTestResult executionId="280ef8bc-f55c-4e7e-a125-cf3490878dd6" testId="28338078-4d35-b7ed-4447-2b91687f6a97" testName="Validate_property_type_of_string_with_any_value_should_be_valid" computerName="CAJENMINI" duration="00:00:00.0004477" startTime="2010-11-18T15:28:28.0124008+02:00" endTime="2010-11-18T15:28:28.0154010+02:00" testType="13cdc9d9-ddb5-4fa4-a97d-d965ccfc6d4b" outcome="Passed" testListId="8c84fa94-04c1-424b-9868-57a2d4851a1d" relativeResultsDirectory="280ef8bc-f55c-4e7e-a125-cf3490878dd6">
    </UnitTestResult>
    <UnitTestResult executionId="d57e8d53-e67c-4a55-a2f9-6bfdb6374a60" testId="2a3ed8ce-e9b2-d37a-a29a-ca2b7c0638d6" testName="Validate_property_type_of_string_with_empty_expression_should_be_invalid" computerName="CAJENMINI" duration="00:00:00.0579925" startTime="2010-11-18T15:28:28.0194012+02:00" endTime="2010-11-18T15:28:28.0794046+02:00" testType="13cdc9d9-ddb5-4fa4-a97d-d965ccfc6d4b" outcome="Passed" testListId="8c84fa94-04c1-424b-9868-57a2d4851a1d" relativeResultsDirectory="d57e8d53-e67c-4a55-a2f9-6bfdb6374a60">
      <Output>
        <DebugTrace>System.ArgumentException: Expression value is not set. Currently RegexValidationRule does not support empty validation expression.
   at EC.EntityValidationEngine.Validation.BusinessRules.RegexValidationRule.Validate(ValidatableObjectBase businessObject) in D:\Development\ExcitingCode\EC Entity Validation Engine demo\EC Entity Validation Engine demo\Validation\BusinessRules\RegexValidationRule.cs:line 63
</DebugTrace>
      </Output>
    </UnitTestResult>
    <UnitTestResult executionId="f09b857b-3d80-4d3c-8ee9-c60ccf6f3d4e" testId="585bace6-6844-f6af-5cfe-21dcab184ffd" testName="Get_detailed_error_message_with_custom_message_should_return_defined_custom_message" computerName="CAJENMINI" duration="00:00:00.0038692" startTime="2010-11-18T15:28:28.0824048+02:00" endTime="2010-11-18T15:28:28.0904053+02:00" testType="13cdc9d9-ddb5-4fa4-a97d-d965ccfc6d4b" outcome="Passed" testListId="8c84fa94-04c1-424b-9868-57a2d4851a1d" relativeResultsDirectory="f09b857b-3d80-4d3c-8ee9-c60ccf6f3d4e">
    </UnitTestResult>
    <UnitTestResult executionId="60c7881b-678f-4454-a1b3-ba1fc499d863" testId="a3b68e13-b1a2-2ab1-0624-177a6558a465" testName="Get_detailer_error_message_with_default_error_message" computerName="CAJENMINI" duration="00:00:00.0009554" startTime="2010-11-18T15:28:28.0934054+02:00" endTime="2010-11-18T15:28:28.0974057+02:00" testType="13cdc9d9-ddb5-4fa4-a97d-d965ccfc6d4b" outcome="Passed" testListId="8c84fa94-04c1-424b-9868-57a2d4851a1d" relativeResultsDirectory="60c7881b-678f-4454-a1b3-ba1fc499d863">
    </UnitTestResult>
    <UnitTestResult executionId="b749ed5f-e067-47e9-924a-42ef670ac959" testId="175a2262-5f6b-035b-0689-c77700c4b2af" testName="Add_new_rule_to_entity_and_it_is_attached_to_rule_list" computerName="CAJENMINI" duration="00:00:00.7209508" startTime="2010-11-18T15:28:28.0994058+02:00" endTime="2010-11-18T15:28:28.8244473+02:00" testType="13cdc9d9-ddb5-4fa4-a97d-d965ccfc6d4b" outcome="Passed" testListId="8c84fa94-04c1-424b-9868-57a2d4851a1d" relativeResultsDirectory="b749ed5f-e067-47e9-924a-42ef670ac959">
    </UnitTestResult>
    <UnitTestResult executionId="03af96eb-546c-444b-b8f0-bc8c513e2559" testId="bf2e6db4-e816-74eb-de61-c5d12281291a" testName="Validate_business_entity_with_mocked_validation_rule_should_be_invalid_and_new_validation_error_should_be_added_to_the_entity" computerName="CAJENMINI" duration="00:00:00.0279464" startTime="2010-11-18T15:28:28.8274474+02:00" endTime="2010-11-18T15:28:28.8564491+02:00" testType="13cdc9d9-ddb5-4fa4-a97d-d965ccfc6d4b" outcome="Passed" testListId="8c84fa94-04c1-424b-9868-57a2d4851a1d" relativeResultsDirectory="03af96eb-546c-444b-b8f0-bc8c513e2559">
    </UnitTestResult>
    <UnitTestResult executionId="7cc63713-67c4-41ae-83d7-0a3572f95dc7" testId="abb2acfb-de92-0280-d1cd-8dc4ac1cc3c6" testName="Validate_business_entity_with_mocked_validation_rule_should_be_valid" computerName="CAJENMINI" duration="00:00:00.0016314" startTime="2010-11-18T15:28:28.8614494+02:00" endTime="2010-11-18T15:28:28.8654496+02:00" testType="13cdc9d9-ddb5-4fa4-a97d-d965ccfc6d4b" outcome="Passed" testListId="8c84fa94-04c1-424b-9868-57a2d4851a1d" relativeResultsDirectory="7cc63713-67c4-41ae-83d7-0a3572f95dc7">
    </UnitTestResult>
    <UnitTestResult executionId="dcb09f97-3735-4bcb-99a5-3ae04c18b3ea" testId="16af2272-5959-6399-6a7e-40f5cd01cff4" testName="Validate_business_entitys_Id_property_with_mocked_validation_rule_should_be_invalid_and_new_validation_error_should_be_added_to_the_entity" computerName="CAJENMINI" duration="00:00:00.0028687" startTime="2010-11-18T15:28:28.8684498+02:00" endTime="2010-11-18T15:28:28.8734501+02:00" testType="13cdc9d9-ddb5-4fa4-a97d-d965ccfc6d4b" outcome="Passed" testListId="8c84fa94-04c1-424b-9868-57a2d4851a1d" relativeResultsDirectory="dcb09f97-3735-4bcb-99a5-3ae04c18b3ea">
    </UnitTestResult>
    <UnitTestResult executionId="c2943b63-505a-488f-a5d1-378e73dc6b73" testId="5ab84a24-a2b8-c1c0-dc44-d63064ed191c" testName="Validate_business_entitys_ID_property_with_mocked_validation_rule_should_be_valid" computerName="CAJENMINI" duration="00:00:00.0085692" startTime="2010-11-18T15:28:28.8764502+02:00" endTime="2010-11-18T15:28:28.8904510+02:00" testType="13cdc9d9-ddb5-4fa4-a97d-d965ccfc6d4b" outcome="Passed" testListId="8c84fa94-04c1-424b-9868-57a2d4851a1d" relativeResultsDirectory="c2943b63-505a-488f-a5d1-378e73dc6b73">
    </UnitTestResult>
    <UnitTestResult executionId="5c0f5ebf-2187-4f00-9648-934987e8b40c" testId="ca18ef9f-2acd-41f6-d6c0-d19c0f3c53f0" testName="Validate_business_entitys_Name_property_without_business_rule_attached_to_it_should_be_valid" computerName="CAJENMINI" duration="00:00:00.0021612" startTime="2010-11-18T15:28:28.8944513+02:00" endTime="2010-11-18T15:28:28.8974514+02:00" testType="13cdc9d9-ddb5-4fa4-a97d-d965ccfc6d4b" outcome="Passed" testListId="8c84fa94-04c1-424b-9868-57a2d4851a1d" relativeResultsDirectory="5c0f5ebf-2187-4f00-9648-934987e8b40c">
    </UnitTestResult>
  </Results>
</TestRun>