<?xml version="1.0" encoding="UTF-8"?>
<TestRun id="6a916d2e-b87d-445e-990d-708c00e61bde" name="Caje@CAJENMINI 2010-11-18 19:50:49" runUser="CajenMini\Caje" xmlns="http://microsoft.com/schemas/VisualStudio/TeamTest/2010">
  <TestSettings name="Local" id="74c20c05-f50f-4bcf-9ac8-c4ec1b633eca">
    <Description>These are default test settings for a local test run.</Description>
    <Deployment enabled="false" runDeploymentRoot="Caje_CAJENMINI 2010-11-18 19_50_49" />
    <Execution>
      <TestTypeSpecific />
      <AgentRule name="Execution Agents">
      </AgentRule>
    </Execution>
  </TestSettings>
  <Times creation="2010-11-18T19:50:49.1521736+02:00" queuing="2010-11-18T19:50:49.7272065+02:00" start="2010-11-18T19:50:50.3812439+02:00" finish="2010-11-18T19:50:52.2343499+02:00" />
  <ResultSummary outcome="Completed">
    <Counters total="23" executed="23" passed="23" error="0" failed="0" timeout="0" aborted="0" inconclusive="0" passedButRunAborted="0" notRunnable="0" notExecuted="0" disconnected="0" warning="0" completed="0" inProgress="0" pending="0" />
  </ResultSummary>
  <TestDefinitions>
    <UnitTest name="Validate_Identity_type_of_guid_with_generated_guid_validation_should_be_valid" storage="c:\users\caje\desktop\ec entity validation engine demo\validationenginetests\bin\debug\validationenginetests.dll" id="c85756af-d8df-309a-718b-1db3cb2f0957">
      <Execution timeOut="1800000" id="10979af2-ce50-4275-891e-a8c8dd55ee3b" />
      <TestMethod codeBase="C:/Users/Caje/Desktop/EC Entity Validation Engine demo/ValidationEngineTests/bin/Debug/ValidationEngineTests.DLL" adapterTypeName="Microsoft.VisualStudio.TestTools.TestTypes.Unit.UnitTestAdapter, Microsoft.VisualStudio.QualityTools.Tips.UnitTest.Adapter, Version=10.0.0.0, Culture=neutral, PublicKeyToken=b03f5f7f11d50a3a" className="ValidationEngineTests.Validation.BusinessRules.IdentityValidationRuleTest, ValidationEngineTests, Version=1.0.0.0, Culture=neutral, PublicKeyToken=null" name="Validate_Identity_type_of_guid_with_generated_guid_validation_should_be_valid" />
    </UnitTest>
    <UnitTest name="Validate_Identity_type_of_guid_with_empty_guid_validation_should_be_invalid" storage="c:\users\caje\desktop\ec entity validation engine demo\validationenginetests\bin\debug\validationenginetests.dll" id="2b1f701b-dcc5-79a3-5f1b-3f8b88617b22">
      <Execution timeOut="1800000" id="bee2cda7-9875-47c1-83cf-ad32bf40b78f" />
      <TestMethod codeBase="C:/Users/Caje/Desktop/EC Entity Validation Engine demo/ValidationEngineTests/bin/Debug/ValidationEngineTests.DLL" adapterTypeName="Microsoft.VisualStudio.TestTools.TestTypes.Unit.UnitTestAdapter, Microsoft.VisualStudio.QualityTools.Tips.UnitTest.Adapter, Version=10.0.0.0, Culture=neutral, PublicKeyToken=b03f5f7f11d50a3a" className="ValidationEngineTests.Validation.BusinessRules.IdentityValidationRuleTest, ValidationEngineTests, Version=1.0.0.0, Culture=neutral, PublicKeyToken=null" name="Validate_Identity_type_of_guid_with_empty_guid_validation_should_be_invalid" />
    </UnitTest>
    <UnitTest name="Validate_property_by_name_with_positive_integer_should_be_valid" storage="c:\users\caje\desktop\ec entity validation engine demo\validationenginetests\bin\debug\validationenginetests.dll" id="2e9453f1-a56e-4022-9115-f9b55d663bb8">
      <Execution timeOut="1800000" id="2c4c291e-6e4b-4888-898a-3028b627f8cb" />
      <TestMethod codeBase="C:/Users/Caje/Desktop/EC Entity Validation Engine demo/ValidationEngineTests/bin/Debug/ValidationEngineTests.DLL" adapterTypeName="Microsoft.VisualStudio.TestTools.TestTypes.Unit.UnitTestAdapter, Microsoft.VisualStudio.QualityTools.Tips.UnitTest.Adapter, Version=10.0.0.0, Culture=neutral, PublicKeyToken=b03f5f7f11d50a3a" className="ValidationEngineTests.BusinessObjects.CustomerEntityTest, ValidationEngineTests, Version=1.0.0.0, Culture=neutral, PublicKeyToken=null" name="Validate_property_by_name_with_positive_integer_should_be_valid" />
    </UnitTest>
    <UnitTest name="Validate_business_entitys_Name_property_without_business_rule_attached_to_it_should_be_valid" storage="c:\users\caje\desktop\ec entity validation engine demo\validationenginetests\bin\debug\validationenginetests.dll" id="ca18ef9f-2acd-41f6-d6c0-d19c0f3c53f0">
      <Execution timeOut="1800000" id="010f9254-cc57-4fb8-93e8-36b8690cd609" />
      <TestMethod codeBase="C:/Users/Caje/Desktop/EC Entity Validation Engine demo/ValidationEngineTests/bin/Debug/ValidationEngineTests.DLL" adapterTypeName="Microsoft.VisualStudio.TestTools.TestTypes.Unit.UnitTestAdapter, Microsoft.VisualStudio.QualityTools.Tips.UnitTest.Adapter, Version=10.0.0.0, Culture=neutral, PublicKeyToken=b03f5f7f11d50a3a" className="ValidationEngineTests.Validation.ValidableObjectBaseTest, ValidationEngineTests, Version=1.0.0.0, Culture=neutral, PublicKeyToken=null" name="Validate_business_entitys_Name_property_without_business_rule_attached_to_it_should_be_valid" />
    </UnitTest>
    <UnitTest name="Validate_Identity_type_of_integer_with_0_value_validation_should_be_valid" storage="c:\users\caje\desktop\ec entity validation engine demo\validationenginetests\bin\debug\validationenginetests.dll" id="8be068d6-4645-00ea-3854-df9a2dc75d10">
      <Execution timeOut="1800000" id="dbaa65e2-7be7-4d19-bd31-428b2e650513" />
      <TestMethod codeBase="C:/Users/Caje/Desktop/EC Entity Validation Engine demo/ValidationEngineTests/bin/Debug/ValidationEngineTests.DLL" adapterTypeName="Microsoft.VisualStudio.TestTools.TestTypes.Unit.UnitTestAdapter, Microsoft.VisualStudio.QualityTools.Tips.UnitTest.Adapter, Version=10.0.0.0, Culture=neutral, PublicKeyToken=b03f5f7f11d50a3a" className="ValidationEngineTests.Validation.BusinessRules.IdentityValidationRuleTest, ValidationEngineTests, Version=1.0.0.0, Culture=neutral, PublicKeyToken=null" name="Validate_Identity_type_of_integer_with_0_value_validation_should_be_valid" />
    </UnitTest>
    <UnitTest name="Get_detailed_error_message_with_custom_message_should_return_defined_custom_message" storage="c:\users\caje\desktop\ec entity validation engine demo\validationenginetests\bin\debug\validationenginetests.dll" id="585bace6-6844-f6af-5cfe-21dcab184ffd">
      <Execution timeOut="1800000" id="7eaff9a0-a84b-4ebf-8c12-86b188781947" />
      <TestMethod codeBase="C:/Users/Caje/Desktop/EC Entity Validation Engine demo/ValidationEngineTests/bin/Debug/ValidationEngineTests.DLL" adapterTypeName="Microsoft.VisualStudio.TestTools.TestTypes.Unit.UnitTestAdapter, Microsoft.VisualStudio.QualityTools.Tips.UnitTest.Adapter, Version=10.0.0.0, Culture=neutral, PublicKeyToken=b03f5f7f11d50a3a" className="ValidationEngineTests.Validation.ErrorObjectTest, ValidationEngineTests, Version=1.0.0.0, Culture=neutral, PublicKeyToken=null" name="Get_detailed_error_message_with_custom_message_should_return_defined_custom_message" />
    </UnitTest>
    <UnitTest name="Validate_property_by_name_with_zero_should_be_valid" storage="c:\users\caje\desktop\ec entity validation engine demo\validationenginetests\bin\debug\validationenginetests.dll" id="dc5215bc-e70d-f9e5-a6e2-efba78fa7dca">
      <Execution timeOut="1800000" id="d471327f-3b4d-4aa3-977f-e4f5250804c5" />
      <TestMethod codeBase="C:/Users/Caje/Desktop/EC Entity Validation Engine demo/ValidationEngineTests/bin/Debug/ValidationEngineTests.DLL" adapterTypeName="Microsoft.VisualStudio.TestTools.TestTypes.Unit.UnitTestAdapter, Microsoft.VisualStudio.QualityTools.Tips.UnitTest.Adapter, Version=10.0.0.0, Culture=neutral, PublicKeyToken=b03f5f7f11d50a3a" className="ValidationEngineTests.BusinessObjects.CustomerEntityTest, ValidationEngineTests, Version=1.0.0.0, Culture=neutral, PublicKeyToken=null" name="Validate_property_by_name_with_zero_should_be_valid" />
    </UnitTest>
    <UnitTest name="Validate_empty_property_type_of_string_with_any_value_should_be_invalid" storage="c:\users\caje\desktop\ec entity validation engine demo\validationenginetests\bin\debug\validationenginetests.dll" id="428a0973-3a79-a17c-d810-a7d77f163454">
      <Execution timeOut="1800000" id="ad58485c-dc91-4e3e-835b-c054d62c03c1" />
      <TestMethod codeBase="C:/Users/Caje/Desktop/EC Entity Validation Engine demo/ValidationEngineTests/bin/Debug/ValidationEngineTests.DLL" adapterTypeName="Microsoft.VisualStudio.TestTools.TestTypes.Unit.UnitTestAdapter, Microsoft.VisualStudio.QualityTools.Tips.UnitTest.Adapter, Version=10.0.0.0, Culture=neutral, PublicKeyToken=b03f5f7f11d50a3a" className="ValidationEngineTests.Validation.BusinessRules.RegexValidationRuleTest, ValidationEngineTests, Version=1.0.0.0, Culture=neutral, PublicKeyToken=null" name="Validate_empty_property_type_of_string_with_any_value_should_be_invalid" />
    </UnitTest>
    <UnitTest name="Validate_business_entitys_ID_property_with_mocked_validation_rule_should_be_valid" storage="c:\users\caje\desktop\ec entity validation engine demo\validationenginetests\bin\debug\validationenginetests.dll" id="5ab84a24-a2b8-c1c0-dc44-d63064ed191c">
      <Execution timeOut="1800000" id="11d92173-a21d-4c7f-8d51-265ff8da3046" />
      <TestMethod codeBase="C:/Users/Caje/Desktop/EC Entity Validation Engine demo/ValidationEngineTests/bin/Debug/ValidationEngineTests.DLL" adapterTypeName="Microsoft.VisualStudio.TestTools.TestTypes.Unit.UnitTestAdapter, Microsoft.VisualStudio.QualityTools.Tips.UnitTest.Adapter, Version=10.0.0.0, Culture=neutral, PublicKeyToken=b03f5f7f11d50a3a" className="ValidationEngineTests.Validation.ValidableObjectBaseTest, ValidationEngineTests, Version=1.0.0.0, Culture=neutral, PublicKeyToken=null" name="Validate_business_entitys_ID_property_with_mocked_validation_rule_should_be_valid" />
    </UnitTest>
    <UnitTest name="Get_detailer_error_message_with_default_error_message" storage="c:\users\caje\desktop\ec entity validation engine demo\validationenginetests\bin\debug\validationenginetests.dll" id="a3b68e13-b1a2-2ab1-0624-177a6558a465">
      <Execution timeOut="1800000" id="7a0f5cd1-670d-4a04-a03a-7bf208b30cdf" />
      <TestMethod codeBase="C:/Users/Caje/Desktop/EC Entity Validation Engine demo/ValidationEngineTests/bin/Debug/ValidationEngineTests.DLL" adapterTypeName="Microsoft.VisualStudio.TestTools.TestTypes.Unit.UnitTestAdapter, Microsoft.VisualStudio.QualityTools.Tips.UnitTest.Adapter, Version=10.0.0.0, Culture=neutral, PublicKeyToken=b03f5f7f11d50a3a" className="ValidationEngineTests.Validation.ErrorObjectTest, ValidationEngineTests, Version=1.0.0.0, Culture=neutral, PublicKeyToken=null" name="Get_detailer_error_message_with_default_error_message" />
    </UnitTest>
    <UnitTest name="Validate_business_entitys_Id_property_with_mocked_validation_rule_should_be_invalid_and_new_validation_error_should_be_added_to_the_entity" storage="c:\users\caje\desktop\ec entity validation engine demo\validationenginetests\bin\debug\validationenginetests.dll" id="16af2272-5959-6399-6a7e-40f5cd01cff4">
      <Execution timeOut="1800000" id="67b3f08e-b24d-4ce6-94ee-1dfcaf1af275" />
      <TestMethod codeBase="C:/Users/Caje/Desktop/EC Entity Validation Engine demo/ValidationEngineTests/bin/Debug/ValidationEngineTests.DLL" adapterTypeName="Microsoft.VisualStudio.TestTools.TestTypes.Unit.UnitTestAdapter, Microsoft.VisualStudio.QualityTools.Tips.UnitTest.Adapter, Version=10.0.0.0, Culture=neutral, PublicKeyToken=b03f5f7f11d50a3a" className="ValidationEngineTests.Validation.ValidableObjectBaseTest, ValidationEngineTests, Version=1.0.0.0, Culture=neutral, PublicKeyToken=null" name="Validate_business_entitys_Id_property_with_mocked_validation_rule_should_be_invalid_and_new_validation_error_should_be_added_to_the_entity" />
    </UnitTest>
    <UnitTest name="Validate_empty_property_type_of_string_with_empty_expression_should_be_invalid" storage="c:\users\caje\desktop\ec entity validation engine demo\validationenginetests\bin\debug\validationenginetests.dll" id="7771b7ca-1f26-c65b-0242-1406562d444a">
      <Execution timeOut="1800000" id="0b8edb63-5180-4a0a-a2d8-fa42ac9e354f" />
      <TestMethod codeBase="C:/Users/Caje/Desktop/EC Entity Validation Engine demo/ValidationEngineTests/bin/Debug/ValidationEngineTests.DLL" adapterTypeName="Microsoft.VisualStudio.TestTools.TestTypes.Unit.UnitTestAdapter, Microsoft.VisualStudio.QualityTools.Tips.UnitTest.Adapter, Version=10.0.0.0, Culture=neutral, PublicKeyToken=b03f5f7f11d50a3a" className="ValidationEngineTests.Validation.BusinessRules.RegexValidationRuleTest, ValidationEngineTests, Version=1.0.0.0, Culture=neutral, PublicKeyToken=null" name="Validate_empty_property_type_of_string_with_empty_expression_should_be_invalid" />
    </UnitTest>
    <UnitTest name="Add_new_rule_to_entity_and_it_is_attached_to_rule_list" storage="c:\users\caje\desktop\ec entity validation engine demo\validationenginetests\bin\debug\validationenginetests.dll" id="175a2262-5f6b-035b-0689-c77700c4b2af">
      <Execution timeOut="1800000" id="97cf75cf-e750-4108-8230-634b94799131" />
      <TestMethod codeBase="C:/Users/Caje/Desktop/EC Entity Validation Engine demo/ValidationEngineTests/bin/Debug/ValidationEngineTests.DLL" adapterTypeName="Microsoft.VisualStudio.TestTools.TestTypes.Unit.UnitTestAdapter, Microsoft.VisualStudio.QualityTools.Tips.UnitTest.Adapter, Version=10.0.0.0, Culture=neutral, PublicKeyToken=b03f5f7f11d50a3a" className="ValidationEngineTests.Validation.ValidableObjectBaseTest, ValidationEngineTests, Version=1.0.0.0, Culture=neutral, PublicKeyToken=null" name="Add_new_rule_to_entity_and_it_is_attached_to_rule_list" />
    </UnitTest>
    <UnitTest name="Validate_property_type_of_string_with_empty_expression_should_be_invalid" storage="c:\users\caje\desktop\ec entity validation engine demo\validationenginetests\bin\debug\validationenginetests.dll" id="2a3ed8ce-e9b2-d37a-a29a-ca2b7c0638d6">
      <Execution timeOut="1800000" id="9531e653-6276-418e-ba54-9566fbb327f6" />
      <TestMethod codeBase="C:/Users/Caje/Desktop/EC Entity Validation Engine demo/ValidationEngineTests/bin/Debug/ValidationEngineTests.DLL" adapterTypeName="Microsoft.VisualStudio.TestTools.TestTypes.Unit.UnitTestAdapter, Microsoft.VisualStudio.QualityTools.Tips.UnitTest.Adapter, Version=10.0.0.0, Culture=neutral, PublicKeyToken=b03f5f7f11d50a3a" className="ValidationEngineTests.Validation.BusinessRules.RegexValidationRuleTest, ValidationEngineTests, Version=1.0.0.0, Culture=neutral, PublicKeyToken=null" name="Validate_property_type_of_string_with_empty_expression_should_be_invalid" />
    </UnitTest>
    <UnitTest name="Validate_with_positive_integer_should_be_valid" storage="c:\users\caje\desktop\ec entity validation engine demo\validationenginetests\bin\debug\validationenginetests.dll" id="4ee4bdbf-3fb2-9b9e-9045-b784ad7764ec">
      <Execution timeOut="1800000" id="a8fb19d2-8721-460a-9959-ff24b02cf947" />
      <TestMethod codeBase="C:/Users/Caje/Desktop/EC Entity Validation Engine demo/ValidationEngineTests/bin/Debug/ValidationEngineTests.DLL" adapterTypeName="Microsoft.VisualStudio.TestTools.TestTypes.Unit.UnitTestAdapter, Microsoft.VisualStudio.QualityTools.Tips.UnitTest.Adapter, Version=10.0.0.0, Culture=neutral, PublicKeyToken=b03f5f7f11d50a3a" className="ValidationEngineTests.BusinessObjects.CustomerEntityTest, ValidationEngineTests, Version=1.0.0.0, Culture=neutral, PublicKeyToken=null" name="Validate_with_positive_integer_should_be_valid" />
    </UnitTest>
    <UnitTest name="Validate_Identity_type_of_integer_with_negative_value_validation_should_return_be_invalid" storage="c:\users\caje\desktop\ec entity validation engine demo\validationenginetests\bin\debug\validationenginetests.dll" id="1b05c7be-991f-7138-4ea7-1bf9c9cd13a5">
      <Execution timeOut="1800000" id="d83af760-f905-46ce-b7d4-ba58686da656" />
      <TestMethod codeBase="C:/Users/Caje/Desktop/EC Entity Validation Engine demo/ValidationEngineTests/bin/Debug/ValidationEngineTests.DLL" adapterTypeName="Microsoft.VisualStudio.TestTools.TestTypes.Unit.UnitTestAdapter, Microsoft.VisualStudio.QualityTools.Tips.UnitTest.Adapter, Version=10.0.0.0, Culture=neutral, PublicKeyToken=b03f5f7f11d50a3a" className="ValidationEngineTests.Validation.BusinessRules.IdentityValidationRuleTest, ValidationEngineTests, Version=1.0.0.0, Culture=neutral, PublicKeyToken=null" name="Validate_Identity_type_of_integer_with_negative_value_validation_should_return_be_invalid" />
    </UnitTest>
    <UnitTest name="Validate_Identity_type_of_integer_with_postive_value_validation_should_be_valid" storage="c:\users\caje\desktop\ec entity validation engine demo\validationenginetests\bin\debug\validationenginetests.dll" id="d48827ce-85ae-a1ab-89c8-074dbccd0ab5">
      <Execution timeOut="1800000" id="3c9b1162-df65-4181-a2f9-1fd39f31d98a" />
      <TestMethod codeBase="C:/Users/Caje/Desktop/EC Entity Validation Engine demo/ValidationEngineTests/bin/Debug/ValidationEngineTests.DLL" adapterTypeName="Microsoft.VisualStudio.TestTools.TestTypes.Unit.UnitTestAdapter, Microsoft.VisualStudio.QualityTools.Tips.UnitTest.Adapter, Version=10.0.0.0, Culture=neutral, PublicKeyToken=b03f5f7f11d50a3a" className="ValidationEngineTests.Validation.BusinessRules.IdentityValidationRuleTest, ValidationEngineTests, Version=1.0.0.0, Culture=neutral, PublicKeyToken=null" name="Validate_Identity_type_of_integer_with_postive_value_validation_should_be_valid" />
    </UnitTest>
    <UnitTest name="Validate_business_entity_with_mocked_validation_rule_should_be_valid" storage="c:\users\caje\desktop\ec entity validation engine demo\validationenginetests\bin\debug\validationenginetests.dll" id="abb2acfb-de92-0280-d1cd-8dc4ac1cc3c6">
      <Execution timeOut="1800000" id="cbf09e05-1f41-4138-a53e-f10c18bac4e0" />
      <TestMethod codeBase="C:/Users/Caje/Desktop/EC Entity Validation Engine demo/ValidationEngineTests/bin/Debug/ValidationEngineTests.DLL" adapterTypeName="Microsoft.VisualStudio.TestTools.TestTypes.Unit.UnitTestAdapter, Microsoft.VisualStudio.QualityTools.Tips.UnitTest.Adapter, Version=10.0.0.0, Culture=neutral, PublicKeyToken=b03f5f7f11d50a3a" className="ValidationEngineTests.Validation.ValidableObjectBaseTest, ValidationEngineTests, Version=1.0.0.0, Culture=neutral, PublicKeyToken=null" name="Validate_business_entity_with_mocked_validation_rule_should_be_valid" />
    </UnitTest>
    <UnitTest name="Validate_business_entity_with_mocked_validation_rule_should_be_invalid_and_new_validation_error_should_be_added_to_the_entity" storage="c:\users\caje\desktop\ec entity validation engine demo\validationenginetests\bin\debug\validationenginetests.dll" id="bf2e6db4-e816-74eb-de61-c5d12281291a">
      <Execution timeOut="1800000" id="84abec53-16b9-4fbb-b018-a89a40ff41bc" />
      <TestMethod codeBase="C:/Users/Caje/Desktop/EC Entity Validation Engine demo/ValidationEngineTests/bin/Debug/ValidationEngineTests.DLL" adapterTypeName="Microsoft.VisualStudio.TestTools.TestTypes.Unit.UnitTestAdapter, Microsoft.VisualStudio.QualityTools.Tips.UnitTest.Adapter, Version=10.0.0.0, Culture=neutral, PublicKeyToken=b03f5f7f11d50a3a" className="ValidationEngineTests.Validation.ValidableObjectBaseTest, ValidationEngineTests, Version=1.0.0.0, Culture=neutral, PublicKeyToken=null" name="Validate_business_entity_with_mocked_validation_rule_should_be_invalid_and_new_validation_error_should_be_added_to_the_entity" />
    </UnitTest>
    <UnitTest name="Validate_property_by_name_with_negative_integer_should_be_invalid" storage="c:\users\caje\desktop\ec entity validation engine demo\validationenginetests\bin\debug\validationenginetests.dll" id="a1a13cff-fde0-c516-bf6d-c6adc6a5cb6b">
      <Execution timeOut="1800000" id="504f6a96-1775-4a19-a38d-03f747c526f7" />
      <TestMethod codeBase="C:/Users/Caje/Desktop/EC Entity Validation Engine demo/ValidationEngineTests/bin/Debug/ValidationEngineTests.DLL" adapterTypeName="Microsoft.VisualStudio.TestTools.TestTypes.Unit.UnitTestAdapter, Microsoft.VisualStudio.QualityTools.Tips.UnitTest.Adapter, Version=10.0.0.0, Culture=neutral, PublicKeyToken=b03f5f7f11d50a3a" className="ValidationEngineTests.BusinessObjects.CustomerEntityTest, ValidationEngineTests, Version=1.0.0.0, Culture=neutral, PublicKeyToken=null" name="Validate_property_by_name_with_negative_integer_should_be_invalid" />
    </UnitTest>
    <UnitTest name="Validate_property_type_of_string_with_any_value_should_be_valid" storage="c:\users\caje\desktop\ec entity validation engine demo\validationenginetests\bin\debug\validationenginetests.dll" id="28338078-4d35-b7ed-4447-2b91687f6a97">
      <Execution timeOut="1800000" id="ea491af6-2413-44c5-b7bb-4b965e0224b3" />
      <TestMethod codeBase="C:/Users/Caje/Desktop/EC Entity Validation Engine demo/ValidationEngineTests/bin/Debug/ValidationEngineTests.DLL" adapterTypeName="Microsoft.VisualStudio.TestTools.TestTypes.Unit.UnitTestAdapter, Microsoft.VisualStudio.QualityTools.Tips.UnitTest.Adapter, Version=10.0.0.0, Culture=neutral, PublicKeyToken=b03f5f7f11d50a3a" className="ValidationEngineTests.Validation.BusinessRules.RegexValidationRuleTest, ValidationEngineTests, Version=1.0.0.0, Culture=neutral, PublicKeyToken=null" name="Validate_property_type_of_string_with_any_value_should_be_valid" />
    </UnitTest>
    <UnitTest name="Validate_with_negative_integer_should_be_invalid" storage="c:\users\caje\desktop\ec entity validation engine demo\validationenginetests\bin\debug\validationenginetests.dll" id="0999911f-b63f-b651-77d2-ac6439ca1f0e">
      <Execution timeOut="1800000" id="8f3c2eac-05e2-4171-8fd4-fc5679e2024d" />
      <TestMethod codeBase="C:/Users/Caje/Desktop/EC Entity Validation Engine demo/ValidationEngineTests/bin/Debug/ValidationEngineTests.DLL" adapterTypeName="Microsoft.VisualStudio.TestTools.TestTypes.Unit.UnitTestAdapter, Microsoft.VisualStudio.QualityTools.Tips.UnitTest.Adapter, Version=10.0.0.0, Culture=neutral, PublicKeyToken=b03f5f7f11d50a3a" className="ValidationEngineTests.BusinessObjects.CustomerEntityTest, ValidationEngineTests, Version=1.0.0.0, Culture=neutral, PublicKeyToken=null" name="Validate_with_negative_integer_should_be_invalid" />
    </UnitTest>
    <UnitTest name="Validate_with_zero_should_be_valid" storage="c:\users\caje\desktop\ec entity validation engine demo\validationenginetests\bin\debug\validationenginetests.dll" id="4ec799e2-1c8e-3017-d90f-30d351e22019">
      <Execution timeOut="1800000" id="2f64d23d-9e6d-4850-8a58-961125a6b938" />
      <TestMethod codeBase="C:/Users/Caje/Desktop/EC Entity Validation Engine demo/ValidationEngineTests/bin/Debug/ValidationEngineTests.DLL" adapterTypeName="Microsoft.VisualStudio.TestTools.TestTypes.Unit.UnitTestAdapter, Microsoft.VisualStudio.QualityTools.Tips.UnitTest.Adapter, Version=10.0.0.0, Culture=neutral, PublicKeyToken=b03f5f7f11d50a3a" className="ValidationEngineTests.BusinessObjects.CustomerEntityTest, ValidationEngineTests, Version=1.0.0.0, Culture=neutral, PublicKeyToken=null" name="Validate_with_zero_should_be_valid" />
    </UnitTest>
  </TestDefinitions>
  <TestLists>
    <TestList name="Results Not in a List" id="8c84fa94-04c1-424b-9868-57a2d4851a1d" />
    <TestList name="All Loaded Results" id="19431567-8539-422a-85d7-44ee4e166bda" />
  </TestLists>
  <TestEntries>
    <TestEntry testId="a1a13cff-fde0-c516-bf6d-c6adc6a5cb6b" executionId="504f6a96-1775-4a19-a38d-03f747c526f7" testListId="8c84fa94-04c1-424b-9868-57a2d4851a1d" />
    <TestEntry testId="2e9453f1-a56e-4022-9115-f9b55d663bb8" executionId="2c4c291e-6e4b-4888-898a-3028b627f8cb" testListId="8c84fa94-04c1-424b-9868-57a2d4851a1d" />
    <TestEntry testId="dc5215bc-e70d-f9e5-a6e2-efba78fa7dca" executionId="d471327f-3b4d-4aa3-977f-e4f5250804c5" testListId="8c84fa94-04c1-424b-9868-57a2d4851a1d" />
    <TestEntry testId="0999911f-b63f-b651-77d2-ac6439ca1f0e" executionId="8f3c2eac-05e2-4171-8fd4-fc5679e2024d" testListId="8c84fa94-04c1-424b-9868-57a2d4851a1d" />
    <TestEntry testId="4ee4bdbf-3fb2-9b9e-9045-b784ad7764ec" executionId="a8fb19d2-8721-460a-9959-ff24b02cf947" testListId="8c84fa94-04c1-424b-9868-57a2d4851a1d" />
    <TestEntry testId="4ec799e2-1c8e-3017-d90f-30d351e22019" executionId="2f64d23d-9e6d-4850-8a58-961125a6b938" testListId="8c84fa94-04c1-424b-9868-57a2d4851a1d" />
    <TestEntry testId="2b1f701b-dcc5-79a3-5f1b-3f8b88617b22" executionId="bee2cda7-9875-47c1-83cf-ad32bf40b78f" testListId="8c84fa94-04c1-424b-9868-57a2d4851a1d" />
    <TestEntry testId="c85756af-d8df-309a-718b-1db3cb2f0957" executionId="10979af2-ce50-4275-891e-a8c8dd55ee3b" testListId="8c84fa94-04c1-424b-9868-57a2d4851a1d" />
    <TestEntry testId="8be068d6-4645-00ea-3854-df9a2dc75d10" executionId="dbaa65e2-7be7-4d19-bd31-428b2e650513" testListId="8c84fa94-04c1-424b-9868-57a2d4851a1d" />
    <TestEntry testId="1b05c7be-991f-7138-4ea7-1bf9c9cd13a5" executionId="d83af760-f905-46ce-b7d4-ba58686da656" testListId="8c84fa94-04c1-424b-9868-57a2d4851a1d" />
    <TestEntry testId="d48827ce-85ae-a1ab-89c8-074dbccd0ab5" executionId="3c9b1162-df65-4181-a2f9-1fd39f31d98a" testListId="8c84fa94-04c1-424b-9868-57a2d4851a1d" />
    <TestEntry testId="428a0973-3a79-a17c-d810-a7d77f163454" executionId="ad58485c-dc91-4e3e-835b-c054d62c03c1" testListId="8c84fa94-04c1-424b-9868-57a2d4851a1d" />
    <TestEntry testId="7771b7ca-1f26-c65b-0242-1406562d444a" executionId="0b8edb63-5180-4a0a-a2d8-fa42ac9e354f" testListId="8c84fa94-04c1-424b-9868-57a2d4851a1d" />
    <TestEntry testId="28338078-4d35-b7ed-4447-2b91687f6a97" executionId="ea491af6-2413-44c5-b7bb-4b965e0224b3" testListId="8c84fa94-04c1-424b-9868-57a2d4851a1d" />
    <TestEntry testId="2a3ed8ce-e9b2-d37a-a29a-ca2b7c0638d6" executionId="9531e653-6276-418e-ba54-9566fbb327f6" testListId="8c84fa94-04c1-424b-9868-57a2d4851a1d" />
    <TestEntry testId="585bace6-6844-f6af-5cfe-21dcab184ffd" executionId="7eaff9a0-a84b-4ebf-8c12-86b188781947" testListId="8c84fa94-04c1-424b-9868-57a2d4851a1d" />
    <TestEntry testId="a3b68e13-b1a2-2ab1-0624-177a6558a465" executionId="7a0f5cd1-670d-4a04-a03a-7bf208b30cdf" testListId="8c84fa94-04c1-424b-9868-57a2d4851a1d" />
    <TestEntry testId="175a2262-5f6b-035b-0689-c77700c4b2af" executionId="97cf75cf-e750-4108-8230-634b94799131" testListId="8c84fa94-04c1-424b-9868-57a2d4851a1d" />
    <TestEntry testId="bf2e6db4-e816-74eb-de61-c5d12281291a" executionId="84abec53-16b9-4fbb-b018-a89a40ff41bc" testListId="8c84fa94-04c1-424b-9868-57a2d4851a1d" />
    <TestEntry testId="abb2acfb-de92-0280-d1cd-8dc4ac1cc3c6" executionId="cbf09e05-1f41-4138-a53e-f10c18bac4e0" testListId="8c84fa94-04c1-424b-9868-57a2d4851a1d" />
    <TestEntry testId="16af2272-5959-6399-6a7e-40f5cd01cff4" executionId="67b3f08e-b24d-4ce6-94ee-1dfcaf1af275" testListId="8c84fa94-04c1-424b-9868-57a2d4851a1d" />
    <TestEntry testId="5ab84a24-a2b8-c1c0-dc44-d63064ed191c" executionId="11d92173-a21d-4c7f-8d51-265ff8da3046" testListId="8c84fa94-04c1-424b-9868-57a2d4851a1d" />
    <TestEntry testId="ca18ef9f-2acd-41f6-d6c0-d19c0f3c53f0" executionId="010f9254-cc57-4fb8-93e8-36b8690cd609" testListId="8c84fa94-04c1-424b-9868-57a2d4851a1d" />
  </TestEntries>
  <Results>
    <UnitTestResult executionId="504f6a96-1775-4a19-a38d-03f747c526f7" testId="a1a13cff-fde0-c516-bf6d-c6adc6a5cb6b" testName="Validate_property_by_name_with_negative_integer_should_be_invalid" computerName="CAJENMINI" duration="00:00:00.0501024" startTime="2010-11-18T19:50:50.6912617+02:00" endTime="2010-11-18T19:50:50.8772723+02:00" testType="13cdc9d9-ddb5-4fa4-a97d-d965ccfc6d4b" outcome="Passed" testListId="8c84fa94-04c1-424b-9868-57a2d4851a1d" relativeResultsDirectory="504f6a96-1775-4a19-a38d-03f747c526f7">
    </UnitTestResult>
    <UnitTestResult executionId="2c4c291e-6e4b-4888-898a-3028b627f8cb" testId="2e9453f1-a56e-4022-9115-f9b55d663bb8" testName="Validate_property_by_name_with_positive_integer_should_be_valid" computerName="CAJENMINI" duration="00:00:00.0066125" startTime="2010-11-18T19:50:50.8832727+02:00" endTime="2010-11-18T19:50:50.9082741+02:00" testType="13cdc9d9-ddb5-4fa4-a97d-d965ccfc6d4b" outcome="Passed" testListId="8c84fa94-04c1-424b-9868-57a2d4851a1d" relativeResultsDirectory="2c4c291e-6e4b-4888-898a-3028b627f8cb">
    </UnitTestResult>
    <UnitTestResult executionId="d471327f-3b4d-4aa3-977f-e4f5250804c5" testId="dc5215bc-e70d-f9e5-a6e2-efba78fa7dca" testName="Validate_property_by_name_with_zero_should_be_valid" computerName="CAJENMINI" duration="00:00:00.0004524" startTime="2010-11-18T19:50:50.9242750+02:00" endTime="2010-11-18T19:50:50.9432761+02:00" testType="13cdc9d9-ddb5-4fa4-a97d-d965ccfc6d4b" outcome="Passed" testListId="8c84fa94-04c1-424b-9868-57a2d4851a1d" relativeResultsDirectory="d471327f-3b4d-4aa3-977f-e4f5250804c5">
    </UnitTestResult>
    <UnitTestResult executionId="8f3c2eac-05e2-4171-8fd4-fc5679e2024d" testId="0999911f-b63f-b651-77d2-ac6439ca1f0e" testName="Validate_with_negative_integer_should_be_invalid" computerName="CAJENMINI" duration="00:00:00.0076390" startTime="2010-11-18T19:50:50.9472763+02:00" endTime="2010-11-18T19:50:50.9572769+02:00" testType="13cdc9d9-ddb5-4fa4-a97d-d965ccfc6d4b" outcome="Passed" testListId="8c84fa94-04c1-424b-9868-57a2d4851a1d" relativeResultsDirectory="8f3c2eac-05e2-4171-8fd4-fc5679e2024d">
    </UnitTestResult>
    <UnitTestResult executionId="a8fb19d2-8721-460a-9959-ff24b02cf947" testId="4ee4bdbf-3fb2-9b9e-9045-b784ad7764ec" testName="Validate_with_positive_integer_should_be_valid" computerName="CAJENMINI" duration="00:00:00.0032454" startTime="2010-11-18T19:50:50.9602771+02:00" endTime="2010-11-18T19:50:50.9652773+02:00" testType="13cdc9d9-ddb5-4fa4-a97d-d965ccfc6d4b" outcome="Passed" testListId="8c84fa94-04c1-424b-9868-57a2d4851a1d" relativeResultsDirectory="a8fb19d2-8721-460a-9959-ff24b02cf947">
    </UnitTestResult>
    <UnitTestResult executionId="2f64d23d-9e6d-4850-8a58-961125a6b938" testId="4ec799e2-1c8e-3017-d90f-30d351e22019" testName="Validate_with_zero_should_be_valid" computerName="CAJENMINI" duration="00:00:00.0003948" startTime="2010-11-18T19:50:50.9682775+02:00" endTime="2010-11-18T19:50:50.9712777+02:00" testType="13cdc9d9-ddb5-4fa4-a97d-d965ccfc6d4b" outcome="Passed" testListId="8c84fa94-04c1-424b-9868-57a2d4851a1d" relativeResultsDirectory="2f64d23d-9e6d-4850-8a58-961125a6b938">
    </UnitTestResult>
    <UnitTestResult executionId="bee2cda7-9875-47c1-83cf-ad32bf40b78f" testId="2b1f701b-dcc5-79a3-5f1b-3f8b88617b22" testName="Validate_Identity_type_of_guid_with_empty_guid_validation_should_be_invalid" computerName="CAJENMINI" duration="00:00:00.0010478" startTime="2010-11-18T19:50:50.9752779+02:00" endTime="2010-11-18T19:50:50.9782781+02:00" testType="13cdc9d9-ddb5-4fa4-a97d-d965ccfc6d4b" outcome="Passed" testListId="8c84fa94-04c1-424b-9868-57a2d4851a1d" relativeResultsDirectory="bee2cda7-9875-47c1-83cf-ad32bf40b78f">
    </UnitTestResult>
    <UnitTestResult executionId="10979af2-ce50-4275-891e-a8c8dd55ee3b" testId="c85756af-d8df-309a-718b-1db3cb2f0957" testName="Validate_Identity_type_of_guid_with_generated_guid_validation_should_be_valid" computerName="CAJENMINI" duration="00:00:00.0014537" startTime="2010-11-18T19:50:50.9822783+02:00" endTime="2010-11-18T19:50:50.9862785+02:00" testType="13cdc9d9-ddb5-4fa4-a97d-d965ccfc6d4b" outcome="Passed" testListId="8c84fa94-04c1-424b-9868-57a2d4851a1d" relativeResultsDirectory="10979af2-ce50-4275-891e-a8c8dd55ee3b">
    </UnitTestResult>
    <UnitTestResult executionId="dbaa65e2-7be7-4d19-bd31-428b2e650513" testId="8be068d6-4645-00ea-3854-df9a2dc75d10" testName="Validate_Identity_type_of_integer_with_0_value_validation_should_be_valid" computerName="CAJENMINI" duration="00:00:00.0020736" startTime="2010-11-18T19:50:50.9912788+02:00" endTime="2010-11-18T19:50:51.0442819+02:00" testType="13cdc9d9-ddb5-4fa4-a97d-d965ccfc6d4b" outcome="Passed" testListId="8c84fa94-04c1-424b-9868-57a2d4851a1d" relativeResultsDirectory="dbaa65e2-7be7-4d19-bd31-428b2e650513">
    </UnitTestResult>
    <UnitTestResult executionId="d83af760-f905-46ce-b7d4-ba58686da656" testId="1b05c7be-991f-7138-4ea7-1bf9c9cd13a5" testName="Validate_Identity_type_of_integer_with_negative_value_validation_should_return_be_invalid" computerName="CAJENMINI" duration="00:00:00.0004256" startTime="2010-11-18T19:50:51.0492821+02:00" endTime="2010-11-18T19:50:51.0682832+02:00" testType="13cdc9d9-ddb5-4fa4-a97d-d965ccfc6d4b" outcome="Passed" testListId="8c84fa94-04c1-424b-9868-57a2d4851a1d" relativeResultsDirectory="d83af760-f905-46ce-b7d4-ba58686da656">
    </UnitTestResult>
    <UnitTestResult executionId="3c9b1162-df65-4181-a2f9-1fd39f31d98a" testId="d48827ce-85ae-a1ab-89c8-074dbccd0ab5" testName="Validate_Identity_type_of_integer_with_postive_value_validation_should_be_valid" computerName="CAJENMINI" duration="00:00:00.0010510" startTime="2010-11-18T19:50:51.0722835+02:00" endTime="2010-11-18T19:50:51.0752836+02:00" testType="13cdc9d9-ddb5-4fa4-a97d-d965ccfc6d4b" outcome="Passed" testListId="8c84fa94-04c1-424b-9868-57a2d4851a1d" relativeResultsDirectory="3c9b1162-df65-4181-a2f9-1fd39f31d98a">
    </UnitTestResult>
    <UnitTestResult executionId="ad58485c-dc91-4e3e-835b-c054d62c03c1" testId="428a0973-3a79-a17c-d810-a7d77f163454" testName="Validate_empty_property_type_of_string_with_any_value_should_be_invalid" computerName="CAJENMINI" duration="00:00:00.0140699" startTime="2010-11-18T19:50:51.0802839+02:00" endTime="2010-11-18T19:50:51.1152859+02:00" testType="13cdc9d9-ddb5-4fa4-a97d-d965ccfc6d4b" outcome="Passed" testListId="8c84fa94-04c1-424b-9868-57a2d4851a1d" relativeResultsDirectory="ad58485c-dc91-4e3e-835b-c054d62c03c1">
    </UnitTestResult>
    <UnitTestResult executionId="0b8edb63-5180-4a0a-a2d8-fa42ac9e354f" testId="7771b7ca-1f26-c65b-0242-1406562d444a" testName="Validate_empty_property_type_of_string_with_empty_expression_should_be_invalid" computerName="CAJENMINI" duration="00:00:00.0189373" startTime="2010-11-18T19:50:51.1652888+02:00" endTime="2010-11-18T19:50:51.1872900+02:00" testType="13cdc9d9-ddb5-4fa4-a97d-d965ccfc6d4b" outcome="Passed" testListId="8c84fa94-04c1-424b-9868-57a2d4851a1d" relativeResultsDirectory="0b8edb63-5180-4a0a-a2d8-fa42ac9e354f">
      <Output>
        <DebugTrace>System.ArgumentException: Expression value is not set. Currently RegexValidationRule does not support empty validation expression.
   at EC.EntityValidationEngine.Validation.BusinessRules.RegexValidationRule.Validate(ValidatableObjectBase businessObject) in C:\Users\Caje\Desktop\EC Entity Validation Engine demo\EC Entity Validation Engine demo\Validation\BusinessRules\RegexValidationRule.cs:line 62
</DebugTrace>
      </Output>
    </UnitTestResult>
    <UnitTestResult executionId="ea491af6-2413-44c5-b7bb-4b965e0224b3" testId="28338078-4d35-b7ed-4447-2b91687f6a97" testName="Validate_property_type_of_string_with_any_value_should_be_valid" computerName="CAJENMINI" duration="00:00:00.0004540" startTime="2010-11-18T19:50:51.1902902+02:00" endTime="2010-11-18T19:50:51.1922903+02:00" testType="13cdc9d9-ddb5-4fa4-a97d-d965ccfc6d4b" outcome="Passed" testListId="8c84fa94-04c1-424b-9868-57a2d4851a1d" relativeResultsDirectory="ea491af6-2413-44c5-b7bb-4b965e0224b3">
    </UnitTestResult>
    <UnitTestResult executionId="9531e653-6276-418e-ba54-9566fbb327f6" testId="2a3ed8ce-e9b2-d37a-a29a-ca2b7c0638d6" testName="Validate_property_type_of_string_with_empty_expression_should_be_invalid" computerName="CAJENMINI" duration="00:00:00.0020396" startTime="2010-11-18T19:50:51.1952905+02:00" endTime="2010-11-18T19:50:51.2002908+02:00" testType="13cdc9d9-ddb5-4fa4-a97d-d965ccfc6d4b" outcome="Passed" testListId="8c84fa94-04c1-424b-9868-57a2d4851a1d" relativeResultsDirectory="9531e653-6276-418e-ba54-9566fbb327f6">
      <Output>
        <DebugTrace>System.ArgumentException: Expression value is not set. Currently RegexValidationRule does not support empty validation expression.
   at EC.EntityValidationEngine.Validation.BusinessRules.RegexValidationRule.Validate(ValidatableObjectBase businessObject) in C:\Users\Caje\Desktop\EC Entity Validation Engine demo\EC Entity Validation Engine demo\Validation\BusinessRules\RegexValidationRule.cs:line 62
</DebugTrace>
      </Output>
    </UnitTestResult>
    <UnitTestResult executionId="7eaff9a0-a84b-4ebf-8c12-86b188781947" testId="585bace6-6844-f6af-5cfe-21dcab184ffd" testName="Get_detailed_error_message_with_custom_message_should_return_defined_custom_message" computerName="CAJENMINI" duration="00:00:00.0051050" startTime="2010-11-18T19:50:51.2062911+02:00" endTime="2010-11-18T19:50:51.2352928+02:00" testType="13cdc9d9-ddb5-4fa4-a97d-d965ccfc6d4b" outcome="Passed" testListId="8c84fa94-04c1-424b-9868-57a2d4851a1d" relativeResultsDirectory="7eaff9a0-a84b-4ebf-8c12-86b188781947">
    </UnitTestResult>
    <UnitTestResult executionId="7a0f5cd1-670d-4a04-a03a-7bf208b30cdf" testId="a3b68e13-b1a2-2ab1-0624-177a6558a465" testName="Get_detailer_error_message_with_default_error_message" computerName="CAJENMINI" duration="00:00:00.0022891" startTime="2010-11-18T19:50:51.2372929+02:00" endTime="2010-11-18T19:50:51.2582941+02:00" testType="13cdc9d9-ddb5-4fa4-a97d-d965ccfc6d4b" outcome="Passed" testListId="8c84fa94-04c1-424b-9868-57a2d4851a1d" relativeResultsDirectory="7a0f5cd1-670d-4a04-a03a-7bf208b30cdf">
    </UnitTestResult>
    <UnitTestResult executionId="97cf75cf-e750-4108-8230-634b94799131" testId="175a2262-5f6b-035b-0689-c77700c4b2af" testName="Add_new_rule_to_entity_and_it_is_attached_to_rule_list" computerName="CAJENMINI" duration="00:00:00.7230488" startTime="2010-11-18T19:50:51.2782952+02:00" endTime="2010-11-18T19:50:52.0023367+02:00" testType="13cdc9d9-ddb5-4fa4-a97d-d965ccfc6d4b" outcome="Passed" testListId="8c84fa94-04c1-424b-9868-57a2d4851a1d" relativeResultsDirectory="97cf75cf-e750-4108-8230-634b94799131">
    </UnitTestResult>
    <UnitTestResult executionId="84abec53-16b9-4fbb-b018-a89a40ff41bc" testId="bf2e6db4-e816-74eb-de61-c5d12281291a" testName="Validate_business_entity_with_mocked_validation_rule_should_be_invalid_and_new_validation_error_should_be_added_to_the_entity" computerName="CAJENMINI" duration="00:00:00.0417084" startTime="2010-11-18T19:50:52.0093371+02:00" endTime="2010-11-18T19:50:52.0523395+02:00" testType="13cdc9d9-ddb5-4fa4-a97d-d965ccfc6d4b" outcome="Passed" testListId="8c84fa94-04c1-424b-9868-57a2d4851a1d" relativeResultsDirectory="84abec53-16b9-4fbb-b018-a89a40ff41bc">
    </UnitTestResult>
    <UnitTestResult executionId="cbf09e05-1f41-4138-a53e-f10c18bac4e0" testId="abb2acfb-de92-0280-d1cd-8dc4ac1cc3c6" testName="Validate_business_entity_with_mocked_validation_rule_should_be_valid" computerName="CAJENMINI" duration="00:00:00.0029161" startTime="2010-11-18T19:50:52.0563397+02:00" endTime="2010-11-18T19:50:52.0603400+02:00" testType="13cdc9d9-ddb5-4fa4-a97d-d965ccfc6d4b" outcome="Passed" testListId="8c84fa94-04c1-424b-9868-57a2d4851a1d" relativeResultsDirectory="cbf09e05-1f41-4138-a53e-f10c18bac4e0">
    </UnitTestResult>
    <UnitTestResult executionId="67b3f08e-b24d-4ce6-94ee-1dfcaf1af275" testId="16af2272-5959-6399-6a7e-40f5cd01cff4" testName="Validate_business_entitys_Id_property_with_mocked_validation_rule_should_be_invalid_and_new_validation_error_should_be_added_to_the_entity" computerName="CAJENMINI" duration="00:00:00.0037642" startTime="2010-11-18T19:50:52.0633401+02:00" endTime="2010-11-18T19:50:52.0743408+02:00" testType="13cdc9d9-ddb5-4fa4-a97d-d965ccfc6d4b" outcome="Passed" testListId="8c84fa94-04c1-424b-9868-57a2d4851a1d" relativeResultsDirectory="67b3f08e-b24d-4ce6-94ee-1dfcaf1af275">
    </UnitTestResult>
    <UnitTestResult executionId="11d92173-a21d-4c7f-8d51-265ff8da3046" testId="5ab84a24-a2b8-c1c0-dc44-d63064ed191c" testName="Validate_business_entitys_ID_property_with_mocked_validation_rule_should_be_valid" computerName="CAJENMINI" duration="00:00:00.0057494" startTime="2010-11-18T19:50:52.0783410+02:00" endTime="2010-11-18T19:50:52.0853414+02:00" testType="13cdc9d9-ddb5-4fa4-a97d-d965ccfc6d4b" outcome="Passed" testListId="8c84fa94-04c1-424b-9868-57a2d4851a1d" relativeResultsDirectory="11d92173-a21d-4c7f-8d51-265ff8da3046">
    </UnitTestResult>
    <UnitTestResult executionId="010f9254-cc57-4fb8-93e8-36b8690cd609" testId="ca18ef9f-2acd-41f6-d6c0-d19c0f3c53f0" testName="Validate_business_entitys_Name_property_without_business_rule_attached_to_it_should_be_valid" computerName="CAJENMINI" duration="00:00:00.0029524" startTime="2010-11-18T19:50:52.0893416+02:00" endTime="2010-11-18T19:50:52.0963420+02:00" testType="13cdc9d9-ddb5-4fa4-a97d-d965ccfc6d4b" outcome="Passed" testListId="8c84fa94-04c1-424b-9868-57a2d4851a1d" relativeResultsDirectory="010f9254-cc57-4fb8-93e8-36b8690cd609">
    </UnitTestResult>
  </Results>
</TestRun>