<?xml version="1.0" encoding="UTF-8"?>
<TestRun id="b9660aaf-bee1-4900-8a93-e5974082bcd3" name="Caje@CAJENMINI 2010-11-18 15:25:04" runUser="CajenMini\Caje" xmlns="http://microsoft.com/schemas/VisualStudio/TeamTest/2010">
  <TestSettings name="Local" id="74c20c05-f50f-4bcf-9ac8-c4ec1b633eca">
    <Description>These are default test settings for a local test run.</Description>
    <Deployment enabled="false" runDeploymentRoot="Caje_CAJENMINI 2010-11-18 15_25_04" />
    <Execution>
      <TestTypeSpecific />
      <AgentRule name="Execution Agents">
      </AgentRule>
    </Execution>
  </TestSettings>
  <Times creation="2010-11-18T15:25:04.3807538+02:00" queuing="2010-11-18T15:25:05.0747934+02:00" start="2010-11-18T15:25:05.7898343+02:00" finish="2010-11-18T15:25:08.4329855+02:00" />
  <ResultSummary outcome="Completed">
    <Counters total="23" executed="23" passed="23" error="0" failed="0" timeout="0" aborted="0" inconclusive="0" passedButRunAborted="0" notRunnable="0" notExecuted="0" disconnected="0" warning="0" completed="0" inProgress="0" pending="0" />
  </ResultSummary>
  <TestDefinitions>
    <UnitTest name="Validate_Identity_type_of_guid_with_generated_guid_validation_should_be_valid" storage="d:\development\excitingcode\ec entity validation engine demo\validationenginetests\bin\debug\validationenginetests.dll" id="c85756af-d8df-309a-718b-1db3cb2f0957">
      <Execution timeOut="1800000" id="4c4264e7-ffce-4128-af4c-15ef9f01d78e" />
      <TestMethod codeBase="D:/Development/ExcitingCode/EC Entity Validation Engine demo/ValidationEngineTests/bin/Debug/ValidationEngineTests.DLL" adapterTypeName="Microsoft.VisualStudio.TestTools.TestTypes.Unit.UnitTestAdapter, Microsoft.VisualStudio.QualityTools.Tips.UnitTest.Adapter, Version=10.0.0.0, Culture=neutral, PublicKeyToken=b03f5f7f11d50a3a" className="ValidationEngineTests.Validation.BusinessRules.IdentityValidationRuleTest, ValidationEngineTests, Version=1.0.0.0, Culture=neutral, PublicKeyToken=null" name="Validate_Identity_type_of_guid_with_generated_guid_validation_should_be_valid" />
    </UnitTest>
    <UnitTest name="Validate_Identity_type_of_guid_with_empty_guid_validation_should_be_invalid" storage="d:\development\excitingcode\ec entity validation engine demo\validationenginetests\bin\debug\validationenginetests.dll" id="2b1f701b-dcc5-79a3-5f1b-3f8b88617b22">
      <Execution timeOut="1800000" id="8883b22e-02c2-430a-8fed-f9adeaf05f5a" />
      <TestMethod codeBase="D:/Development/ExcitingCode/EC Entity Validation Engine demo/ValidationEngineTests/bin/Debug/ValidationEngineTests.DLL" adapterTypeName="Microsoft.VisualStudio.TestTools.TestTypes.Unit.UnitTestAdapter, Microsoft.VisualStudio.QualityTools.Tips.UnitTest.Adapter, Version=10.0.0.0, Culture=neutral, PublicKeyToken=b03f5f7f11d50a3a" className="ValidationEngineTests.Validation.BusinessRules.IdentityValidationRuleTest, ValidationEngineTests, Version=1.0.0.0, Culture=neutral, PublicKeyToken=null" name="Validate_Identity_type_of_guid_with_empty_guid_validation_should_be_invalid" />
    </UnitTest>
    <UnitTest name="Validate_property_by_name_with_positive_integer_should_be_valid" storage="d:\development\excitingcode\ec entity validation engine demo\validationenginetests\bin\debug\validationenginetests.dll" id="2e9453f1-a56e-4022-9115-f9b55d663bb8">
      <Execution timeOut="1800000" id="bbc211d2-16ed-4faf-8747-964045714907" />
      <TestMethod codeBase="D:/Development/ExcitingCode/EC Entity Validation Engine demo/ValidationEngineTests/bin/Debug/ValidationEngineTests.DLL" adapterTypeName="Microsoft.VisualStudio.TestTools.TestTypes.Unit.UnitTestAdapter, Microsoft.VisualStudio.QualityTools.Tips.UnitTest.Adapter, Version=10.0.0.0, Culture=neutral, PublicKeyToken=b03f5f7f11d50a3a" className="ValidationEngineTests.BusinessObjects.CustomerEntityTest, ValidationEngineTests, Version=1.0.0.0, Culture=neutral, PublicKeyToken=null" name="Validate_property_by_name_with_positive_integer_should_be_valid" />
    </UnitTest>
    <UnitTest name="Validate_business_entitys_Name_property_without_business_rule_attached_to_it_should_be_valid" storage="d:\development\excitingcode\ec entity validation engine demo\validationenginetests\bin\debug\validationenginetests.dll" id="ca18ef9f-2acd-41f6-d6c0-d19c0f3c53f0">
      <Execution timeOut="1800000" id="64c83d95-8d51-45f9-98eb-fb807027d017" />
      <TestMethod codeBase="D:/Development/ExcitingCode/EC Entity Validation Engine demo/ValidationEngineTests/bin/Debug/ValidationEngineTests.DLL" adapterTypeName="Microsoft.VisualStudio.TestTools.TestTypes.Unit.UnitTestAdapter, Microsoft.VisualStudio.QualityTools.Tips.UnitTest.Adapter, Version=10.0.0.0, Culture=neutral, PublicKeyToken=b03f5f7f11d50a3a" className="ValidationEngineTests.Validation.ValidableObjectBaseTest, ValidationEngineTests, Version=1.0.0.0, Culture=neutral, PublicKeyToken=null" name="Validate_business_entitys_Name_property_without_business_rule_attached_to_it_should_be_valid" />
    </UnitTest>
    <UnitTest name="Validate_Identity_type_of_integer_with_0_value_validation_should_be_valid" storage="d:\development\excitingcode\ec entity validation engine demo\validationenginetests\bin\debug\validationenginetests.dll" id="8be068d6-4645-00ea-3854-df9a2dc75d10">
      <Execution timeOut="1800000" id="4bfcd84c-75c2-4836-bb7f-28a6d30556a6" />
      <TestMethod codeBase="D:/Development/ExcitingCode/EC Entity Validation Engine demo/ValidationEngineTests/bin/Debug/ValidationEngineTests.DLL" adapterTypeName="Microsoft.VisualStudio.TestTools.TestTypes.Unit.UnitTestAdapter, Microsoft.VisualStudio.QualityTools.Tips.UnitTest.Adapter, Version=10.0.0.0, Culture=neutral, PublicKeyToken=b03f5f7f11d50a3a" className="ValidationEngineTests.Validation.BusinessRules.IdentityValidationRuleTest, ValidationEngineTests, Version=1.0.0.0, Culture=neutral, PublicKeyToken=null" name="Validate_Identity_type_of_integer_with_0_value_validation_should_be_valid" />
    </UnitTest>
    <UnitTest name="Get_detailed_error_message_with_custom_message_should_return_defined_custom_message" storage="d:\development\excitingcode\ec entity validation engine demo\validationenginetests\bin\debug\validationenginetests.dll" id="585bace6-6844-f6af-5cfe-21dcab184ffd">
      <Execution timeOut="1800000" id="a1cd0391-8652-4ae6-8c16-bad5f54aca25" />
      <TestMethod codeBase="D:/Development/ExcitingCode/EC Entity Validation Engine demo/ValidationEngineTests/bin/Debug/ValidationEngineTests.DLL" adapterTypeName="Microsoft.VisualStudio.TestTools.TestTypes.Unit.UnitTestAdapter, Microsoft.VisualStudio.QualityTools.Tips.UnitTest.Adapter, Version=10.0.0.0, Culture=neutral, PublicKeyToken=b03f5f7f11d50a3a" className="ValidationEngineTests.Validation.ErrorObjectTest, ValidationEngineTests, Version=1.0.0.0, Culture=neutral, PublicKeyToken=null" name="Get_detailed_error_message_with_custom_message_should_return_defined_custom_message" />
    </UnitTest>
    <UnitTest name="Validate_property_by_name_with_zero_should_be_valid" storage="d:\development\excitingcode\ec entity validation engine demo\validationenginetests\bin\debug\validationenginetests.dll" id="dc5215bc-e70d-f9e5-a6e2-efba78fa7dca">
      <Execution timeOut="1800000" id="7996cbd1-0e15-4db2-84af-4789d36cd07c" />
      <TestMethod codeBase="D:/Development/ExcitingCode/EC Entity Validation Engine demo/ValidationEngineTests/bin/Debug/ValidationEngineTests.DLL" adapterTypeName="Microsoft.VisualStudio.TestTools.TestTypes.Unit.UnitTestAdapter, Microsoft.VisualStudio.QualityTools.Tips.UnitTest.Adapter, Version=10.0.0.0, Culture=neutral, PublicKeyToken=b03f5f7f11d50a3a" className="ValidationEngineTests.BusinessObjects.CustomerEntityTest, ValidationEngineTests, Version=1.0.0.0, Culture=neutral, PublicKeyToken=null" name="Validate_property_by_name_with_zero_should_be_valid" />
    </UnitTest>
    <UnitTest name="Validate_empty_property_type_of_string_with_any_value_should_be_invalid" storage="d:\development\excitingcode\ec entity validation engine demo\validationenginetests\bin\debug\validationenginetests.dll" id="428a0973-3a79-a17c-d810-a7d77f163454">
      <Execution timeOut="1800000" id="11a5621b-4443-4845-8034-00505c1c9f5c" />
      <TestMethod codeBase="D:/Development/ExcitingCode/EC Entity Validation Engine demo/ValidationEngineTests/bin/Debug/ValidationEngineTests.DLL" adapterTypeName="Microsoft.VisualStudio.TestTools.TestTypes.Unit.UnitTestAdapter, Microsoft.VisualStudio.QualityTools.Tips.UnitTest.Adapter, Version=10.0.0.0, Culture=neutral, PublicKeyToken=b03f5f7f11d50a3a" className="ValidationEngineTests.Validation.BusinessRules.RegexValidationRuleTest, ValidationEngineTests, Version=1.0.0.0, Culture=neutral, PublicKeyToken=null" name="Validate_empty_property_type_of_string_with_any_value_should_be_invalid" />
    </UnitTest>
    <UnitTest name="Validate_business_entitys_ID_property_with_mocked_validation_rule_should_be_valid" storage="d:\development\excitingcode\ec entity validation engine demo\validationenginetests\bin\debug\validationenginetests.dll" id="5ab84a24-a2b8-c1c0-dc44-d63064ed191c">
      <Execution timeOut="1800000" id="ec175937-71e4-4551-8e3c-07d2de849761" />
      <TestMethod codeBase="D:/Development/ExcitingCode/EC Entity Validation Engine demo/ValidationEngineTests/bin/Debug/ValidationEngineTests.DLL" adapterTypeName="Microsoft.VisualStudio.TestTools.TestTypes.Unit.UnitTestAdapter, Microsoft.VisualStudio.QualityTools.Tips.UnitTest.Adapter, Version=10.0.0.0, Culture=neutral, PublicKeyToken=b03f5f7f11d50a3a" className="ValidationEngineTests.Validation.ValidableObjectBaseTest, ValidationEngineTests, Version=1.0.0.0, Culture=neutral, PublicKeyToken=null" name="Validate_business_entitys_ID_property_with_mocked_validation_rule_should_be_valid" />
    </UnitTest>
    <UnitTest name="Get_detailer_error_message_with_default_error_message" storage="d:\development\excitingcode\ec entity validation engine demo\validationenginetests\bin\debug\validationenginetests.dll" id="a3b68e13-b1a2-2ab1-0624-177a6558a465">
      <Execution timeOut="1800000" id="9e830bad-80a7-4334-b34a-f479130d7064" />
      <TestMethod codeBase="D:/Development/ExcitingCode/EC Entity Validation Engine demo/ValidationEngineTests/bin/Debug/ValidationEngineTests.DLL" adapterTypeName="Microsoft.VisualStudio.TestTools.TestTypes.Unit.UnitTestAdapter, Microsoft.VisualStudio.QualityTools.Tips.UnitTest.Adapter, Version=10.0.0.0, Culture=neutral, PublicKeyToken=b03f5f7f11d50a3a" className="ValidationEngineTests.Validation.ErrorObjectTest, ValidationEngineTests, Version=1.0.0.0, Culture=neutral, PublicKeyToken=null" name="Get_detailer_error_message_with_default_error_message" />
    </UnitTest>
    <UnitTest name="Validate_business_entitys_Id_property_with_mocked_validation_rule_should_be_invalid_and_new_validation_error_should_be_added_to_the_entity" storage="d:\development\excitingcode\ec entity validation engine demo\validationenginetests\bin\debug\validationenginetests.dll" id="16af2272-5959-6399-6a7e-40f5cd01cff4">
      <Execution timeOut="1800000" id="3b4761f5-d608-4ad2-a70d-b3bfe5c05bda" />
      <TestMethod codeBase="D:/Development/ExcitingCode/EC Entity Validation Engine demo/ValidationEngineTests/bin/Debug/ValidationEngineTests.DLL" adapterTypeName="Microsoft.VisualStudio.TestTools.TestTypes.Unit.UnitTestAdapter, Microsoft.VisualStudio.QualityTools.Tips.UnitTest.Adapter, Version=10.0.0.0, Culture=neutral, PublicKeyToken=b03f5f7f11d50a3a" className="ValidationEngineTests.Validation.ValidableObjectBaseTest, ValidationEngineTests, Version=1.0.0.0, Culture=neutral, PublicKeyToken=null" name="Validate_business_entitys_Id_property_with_mocked_validation_rule_should_be_invalid_and_new_validation_error_should_be_added_to_the_entity" />
    </UnitTest>
    <UnitTest name="Validate_empty_property_type_of_string_with_empty_expression_should_be_invalid" storage="d:\development\excitingcode\ec entity validation engine demo\validationenginetests\bin\debug\validationenginetests.dll" id="7771b7ca-1f26-c65b-0242-1406562d444a">
      <Execution timeOut="1800000" id="690ea678-17fb-4456-9269-cc9e2049904a" />
      <TestMethod codeBase="D:/Development/ExcitingCode/EC Entity Validation Engine demo/ValidationEngineTests/bin/Debug/ValidationEngineTests.DLL" adapterTypeName="Microsoft.VisualStudio.TestTools.TestTypes.Unit.UnitTestAdapter, Microsoft.VisualStudio.QualityTools.Tips.UnitTest.Adapter, Version=10.0.0.0, Culture=neutral, PublicKeyToken=b03f5f7f11d50a3a" className="ValidationEngineTests.Validation.BusinessRules.RegexValidationRuleTest, ValidationEngineTests, Version=1.0.0.0, Culture=neutral, PublicKeyToken=null" name="Validate_empty_property_type_of_string_with_empty_expression_should_be_invalid" />
    </UnitTest>
    <UnitTest name="Add_new_rule_to_entity_and_it_is_attached_to_rule_list" storage="d:\development\excitingcode\ec entity validation engine demo\validationenginetests\bin\debug\validationenginetests.dll" id="175a2262-5f6b-035b-0689-c77700c4b2af">
      <Execution timeOut="1800000" id="6f80d8ca-b4c3-4f08-99c6-1838cd9b822c" />
      <TestMethod codeBase="D:/Development/ExcitingCode/EC Entity Validation Engine demo/ValidationEngineTests/bin/Debug/ValidationEngineTests.DLL" adapterTypeName="Microsoft.VisualStudio.TestTools.TestTypes.Unit.UnitTestAdapter, Microsoft.VisualStudio.QualityTools.Tips.UnitTest.Adapter, Version=10.0.0.0, Culture=neutral, PublicKeyToken=b03f5f7f11d50a3a" className="ValidationEngineTests.Validation.ValidableObjectBaseTest, ValidationEngineTests, Version=1.0.0.0, Culture=neutral, PublicKeyToken=null" name="Add_new_rule_to_entity_and_it_is_attached_to_rule_list" />
    </UnitTest>
    <UnitTest name="Validate_property_type_of_string_with_empty_expression_should_be_invalid" storage="d:\development\excitingcode\ec entity validation engine demo\validationenginetests\bin\debug\validationenginetests.dll" id="2a3ed8ce-e9b2-d37a-a29a-ca2b7c0638d6">
      <Execution timeOut="1800000" id="337b6d44-431a-494d-847b-2e0dd2a46b18" />
      <TestMethod codeBase="D:/Development/ExcitingCode/EC Entity Validation Engine demo/ValidationEngineTests/bin/Debug/ValidationEngineTests.DLL" adapterTypeName="Microsoft.VisualStudio.TestTools.TestTypes.Unit.UnitTestAdapter, Microsoft.VisualStudio.QualityTools.Tips.UnitTest.Adapter, Version=10.0.0.0, Culture=neutral, PublicKeyToken=b03f5f7f11d50a3a" className="ValidationEngineTests.Validation.BusinessRules.RegexValidationRuleTest, ValidationEngineTests, Version=1.0.0.0, Culture=neutral, PublicKeyToken=null" name="Validate_property_type_of_string_with_empty_expression_should_be_invalid" />
    </UnitTest>
    <UnitTest name="Validate_with_positive_integer_should_be_valid" storage="d:\development\excitingcode\ec entity validation engine demo\validationenginetests\bin\debug\validationenginetests.dll" id="4ee4bdbf-3fb2-9b9e-9045-b784ad7764ec">
      <Execution timeOut="1800000" id="5ad9d626-fea5-43e4-a5b6-d127994a677c" />
      <TestMethod codeBase="D:/Development/ExcitingCode/EC Entity Validation Engine demo/ValidationEngineTests/bin/Debug/ValidationEngineTests.DLL" adapterTypeName="Microsoft.VisualStudio.TestTools.TestTypes.Unit.UnitTestAdapter, Microsoft.VisualStudio.QualityTools.Tips.UnitTest.Adapter, Version=10.0.0.0, Culture=neutral, PublicKeyToken=b03f5f7f11d50a3a" className="ValidationEngineTests.BusinessObjects.CustomerEntityTest, ValidationEngineTests, Version=1.0.0.0, Culture=neutral, PublicKeyToken=null" name="Validate_with_positive_integer_should_be_valid" />
    </UnitTest>
    <UnitTest name="Validate_Identity_type_of_integer_with_negative_value_validation_should_return_be_invalid" storage="d:\development\excitingcode\ec entity validation engine demo\validationenginetests\bin\debug\validationenginetests.dll" id="1b05c7be-991f-7138-4ea7-1bf9c9cd13a5">
      <Execution timeOut="1800000" id="2bd8064e-1727-478e-9e3f-efd1246cdbf6" />
      <TestMethod codeBase="D:/Development/ExcitingCode/EC Entity Validation Engine demo/ValidationEngineTests/bin/Debug/ValidationEngineTests.DLL" adapterTypeName="Microsoft.VisualStudio.TestTools.TestTypes.Unit.UnitTestAdapter, Microsoft.VisualStudio.QualityTools.Tips.UnitTest.Adapter, Version=10.0.0.0, Culture=neutral, PublicKeyToken=b03f5f7f11d50a3a" className="ValidationEngineTests.Validation.BusinessRules.IdentityValidationRuleTest, ValidationEngineTests, Version=1.0.0.0, Culture=neutral, PublicKeyToken=null" name="Validate_Identity_type_of_integer_with_negative_value_validation_should_return_be_invalid" />
    </UnitTest>
    <UnitTest name="Validate_Identity_type_of_integer_with_postive_value_validation_should_be_valid" storage="d:\development\excitingcode\ec entity validation engine demo\validationenginetests\bin\debug\validationenginetests.dll" id="d48827ce-85ae-a1ab-89c8-074dbccd0ab5">
      <Execution timeOut="1800000" id="24390ff8-4d1b-4a1f-b779-6ab007eb931b" />
      <TestMethod codeBase="D:/Development/ExcitingCode/EC Entity Validation Engine demo/ValidationEngineTests/bin/Debug/ValidationEngineTests.DLL" adapterTypeName="Microsoft.VisualStudio.TestTools.TestTypes.Unit.UnitTestAdapter, Microsoft.VisualStudio.QualityTools.Tips.UnitTest.Adapter, Version=10.0.0.0, Culture=neutral, PublicKeyToken=b03f5f7f11d50a3a" className="ValidationEngineTests.Validation.BusinessRules.IdentityValidationRuleTest, ValidationEngineTests, Version=1.0.0.0, Culture=neutral, PublicKeyToken=null" name="Validate_Identity_type_of_integer_with_postive_value_validation_should_be_valid" />
    </UnitTest>
    <UnitTest name="Validate_business_entity_with_mocked_validation_rule_should_be_valid" storage="d:\development\excitingcode\ec entity validation engine demo\validationenginetests\bin\debug\validationenginetests.dll" id="abb2acfb-de92-0280-d1cd-8dc4ac1cc3c6">
      <Execution timeOut="1800000" id="e5f8c36b-da10-49d9-971c-65a50e645b96" />
      <TestMethod codeBase="D:/Development/ExcitingCode/EC Entity Validation Engine demo/ValidationEngineTests/bin/Debug/ValidationEngineTests.DLL" adapterTypeName="Microsoft.VisualStudio.TestTools.TestTypes.Unit.UnitTestAdapter, Microsoft.VisualStudio.QualityTools.Tips.UnitTest.Adapter, Version=10.0.0.0, Culture=neutral, PublicKeyToken=b03f5f7f11d50a3a" className="ValidationEngineTests.Validation.ValidableObjectBaseTest, ValidationEngineTests, Version=1.0.0.0, Culture=neutral, PublicKeyToken=null" name="Validate_business_entity_with_mocked_validation_rule_should_be_valid" />
    </UnitTest>
    <UnitTest name="Validate_business_entity_with_mocked_validation_rule_should_be_invalid_and_new_validation_error_should_be_added_to_the_entity" storage="d:\development\excitingcode\ec entity validation engine demo\validationenginetests\bin\debug\validationenginetests.dll" id="bf2e6db4-e816-74eb-de61-c5d12281291a">
      <Execution timeOut="1800000" id="a7028d91-c02f-4041-ba89-1ac67a952d40" />
      <TestMethod codeBase="D:/Development/ExcitingCode/EC Entity Validation Engine demo/ValidationEngineTests/bin/Debug/ValidationEngineTests.DLL" adapterTypeName="Microsoft.VisualStudio.TestTools.TestTypes.Unit.UnitTestAdapter, Microsoft.VisualStudio.QualityTools.Tips.UnitTest.Adapter, Version=10.0.0.0, Culture=neutral, PublicKeyToken=b03f5f7f11d50a3a" className="ValidationEngineTests.Validation.ValidableObjectBaseTest, ValidationEngineTests, Version=1.0.0.0, Culture=neutral, PublicKeyToken=null" name="Validate_business_entity_with_mocked_validation_rule_should_be_invalid_and_new_validation_error_should_be_added_to_the_entity" />
    </UnitTest>
    <UnitTest name="Validate_property_by_name_with_negative_integer_should_be_invalid" storage="d:\development\excitingcode\ec entity validation engine demo\validationenginetests\bin\debug\validationenginetests.dll" id="a1a13cff-fde0-c516-bf6d-c6adc6a5cb6b">
      <Execution timeOut="1800000" id="1717caaf-af9f-4270-b75d-8bbc26c44d11" />
      <TestMethod codeBase="D:/Development/ExcitingCode/EC Entity Validation Engine demo/ValidationEngineTests/bin/Debug/ValidationEngineTests.DLL" adapterTypeName="Microsoft.VisualStudio.TestTools.TestTypes.Unit.UnitTestAdapter, Microsoft.VisualStudio.QualityTools.Tips.UnitTest.Adapter, Version=10.0.0.0, Culture=neutral, PublicKeyToken=b03f5f7f11d50a3a" className="ValidationEngineTests.BusinessObjects.CustomerEntityTest, ValidationEngineTests, Version=1.0.0.0, Culture=neutral, PublicKeyToken=null" name="Validate_property_by_name_with_negative_integer_should_be_invalid" />
    </UnitTest>
    <UnitTest name="Validate_property_type_of_string_with_any_value_should_be_valid" storage="d:\development\excitingcode\ec entity validation engine demo\validationenginetests\bin\debug\validationenginetests.dll" id="28338078-4d35-b7ed-4447-2b91687f6a97">
      <Execution timeOut="1800000" id="b77c776c-ea90-40a1-8a97-3d3733862ae9" />
      <TestMethod codeBase="D:/Development/ExcitingCode/EC Entity Validation Engine demo/ValidationEngineTests/bin/Debug/ValidationEngineTests.DLL" adapterTypeName="Microsoft.VisualStudio.TestTools.TestTypes.Unit.UnitTestAdapter, Microsoft.VisualStudio.QualityTools.Tips.UnitTest.Adapter, Version=10.0.0.0, Culture=neutral, PublicKeyToken=b03f5f7f11d50a3a" className="ValidationEngineTests.Validation.BusinessRules.RegexValidationRuleTest, ValidationEngineTests, Version=1.0.0.0, Culture=neutral, PublicKeyToken=null" name="Validate_property_type_of_string_with_any_value_should_be_valid" />
    </UnitTest>
    <UnitTest name="Validate_with_negative_integer_should_be_invalid" storage="d:\development\excitingcode\ec entity validation engine demo\validationenginetests\bin\debug\validationenginetests.dll" id="0999911f-b63f-b651-77d2-ac6439ca1f0e">
      <Execution timeOut="1800000" id="64dd1e01-c2c9-45ae-8f01-992f0cc5b919" />
      <TestMethod codeBase="D:/Development/ExcitingCode/EC Entity Validation Engine demo/ValidationEngineTests/bin/Debug/ValidationEngineTests.DLL" adapterTypeName="Microsoft.VisualStudio.TestTools.TestTypes.Unit.UnitTestAdapter, Microsoft.VisualStudio.QualityTools.Tips.UnitTest.Adapter, Version=10.0.0.0, Culture=neutral, PublicKeyToken=b03f5f7f11d50a3a" className="ValidationEngineTests.BusinessObjects.CustomerEntityTest, ValidationEngineTests, Version=1.0.0.0, Culture=neutral, PublicKeyToken=null" name="Validate_with_negative_integer_should_be_invalid" />
    </UnitTest>
    <UnitTest name="Validate_with_zero_should_be_valid" storage="d:\development\excitingcode\ec entity validation engine demo\validationenginetests\bin\debug\validationenginetests.dll" id="4ec799e2-1c8e-3017-d90f-30d351e22019">
      <Execution timeOut="1800000" id="187fdf10-cbe5-4602-9802-7842357c99b1" />
      <TestMethod codeBase="D:/Development/ExcitingCode/EC Entity Validation Engine demo/ValidationEngineTests/bin/Debug/ValidationEngineTests.DLL" adapterTypeName="Microsoft.VisualStudio.TestTools.TestTypes.Unit.UnitTestAdapter, Microsoft.VisualStudio.QualityTools.Tips.UnitTest.Adapter, Version=10.0.0.0, Culture=neutral, PublicKeyToken=b03f5f7f11d50a3a" className="ValidationEngineTests.BusinessObjects.CustomerEntityTest, ValidationEngineTests, Version=1.0.0.0, Culture=neutral, PublicKeyToken=null" name="Validate_with_zero_should_be_valid" />
    </UnitTest>
  </TestDefinitions>
  <TestLists>
    <TestList name="Results Not in a List" id="8c84fa94-04c1-424b-9868-57a2d4851a1d" />
    <TestList name="All Loaded Results" id="19431567-8539-422a-85d7-44ee4e166bda" />
  </TestLists>
  <TestEntries>
    <TestEntry testId="a1a13cff-fde0-c516-bf6d-c6adc6a5cb6b" executionId="1717caaf-af9f-4270-b75d-8bbc26c44d11" testListId="8c84fa94-04c1-424b-9868-57a2d4851a1d" />
    <TestEntry testId="2e9453f1-a56e-4022-9115-f9b55d663bb8" executionId="bbc211d2-16ed-4faf-8747-964045714907" testListId="8c84fa94-04c1-424b-9868-57a2d4851a1d" />
    <TestEntry testId="dc5215bc-e70d-f9e5-a6e2-efba78fa7dca" executionId="7996cbd1-0e15-4db2-84af-4789d36cd07c" testListId="8c84fa94-04c1-424b-9868-57a2d4851a1d" />
    <TestEntry testId="0999911f-b63f-b651-77d2-ac6439ca1f0e" executionId="64dd1e01-c2c9-45ae-8f01-992f0cc5b919" testListId="8c84fa94-04c1-424b-9868-57a2d4851a1d" />
    <TestEntry testId="4ee4bdbf-3fb2-9b9e-9045-b784ad7764ec" executionId="5ad9d626-fea5-43e4-a5b6-d127994a677c" testListId="8c84fa94-04c1-424b-9868-57a2d4851a1d" />
    <TestEntry testId="4ec799e2-1c8e-3017-d90f-30d351e22019" executionId="187fdf10-cbe5-4602-9802-7842357c99b1" testListId="8c84fa94-04c1-424b-9868-57a2d4851a1d" />
    <TestEntry testId="2b1f701b-dcc5-79a3-5f1b-3f8b88617b22" executionId="8883b22e-02c2-430a-8fed-f9adeaf05f5a" testListId="8c84fa94-04c1-424b-9868-57a2d4851a1d" />
    <TestEntry testId="c85756af-d8df-309a-718b-1db3cb2f0957" executionId="4c4264e7-ffce-4128-af4c-15ef9f01d78e" testListId="8c84fa94-04c1-424b-9868-57a2d4851a1d" />
    <TestEntry testId="8be068d6-4645-00ea-3854-df9a2dc75d10" executionId="4bfcd84c-75c2-4836-bb7f-28a6d30556a6" testListId="8c84fa94-04c1-424b-9868-57a2d4851a1d" />
    <TestEntry testId="1b05c7be-991f-7138-4ea7-1bf9c9cd13a5" executionId="2bd8064e-1727-478e-9e3f-efd1246cdbf6" testListId="8c84fa94-04c1-424b-9868-57a2d4851a1d" />
    <TestEntry testId="d48827ce-85ae-a1ab-89c8-074dbccd0ab5" executionId="24390ff8-4d1b-4a1f-b779-6ab007eb931b" testListId="8c84fa94-04c1-424b-9868-57a2d4851a1d" />
    <TestEntry testId="428a0973-3a79-a17c-d810-a7d77f163454" executionId="11a5621b-4443-4845-8034-00505c1c9f5c" testListId="8c84fa94-04c1-424b-9868-57a2d4851a1d" />
    <TestEntry testId="7771b7ca-1f26-c65b-0242-1406562d444a" executionId="690ea678-17fb-4456-9269-cc9e2049904a" testListId="8c84fa94-04c1-424b-9868-57a2d4851a1d" />
    <TestEntry testId="28338078-4d35-b7ed-4447-2b91687f6a97" executionId="b77c776c-ea90-40a1-8a97-3d3733862ae9" testListId="8c84fa94-04c1-424b-9868-57a2d4851a1d" />
    <TestEntry testId="2a3ed8ce-e9b2-d37a-a29a-ca2b7c0638d6" executionId="337b6d44-431a-494d-847b-2e0dd2a46b18" testListId="8c84fa94-04c1-424b-9868-57a2d4851a1d" />
    <TestEntry testId="585bace6-6844-f6af-5cfe-21dcab184ffd" executionId="a1cd0391-8652-4ae6-8c16-bad5f54aca25" testListId="8c84fa94-04c1-424b-9868-57a2d4851a1d" />
    <TestEntry testId="a3b68e13-b1a2-2ab1-0624-177a6558a465" executionId="9e830bad-80a7-4334-b34a-f479130d7064" testListId="8c84fa94-04c1-424b-9868-57a2d4851a1d" />
    <TestEntry testId="175a2262-5f6b-035b-0689-c77700c4b2af" executionId="6f80d8ca-b4c3-4f08-99c6-1838cd9b822c" testListId="8c84fa94-04c1-424b-9868-57a2d4851a1d" />
    <TestEntry testId="bf2e6db4-e816-74eb-de61-c5d12281291a" executionId="a7028d91-c02f-4041-ba89-1ac67a952d40" testListId="8c84fa94-04c1-424b-9868-57a2d4851a1d" />
    <TestEntry testId="abb2acfb-de92-0280-d1cd-8dc4ac1cc3c6" executionId="e5f8c36b-da10-49d9-971c-65a50e645b96" testListId="8c84fa94-04c1-424b-9868-57a2d4851a1d" />
    <TestEntry testId="16af2272-5959-6399-6a7e-40f5cd01cff4" executionId="3b4761f5-d608-4ad2-a70d-b3bfe5c05bda" testListId="8c84fa94-04c1-424b-9868-57a2d4851a1d" />
    <TestEntry testId="5ab84a24-a2b8-c1c0-dc44-d63064ed191c" executionId="ec175937-71e4-4551-8e3c-07d2de849761" testListId="8c84fa94-04c1-424b-9868-57a2d4851a1d" />
    <TestEntry testId="ca18ef9f-2acd-41f6-d6c0-d19c0f3c53f0" executionId="64c83d95-8d51-45f9-98eb-fb807027d017" testListId="8c84fa94-04c1-424b-9868-57a2d4851a1d" />
  </TestEntries>
  <Results>
    <UnitTestResult executionId="1717caaf-af9f-4270-b75d-8bbc26c44d11" testId="a1a13cff-fde0-c516-bf6d-c6adc6a5cb6b" testName="Validate_property_by_name_with_negative_integer_should_be_invalid" computerName="CAJENMINI" duration="00:00:00.0505730" startTime="2010-11-18T15:25:06.3648672+02:00" endTime="2010-11-18T15:25:06.5738792+02:00" testType="13cdc9d9-ddb5-4fa4-a97d-d965ccfc6d4b" outcome="Passed" testListId="8c84fa94-04c1-424b-9868-57a2d4851a1d" relativeResultsDirectory="1717caaf-af9f-4270-b75d-8bbc26c44d11">
    </UnitTestResult>
    <UnitTestResult executionId="bbc211d2-16ed-4faf-8747-964045714907" testId="2e9453f1-a56e-4022-9115-f9b55d663bb8" testName="Validate_property_by_name_with_positive_integer_should_be_valid" computerName="CAJENMINI" duration="00:00:00.0272294" startTime="2010-11-18T15:25:06.5788795+02:00" endTime="2010-11-18T15:25:06.6258822+02:00" testType="13cdc9d9-ddb5-4fa4-a97d-d965ccfc6d4b" outcome="Passed" testListId="8c84fa94-04c1-424b-9868-57a2d4851a1d" relativeResultsDirectory="bbc211d2-16ed-4faf-8747-964045714907">
    </UnitTestResult>
    <UnitTestResult executionId="7996cbd1-0e15-4db2-84af-4789d36cd07c" testId="dc5215bc-e70d-f9e5-a6e2-efba78fa7dca" testName="Validate_property_by_name_with_zero_should_be_valid" computerName="CAJENMINI" duration="00:00:00.0003892" startTime="2010-11-18T15:25:06.6488835+02:00" endTime="2010-11-18T15:25:06.6608842+02:00" testType="13cdc9d9-ddb5-4fa4-a97d-d965ccfc6d4b" outcome="Passed" testListId="8c84fa94-04c1-424b-9868-57a2d4851a1d" relativeResultsDirectory="7996cbd1-0e15-4db2-84af-4789d36cd07c">
    </UnitTestResult>
    <UnitTestResult executionId="64dd1e01-c2c9-45ae-8f01-992f0cc5b919" testId="0999911f-b63f-b651-77d2-ac6439ca1f0e" testName="Validate_with_negative_integer_should_be_invalid" computerName="CAJENMINI" duration="00:00:00.0521199" startTime="2010-11-18T15:25:06.6838855+02:00" endTime="2010-11-18T15:25:06.7598898+02:00" testType="13cdc9d9-ddb5-4fa4-a97d-d965ccfc6d4b" outcome="Passed" testListId="8c84fa94-04c1-424b-9868-57a2d4851a1d" relativeResultsDirectory="64dd1e01-c2c9-45ae-8f01-992f0cc5b919">
    </UnitTestResult>
    <UnitTestResult executionId="5ad9d626-fea5-43e4-a5b6-d127994a677c" testId="4ee4bdbf-3fb2-9b9e-9045-b784ad7764ec" testName="Validate_with_positive_integer_should_be_valid" computerName="CAJENMINI" duration="00:00:00.0026042" startTime="2010-11-18T15:25:06.7658902+02:00" endTime="2010-11-18T15:25:06.7808910+02:00" testType="13cdc9d9-ddb5-4fa4-a97d-d965ccfc6d4b" outcome="Passed" testListId="8c84fa94-04c1-424b-9868-57a2d4851a1d" relativeResultsDirectory="5ad9d626-fea5-43e4-a5b6-d127994a677c">
    </UnitTestResult>
    <UnitTestResult executionId="187fdf10-cbe5-4602-9802-7842357c99b1" testId="4ec799e2-1c8e-3017-d90f-30d351e22019" testName="Validate_with_zero_should_be_valid" computerName="CAJENMINI" duration="00:00:00.0004035" startTime="2010-11-18T15:25:06.7858913+02:00" endTime="2010-11-18T15:25:06.7878914+02:00" testType="13cdc9d9-ddb5-4fa4-a97d-d965ccfc6d4b" outcome="Passed" testListId="8c84fa94-04c1-424b-9868-57a2d4851a1d" relativeResultsDirectory="187fdf10-cbe5-4602-9802-7842357c99b1">
    </UnitTestResult>
    <UnitTestResult executionId="8883b22e-02c2-430a-8fed-f9adeaf05f5a" testId="2b1f701b-dcc5-79a3-5f1b-3f8b88617b22" testName="Validate_Identity_type_of_guid_with_empty_guid_validation_should_be_invalid" computerName="CAJENMINI" duration="00:00:00.0012002" startTime="2010-11-18T15:25:06.7918917+02:00" endTime="2010-11-18T15:25:06.7948918+02:00" testType="13cdc9d9-ddb5-4fa4-a97d-d965ccfc6d4b" outcome="Passed" testListId="8c84fa94-04c1-424b-9868-57a2d4851a1d" relativeResultsDirectory="8883b22e-02c2-430a-8fed-f9adeaf05f5a">
    </UnitTestResult>
    <UnitTestResult executionId="4c4264e7-ffce-4128-af4c-15ef9f01d78e" testId="c85756af-d8df-309a-718b-1db3cb2f0957" testName="Validate_Identity_type_of_guid_with_generated_guid_validation_should_be_valid" computerName="CAJENMINI" duration="00:00:00.0004753" startTime="2010-11-18T15:25:06.7958919+02:00" endTime="2010-11-18T15:25:06.7978920+02:00" testType="13cdc9d9-ddb5-4fa4-a97d-d965ccfc6d4b" outcome="Passed" testListId="8c84fa94-04c1-424b-9868-57a2d4851a1d" relativeResultsDirectory="4c4264e7-ffce-4128-af4c-15ef9f01d78e">
    </UnitTestResult>
    <UnitTestResult executionId="4bfcd84c-75c2-4836-bb7f-28a6d30556a6" testId="8be068d6-4645-00ea-3854-df9a2dc75d10" testName="Validate_Identity_type_of_integer_with_0_value_validation_should_be_valid" computerName="CAJENMINI" duration="00:00:00.0006901" startTime="2010-11-18T15:25:06.7988921+02:00" endTime="2010-11-18T15:25:06.8008922+02:00" testType="13cdc9d9-ddb5-4fa4-a97d-d965ccfc6d4b" outcome="Passed" testListId="8c84fa94-04c1-424b-9868-57a2d4851a1d" relativeResultsDirectory="4bfcd84c-75c2-4836-bb7f-28a6d30556a6">
    </UnitTestResult>
    <UnitTestResult executionId="2bd8064e-1727-478e-9e3f-efd1246cdbf6" testId="1b05c7be-991f-7138-4ea7-1bf9c9cd13a5" testName="Validate_Identity_type_of_integer_with_negative_value_validation_should_return_be_invalid" computerName="CAJENMINI" duration="00:00:00.0004193" startTime="2010-11-18T15:25:06.8018922+02:00" endTime="2010-11-18T15:25:06.8038923+02:00" testType="13cdc9d9-ddb5-4fa4-a97d-d965ccfc6d4b" outcome="Passed" testListId="8c84fa94-04c1-424b-9868-57a2d4851a1d" relativeResultsDirectory="2bd8064e-1727-478e-9e3f-efd1246cdbf6">
    </UnitTestResult>
    <UnitTestResult executionId="24390ff8-4d1b-4a1f-b779-6ab007eb931b" testId="d48827ce-85ae-a1ab-89c8-074dbccd0ab5" testName="Validate_Identity_type_of_integer_with_postive_value_validation_should_be_valid" computerName="CAJENMINI" duration="00:00:00.0004050" startTime="2010-11-18T15:25:06.8058925+02:00" endTime="2010-11-18T15:25:06.8068925+02:00" testType="13cdc9d9-ddb5-4fa4-a97d-d965ccfc6d4b" outcome="Passed" testListId="8c84fa94-04c1-424b-9868-57a2d4851a1d" relativeResultsDirectory="24390ff8-4d1b-4a1f-b779-6ab007eb931b">
    </UnitTestResult>
    <UnitTestResult executionId="11a5621b-4443-4845-8034-00505c1c9f5c" testId="428a0973-3a79-a17c-d810-a7d77f163454" testName="Validate_empty_property_type_of_string_with_any_value_should_be_invalid" computerName="CAJENMINI" duration="00:00:00.0013771" startTime="2010-11-18T15:25:06.8088926+02:00" endTime="2010-11-18T15:25:06.8108927+02:00" testType="13cdc9d9-ddb5-4fa4-a97d-d965ccfc6d4b" outcome="Passed" testListId="8c84fa94-04c1-424b-9868-57a2d4851a1d" relativeResultsDirectory="11a5621b-4443-4845-8034-00505c1c9f5c">
    </UnitTestResult>
    <UnitTestResult executionId="690ea678-17fb-4456-9269-cc9e2049904a" testId="7771b7ca-1f26-c65b-0242-1406562d444a" testName="Validate_empty_property_type_of_string_with_empty_expression_should_be_invalid" computerName="CAJENMINI" duration="00:00:00.0734002" startTime="2010-11-18T15:25:06.8128929+02:00" endTime="2010-11-18T15:25:06.8868971+02:00" testType="13cdc9d9-ddb5-4fa4-a97d-d965ccfc6d4b" outcome="Passed" testListId="8c84fa94-04c1-424b-9868-57a2d4851a1d" relativeResultsDirectory="690ea678-17fb-4456-9269-cc9e2049904a">
      <Output>
        <DebugTrace>System.ArgumentException: Expression value is not set. Currently RegexValidationRule does not support empty validation expression.
   at EC.EntityValidationEngine.Validation.BusinessRules.RegexValidationRule.Validate(ValidatableObjectBase businessObject) in D:\Development\ExcitingCode\EC Entity Validation Engine demo\EC Entity Validation Engine demo\Validation\BusinessRules\RegexValidationRule.cs:line 63
</DebugTrace>
      </Output>
    </UnitTestResult>
    <UnitTestResult executionId="b77c776c-ea90-40a1-8a97-3d3733862ae9" testId="28338078-4d35-b7ed-4447-2b91687f6a97" testName="Validate_property_type_of_string_with_any_value_should_be_valid" computerName="CAJENMINI" duration="00:00:00.0018138" startTime="2010-11-18T15:25:06.8908973+02:00" endTime="2010-11-18T15:25:06.9158988+02:00" testType="13cdc9d9-ddb5-4fa4-a97d-d965ccfc6d4b" outcome="Passed" testListId="8c84fa94-04c1-424b-9868-57a2d4851a1d" relativeResultsDirectory="b77c776c-ea90-40a1-8a97-3d3733862ae9">
    </UnitTestResult>
    <UnitTestResult executionId="337b6d44-431a-494d-847b-2e0dd2a46b18" testId="2a3ed8ce-e9b2-d37a-a29a-ca2b7c0638d6" testName="Validate_property_type_of_string_with_empty_expression_should_be_invalid" computerName="CAJENMINI" duration="00:00:00.0095594" startTime="2010-11-18T15:25:06.9218991+02:00" endTime="2010-11-18T15:25:06.9379000+02:00" testType="13cdc9d9-ddb5-4fa4-a97d-d965ccfc6d4b" outcome="Passed" testListId="8c84fa94-04c1-424b-9868-57a2d4851a1d" relativeResultsDirectory="337b6d44-431a-494d-847b-2e0dd2a46b18">
      <Output>
        <DebugTrace>System.ArgumentException: Expression value is not set. Currently RegexValidationRule does not support empty validation expression.
   at EC.EntityValidationEngine.Validation.BusinessRules.RegexValidationRule.Validate(ValidatableObjectBase businessObject) in D:\Development\ExcitingCode\EC Entity Validation Engine demo\EC Entity Validation Engine demo\Validation\BusinessRules\RegexValidationRule.cs:line 63
</DebugTrace>
      </Output>
    </UnitTestResult>
    <UnitTestResult executionId="a1cd0391-8652-4ae6-8c16-bad5f54aca25" testId="585bace6-6844-f6af-5cfe-21dcab184ffd" testName="Get_detailed_error_message_with_custom_message_should_return_defined_custom_message" computerName="CAJENMINI" duration="00:00:00.0043320" startTime="2010-11-18T15:25:06.9399001+02:00" endTime="2010-11-18T15:25:06.9689018+02:00" testType="13cdc9d9-ddb5-4fa4-a97d-d965ccfc6d4b" outcome="Passed" testListId="8c84fa94-04c1-424b-9868-57a2d4851a1d" relativeResultsDirectory="a1cd0391-8652-4ae6-8c16-bad5f54aca25">
    </UnitTestResult>
    <UnitTestResult executionId="9e830bad-80a7-4334-b34a-f479130d7064" testId="a3b68e13-b1a2-2ab1-0624-177a6558a465" testName="Get_detailer_error_message_with_default_error_message" computerName="CAJENMINI" duration="00:00:00.0075687" startTime="2010-11-18T15:25:06.9779023+02:00" endTime="2010-11-18T15:25:07.0109042+02:00" testType="13cdc9d9-ddb5-4fa4-a97d-d965ccfc6d4b" outcome="Passed" testListId="8c84fa94-04c1-424b-9868-57a2d4851a1d" relativeResultsDirectory="9e830bad-80a7-4334-b34a-f479130d7064">
    </UnitTestResult>
    <UnitTestResult executionId="6f80d8ca-b4c3-4f08-99c6-1838cd9b822c" testId="175a2262-5f6b-035b-0689-c77700c4b2af" testName="Add_new_rule_to_entity_and_it_is_attached_to_rule_list" computerName="CAJENMINI" duration="00:00:01.0575788" startTime="2010-11-18T15:25:07.0139044+02:00" endTime="2010-11-18T15:25:08.0989664+02:00" testType="13cdc9d9-ddb5-4fa4-a97d-d965ccfc6d4b" outcome="Passed" testListId="8c84fa94-04c1-424b-9868-57a2d4851a1d" relativeResultsDirectory="6f80d8ca-b4c3-4f08-99c6-1838cd9b822c">
    </UnitTestResult>
    <UnitTestResult executionId="a7028d91-c02f-4041-ba89-1ac67a952d40" testId="bf2e6db4-e816-74eb-de61-c5d12281291a" testName="Validate_business_entity_with_mocked_validation_rule_should_be_invalid_and_new_validation_error_should_be_added_to_the_entity" computerName="CAJENMINI" duration="00:00:00.0279298" startTime="2010-11-18T15:25:08.1009665+02:00" endTime="2010-11-18T15:25:08.1309683+02:00" testType="13cdc9d9-ddb5-4fa4-a97d-d965ccfc6d4b" outcome="Passed" testListId="8c84fa94-04c1-424b-9868-57a2d4851a1d" relativeResultsDirectory="a7028d91-c02f-4041-ba89-1ac67a952d40">
    </UnitTestResult>
    <UnitTestResult executionId="e5f8c36b-da10-49d9-971c-65a50e645b96" testId="abb2acfb-de92-0280-d1cd-8dc4ac1cc3c6" testName="Validate_business_entity_with_mocked_validation_rule_should_be_valid" computerName="CAJENMINI" duration="00:00:00.0051003" startTime="2010-11-18T15:25:08.1409688+02:00" endTime="2010-11-18T15:25:08.1479692+02:00" testType="13cdc9d9-ddb5-4fa4-a97d-d965ccfc6d4b" outcome="Passed" testListId="8c84fa94-04c1-424b-9868-57a2d4851a1d" relativeResultsDirectory="e5f8c36b-da10-49d9-971c-65a50e645b96">
    </UnitTestResult>
    <UnitTestResult executionId="3b4761f5-d608-4ad2-a70d-b3bfe5c05bda" testId="16af2272-5959-6399-6a7e-40f5cd01cff4" testName="Validate_business_entitys_Id_property_with_mocked_validation_rule_should_be_invalid_and_new_validation_error_should_be_added_to_the_entity" computerName="CAJENMINI" duration="00:00:00.0045949" startTime="2010-11-18T15:25:08.1499693+02:00" endTime="2010-11-18T15:25:08.1579698+02:00" testType="13cdc9d9-ddb5-4fa4-a97d-d965ccfc6d4b" outcome="Passed" testListId="8c84fa94-04c1-424b-9868-57a2d4851a1d" relativeResultsDirectory="3b4761f5-d608-4ad2-a70d-b3bfe5c05bda">
    </UnitTestResult>
    <UnitTestResult executionId="ec175937-71e4-4551-8e3c-07d2de849761" testId="5ab84a24-a2b8-c1c0-dc44-d63064ed191c" testName="Validate_business_entitys_ID_property_with_mocked_validation_rule_should_be_valid" computerName="CAJENMINI" duration="00:00:00.0054548" startTime="2010-11-18T15:25:08.1609700+02:00" endTime="2010-11-18T15:25:08.2009723+02:00" testType="13cdc9d9-ddb5-4fa4-a97d-d965ccfc6d4b" outcome="Passed" testListId="8c84fa94-04c1-424b-9868-57a2d4851a1d" relativeResultsDirectory="ec175937-71e4-4551-8e3c-07d2de849761">
    </UnitTestResult>
    <UnitTestResult executionId="64c83d95-8d51-45f9-98eb-fb807027d017" testId="ca18ef9f-2acd-41f6-d6c0-d19c0f3c53f0" testName="Validate_business_entitys_Name_property_without_business_rule_attached_to_it_should_be_valid" computerName="CAJENMINI" duration="00:00:00.0015327" startTime="2010-11-18T15:25:08.2209734+02:00" endTime="2010-11-18T15:25:08.2349742+02:00" testType="13cdc9d9-ddb5-4fa4-a97d-d965ccfc6d4b" outcome="Passed" testListId="8c84fa94-04c1-424b-9868-57a2d4851a1d" relativeResultsDirectory="64c83d95-8d51-45f9-98eb-fb807027d017">
    </UnitTestResult>
  </Results>
</TestRun>